{"/mnt/e/BudgetBuckets/app/account.js": {"path":"/mnt/e/BudgetBuckets/app/account.js","statementMap":{"0":{"start":{"line":15,"column":23},"end":{"line":15,"column":27}},"1":{"start":{"line":17,"column":28},"end":{"line":17,"column":32}},"2":{"start":{"line":17,"column":44},"end":{"line":17,"column":48}},"3":{"start":{"line":18,"column":16},"end":{"line":18,"column":21}},"4":{"start":{"line":26,"column":2},"end":{"line":26,"column":22}},"5":{"start":{"line":27,"column":2},"end":{"line":27,"column":18}},"6":{"start":{"line":30,"column":2},"end":{"line":30,"column":23}},"7":{"start":{"line":33,"column":2},"end":{"line":33,"column":50}},"8":{"start":{"line":36,"column":2},"end":{"line":36,"column":24}},"9":{"start":{"line":43,"column":22},"end":{"line":43,"column":60}},"10":{"start":{"line":44,"column":2},"end":{"line":46,"column":3}},"11":{"start":{"line":45,"column":4},"end":{"line":45,"column":31}},"12":{"start":{"line":53,"column":22},"end":{"line":53,"column":60}},"13":{"start":{"line":54,"column":2},"end":{"line":56,"column":3}},"14":{"start":{"line":55,"column":4},"end":{"line":55,"column":30}},"15":{"start":{"line":64,"column":2},"end":{"line":64,"column":21}},"16":{"start":{"line":66,"column":2},"end":{"line":69,"column":3}},"17":{"start":{"line":67,"column":4},"end":{"line":67,"column":23}},"18":{"start":{"line":68,"column":4},"end":{"line":68,"column":11}},"19":{"start":{"line":71,"column":2},"end":{"line":89,"column":3}},"20":{"start":{"line":73,"column":24},"end":{"line":73,"column":52}},"21":{"start":{"line":74,"column":23},"end":{"line":74,"column":49}},"22":{"start":{"line":75,"column":24},"end":{"line":75,"column":48}},"23":{"start":{"line":77,"column":4},"end":{"line":77,"column":61}},"24":{"start":{"line":80,"column":4},"end":{"line":80,"column":25}},"25":{"start":{"line":81,"column":4},"end":{"line":81,"column":53}},"26":{"start":{"line":82,"column":4},"end":{"line":82,"column":62}},"27":{"start":{"line":83,"column":4},"end":{"line":83,"column":34}},"28":{"start":{"line":84,"column":4},"end":{"line":84,"column":40}},"29":{"start":{"line":87,"column":4},"end":{"line":87,"column":56}},"30":{"start":{"line":88,"column":4},"end":{"line":88,"column":54}},"31":{"start":{"line":96,"column":23},"end":{"line":96,"column":62}},"32":{"start":{"line":97,"column":25},"end":{"line":97,"column":66}},"33":{"start":{"line":98,"column":27},"end":{"line":98,"column":70}},"34":{"start":{"line":100,"column":2},"end":{"line":100,"column":60}},"35":{"start":{"line":100,"column":20},"end":{"line":100,"column":60}},"36":{"start":{"line":101,"column":2},"end":{"line":101,"column":61}},"37":{"start":{"line":101,"column":22},"end":{"line":101,"column":61}},"38":{"start":{"line":102,"column":2},"end":{"line":102,"column":55}},"39":{"start":{"line":102,"column":24},"end":{"line":102,"column":55}},"40":{"start":{"line":109,"column":23},"end":{"line":109,"column":62}},"41":{"start":{"line":110,"column":25},"end":{"line":110,"column":66}},"42":{"start":{"line":111,"column":27},"end":{"line":111,"column":70}},"43":{"start":{"line":113,"column":2},"end":{"line":113,"column":57}},"44":{"start":{"line":113,"column":20},"end":{"line":113,"column":57}},"45":{"start":{"line":114,"column":2},"end":{"line":114,"column":64}},"46":{"start":{"line":114,"column":22},"end":{"line":114,"column":64}},"47":{"start":{"line":115,"column":2},"end":{"line":115,"column":56}},"48":{"start":{"line":115,"column":24},"end":{"line":115,"column":56}},"49":{"start":{"line":125,"column":17},"end":{"line":125,"column":57}},"50":{"start":{"line":126,"column":22},"end":{"line":126,"column":58}},"51":{"start":{"line":127,"column":19},"end":{"line":132,"column":16}},"52":{"start":{"line":129,"column":14},"end":{"line":129,"column":18}},"53":{"start":{"line":133,"column":2},"end":{"line":133,"column":44}},"54":{"start":{"line":133,"column":14},"end":{"line":133,"column":44}},"55":{"start":{"line":136,"column":22},"end":{"line":136,"column":60}},"56":{"start":{"line":137,"column":2},"end":{"line":139,"column":3}},"57":{"start":{"line":138,"column":4},"end":{"line":138,"column":86}},"58":{"start":{"line":142,"column":23},"end":{"line":142,"column":62}},"59":{"start":{"line":143,"column":2},"end":{"line":143,"column":64}},"60":{"start":{"line":143,"column":20},"end":{"line":143,"column":64}},"61":{"start":{"line":146,"column":24},"end":{"line":146,"column":64}},"62":{"start":{"line":147,"column":20},"end":{"line":147,"column":68}},"63":{"start":{"line":148,"column":2},"end":{"line":156,"column":3}},"64":{"start":{"line":149,"column":4},"end":{"line":155,"column":5}},"65":{"start":{"line":150,"column":6},"end":{"line":150,"column":47}},"66":{"start":{"line":151,"column":6},"end":{"line":151,"column":30}},"67":{"start":{"line":153,"column":6},"end":{"line":153,"column":44}},"68":{"start":{"line":154,"column":6},"end":{"line":154,"column":31}},"69":{"start":{"line":159,"column":20},"end":{"line":159,"column":56}},"70":{"start":{"line":160,"column":15},"end":{"line":160,"column":87}},"71":{"start":{"line":161,"column":2},"end":{"line":164,"column":3}},"72":{"start":{"line":162,"column":4},"end":{"line":162,"column":62}},"73":{"start":{"line":163,"column":4},"end":{"line":163,"column":89}},"74":{"start":{"line":174,"column":15},"end":{"line":174,"column":89}},"75":{"start":{"line":175,"column":26},"end":{"line":175,"column":68}},"76":{"start":{"line":176,"column":26},"end":{"line":176,"column":68}},"77":{"start":{"line":177,"column":24},"end":{"line":177,"column":64}},"78":{"start":{"line":178,"column":25},"end":{"line":178,"column":66}},"79":{"start":{"line":180,"column":2},"end":{"line":203,"column":3}},"80":{"start":{"line":182,"column":4},"end":{"line":182,"column":65}},"81":{"start":{"line":182,"column":25},"end":{"line":182,"column":65}},"82":{"start":{"line":183,"column":4},"end":{"line":183,"column":68}},"83":{"start":{"line":183,"column":25},"end":{"line":183,"column":68}},"84":{"start":{"line":185,"column":4},"end":{"line":191,"column":5}},"85":{"start":{"line":186,"column":21},"end":{"line":186,"column":59}},"86":{"start":{"line":187,"column":6},"end":{"line":190,"column":8}},"87":{"start":{"line":194,"column":4},"end":{"line":194,"column":68}},"88":{"start":{"line":194,"column":25},"end":{"line":194,"column":68}},"89":{"start":{"line":195,"column":4},"end":{"line":195,"column":65}},"90":{"start":{"line":195,"column":25},"end":{"line":195,"column":65}},"91":{"start":{"line":197,"column":4},"end":{"line":202,"column":5}},"92":{"start":{"line":198,"column":6},"end":{"line":201,"column":8}},"93":{"start":{"line":206,"column":2},"end":{"line":212,"column":3}},"94":{"start":{"line":207,"column":29},"end":{"line":207,"column":69}},"95":{"start":{"line":208,"column":4},"end":{"line":211,"column":6}},"96":{"start":{"line":220,"column":30},"end":{"line":220,"column":86}},"97":{"start":{"line":220,"column":58},"end":{"line":220,"column":85}},"98":{"start":{"line":221,"column":28},"end":{"line":221,"column":86}},"99":{"start":{"line":221,"column":56},"end":{"line":221,"column":85}},"100":{"start":{"line":224,"column":27},"end":{"line":224,"column":70}},"101":{"start":{"line":225,"column":28},"end":{"line":225,"column":72}},"102":{"start":{"line":227,"column":2},"end":{"line":233,"column":3}},"103":{"start":{"line":228,"column":4},"end":{"line":228,"column":70}},"104":{"start":{"line":228,"column":26},"end":{"line":228,"column":70}},"105":{"start":{"line":229,"column":4},"end":{"line":229,"column":69}},"106":{"start":{"line":229,"column":27},"end":{"line":229,"column":69}},"107":{"start":{"line":230,"column":9},"end":{"line":233,"column":3}},"108":{"start":{"line":231,"column":4},"end":{"line":231,"column":67}},"109":{"start":{"line":231,"column":26},"end":{"line":231,"column":67}},"110":{"start":{"line":232,"column":4},"end":{"line":232,"column":72}},"111":{"start":{"line":232,"column":27},"end":{"line":232,"column":72}},"112":{"start":{"line":236,"column":32},"end":{"line":236,"column":80}},"113":{"start":{"line":237,"column":29},"end":{"line":237,"column":74}},"114":{"start":{"line":239,"column":2},"end":{"line":245,"column":3}},"115":{"start":{"line":240,"column":4},"end":{"line":240,"column":80}},"116":{"start":{"line":240,"column":31},"end":{"line":240,"column":80}},"117":{"start":{"line":241,"column":4},"end":{"line":241,"column":71}},"118":{"start":{"line":241,"column":28},"end":{"line":241,"column":71}},"119":{"start":{"line":243,"column":4},"end":{"line":243,"column":77}},"120":{"start":{"line":243,"column":31},"end":{"line":243,"column":77}},"121":{"start":{"line":244,"column":4},"end":{"line":244,"column":74}},"122":{"start":{"line":244,"column":28},"end":{"line":244,"column":74}},"123":{"start":{"line":253,"column":29},"end":{"line":253,"column":69}},"124":{"start":{"line":254,"column":2},"end":{"line":256,"column":3}},"125":{"start":{"line":255,"column":4},"end":{"line":255,"column":53}},"126":{"start":{"line":263,"column":2},"end":{"line":273,"column":3}},"127":{"start":{"line":264,"column":21},"end":{"line":264,"column":55}},"128":{"start":{"line":265,"column":4},"end":{"line":270,"column":5}},"129":{"start":{"line":266,"column":21},"end":{"line":266,"column":42}},"130":{"start":{"line":267,"column":6},"end":{"line":267,"column":40}},"131":{"start":{"line":269,"column":6},"end":{"line":269,"column":54}},"132":{"start":{"line":272,"column":4},"end":{"line":272,"column":59}},"133":{"start":{"line":281,"column":27},"end":{"line":281,"column":70}},"134":{"start":{"line":282,"column":2},"end":{"line":284,"column":3}},"135":{"start":{"line":283,"column":4},"end":{"line":283,"column":68}},"136":{"start":{"line":287,"column":32},"end":{"line":287,"column":80}},"137":{"start":{"line":288,"column":2},"end":{"line":290,"column":3}},"138":{"start":{"line":289,"column":4},"end":{"line":289,"column":78}},"139":{"start":{"line":293,"column":21},"end":{"line":293,"column":58}},"140":{"start":{"line":294,"column":27},"end":{"line":294,"column":70}},"141":{"start":{"line":295,"column":28},"end":{"line":295,"column":72}},"142":{"start":{"line":296,"column":24},"end":{"line":296,"column":64}},"143":{"start":{"line":298,"column":2},"end":{"line":298,"column":70}},"144":{"start":{"line":298,"column":18},"end":{"line":298,"column":70}},"145":{"start":{"line":299,"column":2},"end":{"line":299,"column":88}},"146":{"start":{"line":299,"column":24},"end":{"line":299,"column":88}},"147":{"start":{"line":300,"column":2},"end":{"line":300,"column":90}},"148":{"start":{"line":300,"column":25},"end":{"line":300,"column":90}},"149":{"start":{"line":301,"column":2},"end":{"line":301,"column":82}},"150":{"start":{"line":301,"column":21},"end":{"line":301,"column":82}},"151":{"start":{"line":304,"column":25},"end":{"line":304,"column":66}},"152":{"start":{"line":305,"column":28},"end":{"line":305,"column":72}},"153":{"start":{"line":307,"column":2},"end":{"line":307,"column":82}},"154":{"start":{"line":307,"column":22},"end":{"line":307,"column":82}},"155":{"start":{"line":308,"column":2},"end":{"line":308,"column":91}},"156":{"start":{"line":308,"column":25},"end":{"line":308,"column":91}},"157":{"start":{"line":311,"column":29},"end":{"line":311,"column":74}},"158":{"start":{"line":312,"column":2},"end":{"line":314,"column":3}},"159":{"start":{"line":313,"column":4},"end":{"line":313,"column":72}},"160":{"start":{"line":317,"column":25},"end":{"line":317,"column":66}},"161":{"start":{"line":318,"column":2},"end":{"line":320,"column":3}},"162":{"start":{"line":319,"column":4},"end":{"line":319,"column":66}},"163":{"start":{"line":319,"column":51},"end":{"line":319,"column":64}},"164":{"start":{"line":327,"column":2},"end":{"line":327,"column":40}},"165":{"start":{"line":327,"column":33},"end":{"line":327,"column":40}},"166":{"start":{"line":329,"column":2},"end":{"line":332,"column":3}},"167":{"start":{"line":330,"column":4},"end":{"line":330,"column":78}},"168":{"start":{"line":331,"column":4},"end":{"line":331,"column":11}},"169":{"start":{"line":334,"column":21},"end":{"line":334,"column":58}},"170":{"start":{"line":335,"column":2},"end":{"line":338,"column":3}},"171":{"start":{"line":336,"column":4},"end":{"line":336,"column":31}},"172":{"start":{"line":337,"column":4},"end":{"line":337,"column":80}},"173":{"start":{"line":340,"column":2},"end":{"line":376,"column":3}},"174":{"start":{"line":341,"column":20},"end":{"line":341,"column":49}},"175":{"start":{"line":343,"column":21},"end":{"line":354,"column":6}},"176":{"start":{"line":356,"column":4},"end":{"line":358,"column":5}},"177":{"start":{"line":357,"column":6},"end":{"line":357,"column":59}},"178":{"start":{"line":360,"column":17},"end":{"line":360,"column":38}},"179":{"start":{"line":362,"column":4},"end":{"line":366,"column":5}},"180":{"start":{"line":363,"column":6},"end":{"line":363,"column":32}},"181":{"start":{"line":365,"column":6},"end":{"line":365,"column":50}},"182":{"start":{"line":369,"column":4},"end":{"line":369,"column":43}},"183":{"start":{"line":370,"column":4},"end":{"line":370,"column":71}},"184":{"start":{"line":372,"column":4},"end":{"line":375,"column":5}},"185":{"start":{"line":373,"column":6},"end":{"line":373,"column":34}},"186":{"start":{"line":374,"column":6},"end":{"line":374,"column":60}},"187":{"start":{"line":383,"column":2},"end":{"line":383,"column":40}},"188":{"start":{"line":383,"column":33},"end":{"line":383,"column":40}},"189":{"start":{"line":385,"column":18},"end":{"line":389,"column":19}},"190":{"start":{"line":392,"column":2},"end":{"line":395,"column":5}},"191":{"start":{"line":393,"column":4},"end":{"line":393,"column":24}},"192":{"start":{"line":394,"column":4},"end":{"line":394,"column":70}},"193":{"start":{"line":397,"column":2},"end":{"line":429,"column":3}},"194":{"start":{"line":398,"column":20},"end":{"line":398,"column":49}},"195":{"start":{"line":400,"column":21},"end":{"line":406,"column":6}},"196":{"start":{"line":408,"column":4},"end":{"line":410,"column":5}},"197":{"start":{"line":409,"column":6},"end":{"line":409,"column":57}},"198":{"start":{"line":412,"column":17},"end":{"line":412,"column":38}},"199":{"start":{"line":414,"column":4},"end":{"line":418,"column":5}},"200":{"start":{"line":415,"column":6},"end":{"line":415,"column":32}},"201":{"start":{"line":417,"column":6},"end":{"line":417,"column":48}},"202":{"start":{"line":421,"column":4},"end":{"line":421,"column":50}},"203":{"start":{"line":422,"column":4},"end":{"line":422,"column":77}},"204":{"start":{"line":425,"column":4},"end":{"line":428,"column":7}},"205":{"start":{"line":426,"column":6},"end":{"line":426,"column":27}},"206":{"start":{"line":427,"column":6},"end":{"line":427,"column":41}},"207":{"start":{"line":436,"column":2},"end":{"line":436,"column":40}},"208":{"start":{"line":436,"column":33},"end":{"line":436,"column":40}},"209":{"start":{"line":438,"column":20},"end":{"line":438,"column":68}},"210":{"start":{"line":439,"column":2},"end":{"line":442,"column":3}},"211":{"start":{"line":440,"column":4},"end":{"line":440,"column":30}},"212":{"start":{"line":441,"column":4},"end":{"line":441,"column":41}},"213":{"start":{"line":444,"column":2},"end":{"line":456,"column":3}},"214":{"start":{"line":445,"column":4},"end":{"line":445,"column":45}},"215":{"start":{"line":446,"column":4},"end":{"line":446,"column":65}},"216":{"start":{"line":449,"column":4},"end":{"line":449,"column":55}},"217":{"start":{"line":450,"column":4},"end":{"line":450,"column":60}},"218":{"start":{"line":452,"column":4},"end":{"line":455,"column":5}},"219":{"start":{"line":453,"column":6},"end":{"line":453,"column":33}},"220":{"start":{"line":454,"column":6},"end":{"line":454,"column":52}},"221":{"start":{"line":463,"column":2},"end":{"line":463,"column":40}},"222":{"start":{"line":463,"column":33},"end":{"line":463,"column":40}},"223":{"start":{"line":465,"column":24},"end":{"line":465,"column":59}},"224":{"start":{"line":466,"column":31},"end":{"line":466,"column":78}},"225":{"start":{"line":467,"column":25},"end":{"line":467,"column":66}},"226":{"start":{"line":469,"column":2},"end":{"line":469,"column":48}},"227":{"start":{"line":469,"column":41},"end":{"line":469,"column":48}},"228":{"start":{"line":471,"column":19},"end":{"line":471,"column":45}},"229":{"start":{"line":472,"column":2},"end":{"line":475,"column":3}},"230":{"start":{"line":473,"column":4},"end":{"line":473,"column":59}},"231":{"start":{"line":474,"column":4},"end":{"line":474,"column":11}},"232":{"start":{"line":477,"column":2},"end":{"line":480,"column":3}},"233":{"start":{"line":478,"column":4},"end":{"line":478,"column":73}},"234":{"start":{"line":479,"column":4},"end":{"line":479,"column":11}},"235":{"start":{"line":482,"column":2},"end":{"line":482,"column":33}},"236":{"start":{"line":483,"column":2},"end":{"line":483,"column":80}},"237":{"start":{"line":485,"column":2},"end":{"line":534,"column":3}},"238":{"start":{"line":487,"column":32},"end":{"line":487,"column":95}},"239":{"start":{"line":487,"column":67},"end":{"line":487,"column":94}},"240":{"start":{"line":488,"column":30},"end":{"line":488,"column":95}},"241":{"start":{"line":488,"column":65},"end":{"line":488,"column":94}},"242":{"start":{"line":490,"column":4},"end":{"line":503,"column":5}},"243":{"start":{"line":491,"column":30},"end":{"line":491,"column":57}},"244":{"start":{"line":492,"column":6},"end":{"line":495,"column":7}},"245":{"start":{"line":493,"column":8},"end":{"line":493,"column":65}},"246":{"start":{"line":494,"column":8},"end":{"line":494,"column":15}},"247":{"start":{"line":497,"column":25},"end":{"line":497,"column":89}},"248":{"start":{"line":498,"column":6},"end":{"line":498,"column":66}},"249":{"start":{"line":500,"column":11},"end":{"line":503,"column":5}},"250":{"start":{"line":501,"column":23},"end":{"line":501,"column":47}},"251":{"start":{"line":502,"column":6},"end":{"line":502,"column":59}},"252":{"start":{"line":506,"column":4},"end":{"line":506,"column":45}},"253":{"start":{"line":509,"column":4},"end":{"line":509,"column":45}},"254":{"start":{"line":511,"column":4},"end":{"line":511,"column":89}},"255":{"start":{"line":514,"column":4},"end":{"line":514,"column":29}},"256":{"start":{"line":515,"column":4},"end":{"line":515,"column":62}},"257":{"start":{"line":515,"column":30},"end":{"line":515,"column":62}},"258":{"start":{"line":518,"column":4},"end":{"line":518,"column":48}},"259":{"start":{"line":520,"column":23},"end":{"line":520,"column":47}},"260":{"start":{"line":521,"column":4},"end":{"line":527,"column":5}},"261":{"start":{"line":522,"column":6},"end":{"line":522,"column":48}},"262":{"start":{"line":523,"column":11},"end":{"line":527,"column":5}},"263":{"start":{"line":524,"column":6},"end":{"line":524,"column":55}},"264":{"start":{"line":525,"column":11},"end":{"line":527,"column":5}},"265":{"start":{"line":526,"column":6},"end":{"line":526,"column":72}},"266":{"start":{"line":529,"column":4},"end":{"line":529,"column":37}},"267":{"start":{"line":532,"column":4},"end":{"line":532,"column":36}},"268":{"start":{"line":533,"column":4},"end":{"line":533,"column":48}},"269":{"start":{"line":541,"column":2},"end":{"line":541,"column":40}},"270":{"start":{"line":541,"column":33},"end":{"line":541,"column":40}},"271":{"start":{"line":543,"column":31},"end":{"line":543,"column":73}},"272":{"start":{"line":544,"column":27},"end":{"line":544,"column":65}},"273":{"start":{"line":545,"column":31},"end":{"line":545,"column":73}},"274":{"start":{"line":546,"column":28},"end":{"line":546,"column":72}},"275":{"start":{"line":548,"column":2},"end":{"line":550,"column":3}},"276":{"start":{"line":549,"column":4},"end":{"line":549,"column":11}},"277":{"start":{"line":552,"column":26},"end":{"line":552,"column":52}},"278":{"start":{"line":553,"column":22},"end":{"line":553,"column":44}},"279":{"start":{"line":554,"column":26},"end":{"line":554,"column":52}},"280":{"start":{"line":557,"column":2},"end":{"line":560,"column":3}},"281":{"start":{"line":558,"column":4},"end":{"line":558,"column":61}},"282":{"start":{"line":559,"column":4},"end":{"line":559,"column":11}},"283":{"start":{"line":562,"column":2},"end":{"line":565,"column":3}},"284":{"start":{"line":563,"column":4},"end":{"line":563,"column":54}},"285":{"start":{"line":564,"column":4},"end":{"line":564,"column":11}},"286":{"start":{"line":567,"column":2},"end":{"line":570,"column":3}},"287":{"start":{"line":568,"column":4},"end":{"line":568,"column":53}},"288":{"start":{"line":569,"column":4},"end":{"line":569,"column":11}},"289":{"start":{"line":572,"column":2},"end":{"line":575,"column":3}},"290":{"start":{"line":573,"column":4},"end":{"line":573,"column":74}},"291":{"start":{"line":574,"column":4},"end":{"line":574,"column":11}},"292":{"start":{"line":577,"column":2},"end":{"line":577,"column":36}},"293":{"start":{"line":578,"column":2},"end":{"line":578,"column":83}},"294":{"start":{"line":580,"column":2},"end":{"line":612,"column":3}},"295":{"start":{"line":582,"column":23},"end":{"line":582,"column":87}},"296":{"start":{"line":583,"column":4},"end":{"line":583,"column":64}},"297":{"start":{"line":586,"column":4},"end":{"line":586,"column":51}},"298":{"start":{"line":588,"column":4},"end":{"line":588,"column":58}},"299":{"start":{"line":591,"column":4},"end":{"line":591,"column":36}},"300":{"start":{"line":592,"column":4},"end":{"line":592,"column":32}},"301":{"start":{"line":593,"column":4},"end":{"line":593,"column":36}},"302":{"start":{"line":596,"column":4},"end":{"line":596,"column":51}},"303":{"start":{"line":598,"column":23},"end":{"line":598,"column":50}},"304":{"start":{"line":599,"column":4},"end":{"line":605,"column":5}},"305":{"start":{"line":600,"column":6},"end":{"line":600,"column":48}},"306":{"start":{"line":601,"column":11},"end":{"line":605,"column":5}},"307":{"start":{"line":602,"column":6},"end":{"line":602,"column":48}},"308":{"start":{"line":603,"column":11},"end":{"line":605,"column":5}},"309":{"start":{"line":604,"column":6},"end":{"line":604,"column":72}},"310":{"start":{"line":607,"column":4},"end":{"line":607,"column":37}},"311":{"start":{"line":610,"column":4},"end":{"line":610,"column":39}},"312":{"start":{"line":611,"column":4},"end":{"line":611,"column":54}},"313":{"start":{"line":619,"column":2},"end":{"line":619,"column":40}},"314":{"start":{"line":619,"column":33},"end":{"line":619,"column":40}},"315":{"start":{"line":621,"column":29},"end":{"line":621,"column":69}},"316":{"start":{"line":622,"column":18},"end":{"line":622,"column":63}},"317":{"start":{"line":624,"column":2},"end":{"line":624,"column":46}},"318":{"start":{"line":624,"column":39},"end":{"line":624,"column":46}},"319":{"start":{"line":626,"column":24},"end":{"line":626,"column":55}},"320":{"start":{"line":628,"column":2},"end":{"line":628,"column":26}},"321":{"start":{"line":629,"column":2},"end":{"line":629,"column":71}},"322":{"start":{"line":631,"column":2},"end":{"line":650,"column":3}},"323":{"start":{"line":633,"column":23},"end":{"line":633,"column":56}},"324":{"start":{"line":634,"column":4},"end":{"line":634,"column":65}},"325":{"start":{"line":636,"column":4},"end":{"line":636,"column":59}},"326":{"start":{"line":639,"column":4},"end":{"line":641,"column":5}},"327":{"start":{"line":640,"column":6},"end":{"line":640,"column":44}},"328":{"start":{"line":644,"column":4},"end":{"line":644,"column":52}},"329":{"start":{"line":645,"column":4},"end":{"line":645,"column":53}},"330":{"start":{"line":648,"column":4},"end":{"line":648,"column":29}},"331":{"start":{"line":649,"column":4},"end":{"line":649,"column":45}},"332":{"start":{"line":659,"column":20},"end":{"line":659,"column":61}},"333":{"start":{"line":660,"column":2},"end":{"line":660,"column":25}},"334":{"start":{"line":660,"column":18},"end":{"line":660,"column":25}},"335":{"start":{"line":662,"column":16},"end":{"line":662,"column":45}},"336":{"start":{"line":663,"column":2},"end":{"line":663,"column":42}},"337":{"start":{"line":664,"column":2},"end":{"line":664,"column":30}},"338":{"start":{"line":666,"column":2},"end":{"line":666,"column":31}},"339":{"start":{"line":669,"column":2},"end":{"line":671,"column":10}},"340":{"start":{"line":670,"column":4},"end":{"line":670,"column":32}},"341":{"start":{"line":674,"column":2},"end":{"line":681,"column":11}},"342":{"start":{"line":675,"column":4},"end":{"line":675,"column":35}},"343":{"start":{"line":676,"column":4},"end":{"line":680,"column":12}},"344":{"start":{"line":677,"column":6},"end":{"line":679,"column":7}},"345":{"start":{"line":678,"column":8},"end":{"line":678,"column":37}},"346":{"start":{"line":690,"column":2},"end":{"line":690,"column":62}},"347":{"start":{"line":690,"column":44},"end":{"line":690,"column":62}},"348":{"start":{"line":691,"column":2},"end":{"line":691,"column":68}},"349":{"start":{"line":695,"column":0},"end":{"line":702,"column":3}},"350":{"start":{"line":696,"column":2},"end":{"line":701,"column":3}},"351":{"start":{"line":697,"column":24},"end":{"line":697,"column":62}},"352":{"start":{"line":698,"column":4},"end":{"line":700,"column":5}},"353":{"start":{"line":699,"column":6},"end":{"line":699,"column":24}}},"fnMap":{"0":{"name":"mountAccountView","decl":{"start":{"line":25,"column":16},"end":{"line":25,"column":32}},"loc":{"start":{"line":25,"column":81},"end":{"line":37,"column":1}},"line":25},"1":{"name":"showAccountView","decl":{"start":{"line":42,"column":16},"end":{"line":42,"column":31}},"loc":{"start":{"line":42,"column":34},"end":{"line":47,"column":1}},"line":42},"2":{"name":"hideAccountView","decl":{"start":{"line":52,"column":16},"end":{"line":52,"column":31}},"loc":{"start":{"line":52,"column":34},"end":{"line":57,"column":1}},"line":52},"3":{"name":"handleAuthStateChange","decl":{"start":{"line":63,"column":15},"end":{"line":63,"column":36}},"loc":{"start":{"line":63,"column":43},"end":{"line":90,"column":1}},"line":63},"4":{"name":"showSignInPrompt","decl":{"start":{"line":95,"column":9},"end":{"line":95,"column":25}},"loc":{"start":{"line":95,"column":28},"end":{"line":103,"column":1}},"line":95},"5":{"name":"showAccountContent","decl":{"start":{"line":108,"column":9},"end":{"line":108,"column":27}},"loc":{"start":{"line":108,"column":30},"end":{"line":116,"column":1}},"line":108},"6":{"name":"populateProfileSection","decl":{"start":{"line":123,"column":9},"end":{"line":123,"column":31}},"loc":{"start":{"line":123,"column":46},"end":{"line":165,"column":1}},"line":123},"7":{"name":"(anonymous_7)","decl":{"start":{"line":129,"column":9},"end":{"line":129,"column":10}},"loc":{"start":{"line":129,"column":14},"end":{"line":129,"column":18}},"line":129},"8":{"name":"populateBillingSection","decl":{"start":{"line":173,"column":9},"end":{"line":173,"column":31}},"loc":{"start":{"line":173,"column":55},"end":{"line":213,"column":1}},"line":173},"9":{"name":"populateSecuritySection","decl":{"start":{"line":219,"column":9},"end":{"line":219,"column":32}},"loc":{"start":{"line":219,"column":39},"end":{"line":246,"column":1}},"line":219},"10":{"name":"(anonymous_10)","decl":{"start":{"line":220,"column":53},"end":{"line":220,"column":54}},"loc":{"start":{"line":220,"column":58},"end":{"line":220,"column":85}},"line":220},"11":{"name":"(anonymous_11)","decl":{"start":{"line":221,"column":51},"end":{"line":221,"column":52}},"loc":{"start":{"line":221,"column":56},"end":{"line":221,"column":85}},"line":221},"12":{"name":"populatePreferencesSection","decl":{"start":{"line":252,"column":9},"end":{"line":252,"column":35}},"loc":{"start":{"line":252,"column":45},"end":{"line":257,"column":1}},"line":252},"13":{"name":"fetchBillingConfig","decl":{"start":{"line":262,"column":15},"end":{"line":262,"column":33}},"loc":{"start":{"line":262,"column":36},"end":{"line":274,"column":1}},"line":262},"14":{"name":"setupEventListeners","decl":{"start":{"line":279,"column":9},"end":{"line":279,"column":28}},"loc":{"start":{"line":279,"column":31},"end":{"line":321,"column":1}},"line":279},"15":{"name":"(anonymous_15)","decl":{"start":{"line":319,"column":45},"end":{"line":319,"column":46}},"loc":{"start":{"line":319,"column":51},"end":{"line":319,"column":64}},"line":319},"16":{"name":"handleUpgrade","decl":{"start":{"line":326,"column":15},"end":{"line":326,"column":28}},"loc":{"start":{"line":326,"column":31},"end":{"line":377,"column":1}},"line":326},"17":{"name":"handleManageBilling","decl":{"start":{"line":382,"column":15},"end":{"line":382,"column":34}},"loc":{"start":{"line":382,"column":37},"end":{"line":430,"column":1}},"line":382},"18":{"name":"(anonymous_18)","decl":{"start":{"line":392,"column":18},"end":{"line":392,"column":19}},"loc":{"start":{"line":392,"column":25},"end":{"line":395,"column":3}},"line":392},"19":{"name":"(anonymous_19)","decl":{"start":{"line":425,"column":20},"end":{"line":425,"column":21}},"loc":{"start":{"line":425,"column":27},"end":{"line":428,"column":5}},"line":425},"20":{"name":"handleResendVerification","decl":{"start":{"line":435,"column":15},"end":{"line":435,"column":39}},"loc":{"start":{"line":435,"column":42},"end":{"line":457,"column":1}},"line":435},"21":{"name":"handleChangeEmail","decl":{"start":{"line":462,"column":15},"end":{"line":462,"column":32}},"loc":{"start":{"line":462,"column":35},"end":{"line":535,"column":1}},"line":462},"22":{"name":"(anonymous_22)","decl":{"start":{"line":487,"column":62},"end":{"line":487,"column":63}},"loc":{"start":{"line":487,"column":67},"end":{"line":487,"column":94}},"line":487},"23":{"name":"(anonymous_23)","decl":{"start":{"line":488,"column":60},"end":{"line":488,"column":61}},"loc":{"start":{"line":488,"column":65},"end":{"line":488,"column":94}},"line":488},"24":{"name":"handleChangePassword","decl":{"start":{"line":540,"column":15},"end":{"line":540,"column":35}},"loc":{"start":{"line":540,"column":38},"end":{"line":613,"column":1}},"line":540},"25":{"name":"handleSavePreferences","decl":{"start":{"line":618,"column":15},"end":{"line":618,"column":36}},"loc":{"start":{"line":618,"column":39},"end":{"line":651,"column":1}},"line":618},"26":{"name":"showToast","decl":{"start":{"line":658,"column":9},"end":{"line":658,"column":18}},"loc":{"start":{"line":658,"column":46},"end":{"line":682,"column":1}},"line":658},"27":{"name":"(anonymous_27)","decl":{"start":{"line":669,"column":13},"end":{"line":669,"column":14}},"loc":{"start":{"line":669,"column":19},"end":{"line":671,"column":3}},"line":669},"28":{"name":"(anonymous_28)","decl":{"start":{"line":674,"column":13},"end":{"line":674,"column":14}},"loc":{"start":{"line":674,"column":19},"end":{"line":681,"column":3}},"line":674},"29":{"name":"(anonymous_29)","decl":{"start":{"line":676,"column":15},"end":{"line":676,"column":16}},"loc":{"start":{"line":676,"column":21},"end":{"line":680,"column":5}},"line":676},"30":{"name":"maskCustomerId","decl":{"start":{"line":689,"column":9},"end":{"line":689,"column":23}},"loc":{"start":{"line":689,"column":36},"end":{"line":692,"column":1}},"line":689},"31":{"name":"(anonymous_31)","decl":{"start":{"line":695,"column":37},"end":{"line":695,"column":38}},"loc":{"start":{"line":695,"column":44},"end":{"line":702,"column":1}},"line":695}},"branchMap":{"0":{"loc":{"start":{"line":44,"column":2},"end":{"line":46,"column":3}},"type":"if","locations":[{"start":{"line":44,"column":2},"end":{"line":46,"column":3}},{"start":{},"end":{}}],"line":44},"1":{"loc":{"start":{"line":54,"column":2},"end":{"line":56,"column":3}},"type":"if","locations":[{"start":{"line":54,"column":2},"end":{"line":56,"column":3}},{"start":{},"end":{}}],"line":54},"2":{"loc":{"start":{"line":66,"column":2},"end":{"line":69,"column":3}},"type":"if","locations":[{"start":{"line":66,"column":2},"end":{"line":69,"column":3}},{"start":{},"end":{}}],"line":66},"3":{"loc":{"start":{"line":77,"column":14},"end":{"line":77,"column":60}},"type":"cond-expr","locations":[{"start":{"line":77,"column":37},"end":{"line":77,"column":55}},{"start":{"line":77,"column":58},"end":{"line":77,"column":60}}],"line":77},"4":{"loc":{"start":{"line":100,"column":2},"end":{"line":100,"column":60}},"type":"if","locations":[{"start":{"line":100,"column":2},"end":{"line":100,"column":60}},{"start":{},"end":{}}],"line":100},"5":{"loc":{"start":{"line":101,"column":2},"end":{"line":101,"column":61}},"type":"if","locations":[{"start":{"line":101,"column":2},"end":{"line":101,"column":61}},{"start":{},"end":{}}],"line":101},"6":{"loc":{"start":{"line":102,"column":2},"end":{"line":102,"column":55}},"type":"if","locations":[{"start":{"line":102,"column":2},"end":{"line":102,"column":55}},{"start":{},"end":{}}],"line":102},"7":{"loc":{"start":{"line":113,"column":2},"end":{"line":113,"column":57}},"type":"if","locations":[{"start":{"line":113,"column":2},"end":{"line":113,"column":57}},{"start":{},"end":{}}],"line":113},"8":{"loc":{"start":{"line":114,"column":2},"end":{"line":114,"column":64}},"type":"if","locations":[{"start":{"line":114,"column":2},"end":{"line":114,"column":64}},{"start":{},"end":{}}],"line":114},"9":{"loc":{"start":{"line":115,"column":2},"end":{"line":115,"column":56}},"type":"if","locations":[{"start":{"line":115,"column":2},"end":{"line":115,"column":56}},{"start":{},"end":{}}],"line":115},"10":{"loc":{"start":{"line":126,"column":22},"end":{"line":126,"column":58}},"type":"binary-expr","locations":[{"start":{"line":126,"column":22},"end":{"line":126,"column":38}},{"start":{"line":126,"column":42},"end":{"line":126,"column":52}},{"start":{"line":126,"column":56},"end":{"line":126,"column":58}}],"line":126},"11":{"loc":{"start":{"line":133,"column":2},"end":{"line":133,"column":44}},"type":"if","locations":[{"start":{"line":133,"column":2},"end":{"line":133,"column":44}},{"start":{},"end":{}}],"line":133},"12":{"loc":{"start":{"line":137,"column":2},"end":{"line":139,"column":3}},"type":"if","locations":[{"start":{"line":137,"column":2},"end":{"line":139,"column":3}},{"start":{},"end":{}}],"line":137},"13":{"loc":{"start":{"line":138,"column":30},"end":{"line":138,"column":85}},"type":"binary-expr","locations":[{"start":{"line":138,"column":30},"end":{"line":138,"column":46}},{"start":{"line":138,"column":50},"end":{"line":138,"column":75}},{"start":{"line":138,"column":79},"end":{"line":138,"column":85}}],"line":138},"14":{"loc":{"start":{"line":143,"column":2},"end":{"line":143,"column":64}},"type":"if","locations":[{"start":{"line":143,"column":2},"end":{"line":143,"column":64}},{"start":{},"end":{}}],"line":143},"15":{"loc":{"start":{"line":143,"column":47},"end":{"line":143,"column":63}},"type":"binary-expr","locations":[{"start":{"line":143,"column":47},"end":{"line":143,"column":57}},{"start":{"line":143,"column":61},"end":{"line":143,"column":63}}],"line":143},"16":{"loc":{"start":{"line":148,"column":2},"end":{"line":156,"column":3}},"type":"if","locations":[{"start":{"line":148,"column":2},"end":{"line":156,"column":3}},{"start":{},"end":{}}],"line":148},"17":{"loc":{"start":{"line":148,"column":6},"end":{"line":148,"column":32}},"type":"binary-expr","locations":[{"start":{"line":148,"column":6},"end":{"line":148,"column":19}},{"start":{"line":148,"column":23},"end":{"line":148,"column":32}}],"line":148},"18":{"loc":{"start":{"line":149,"column":4},"end":{"line":155,"column":5}},"type":"if","locations":[{"start":{"line":149,"column":4},"end":{"line":155,"column":5}},{"start":{"line":152,"column":11},"end":{"line":155,"column":5}}],"line":149},"19":{"loc":{"start":{"line":160,"column":15},"end":{"line":160,"column":87}},"type":"cond-expr","locations":[{"start":{"line":160,"column":72},"end":{"line":160,"column":78}},{"start":{"line":160,"column":81},"end":{"line":160,"column":87}}],"line":160},"20":{"loc":{"start":{"line":160,"column":15},"end":{"line":160,"column":69}},"type":"binary-expr","locations":[{"start":{"line":160,"column":15},"end":{"line":160,"column":26}},{"start":{"line":160,"column":30},"end":{"line":160,"column":69}}],"line":160},"21":{"loc":{"start":{"line":161,"column":2},"end":{"line":164,"column":3}},"type":"if","locations":[{"start":{"line":161,"column":2},"end":{"line":164,"column":3}},{"start":{},"end":{}}],"line":161},"22":{"loc":{"start":{"line":162,"column":28},"end":{"line":162,"column":61}},"type":"cond-expr","locations":[{"start":{"line":162,"column":46},"end":{"line":162,"column":52}},{"start":{"line":162,"column":55},"end":{"line":162,"column":61}}],"line":162},"23":{"loc":{"start":{"line":163,"column":26},"end":{"line":163,"column":88}},"type":"cond-expr","locations":[{"start":{"line":163,"column":44},"end":{"line":163,"column":67}},{"start":{"line":163,"column":70},"end":{"line":163,"column":88}}],"line":163},"24":{"loc":{"start":{"line":174,"column":15},"end":{"line":174,"column":89}},"type":"binary-expr","locations":[{"start":{"line":174,"column":15},"end":{"line":174,"column":26}},{"start":{"line":174,"column":31},"end":{"line":174,"column":88}}],"line":174},"25":{"loc":{"start":{"line":174,"column":31},"end":{"line":174,"column":88}},"type":"cond-expr","locations":[{"start":{"line":174,"column":73},"end":{"line":174,"column":79}},{"start":{"line":174,"column":82},"end":{"line":174,"column":88}}],"line":174},"26":{"loc":{"start":{"line":180,"column":2},"end":{"line":203,"column":3}},"type":"if","locations":[{"start":{"line":180,"column":2},"end":{"line":203,"column":3}},{"start":{"line":192,"column":9},"end":{"line":203,"column":3}}],"line":180},"27":{"loc":{"start":{"line":182,"column":4},"end":{"line":182,"column":65}},"type":"if","locations":[{"start":{"line":182,"column":4},"end":{"line":182,"column":65}},{"start":{},"end":{}}],"line":182},"28":{"loc":{"start":{"line":183,"column":4},"end":{"line":183,"column":68}},"type":"if","locations":[{"start":{"line":183,"column":4},"end":{"line":183,"column":68}},{"start":{},"end":{}}],"line":183},"29":{"loc":{"start":{"line":185,"column":4},"end":{"line":191,"column":5}},"type":"if","locations":[{"start":{"line":185,"column":4},"end":{"line":191,"column":5}},{"start":{},"end":{}}],"line":185},"30":{"loc":{"start":{"line":186,"column":21},"end":{"line":186,"column":59}},"type":"binary-expr","locations":[{"start":{"line":186,"column":21},"end":{"line":186,"column":47}},{"start":{"line":186,"column":51},"end":{"line":186,"column":59}}],"line":186},"31":{"loc":{"start":{"line":194,"column":4},"end":{"line":194,"column":68}},"type":"if","locations":[{"start":{"line":194,"column":4},"end":{"line":194,"column":68}},{"start":{},"end":{}}],"line":194},"32":{"loc":{"start":{"line":195,"column":4},"end":{"line":195,"column":65}},"type":"if","locations":[{"start":{"line":195,"column":4},"end":{"line":195,"column":65}},{"start":{},"end":{}}],"line":195},"33":{"loc":{"start":{"line":197,"column":4},"end":{"line":202,"column":5}},"type":"if","locations":[{"start":{"line":197,"column":4},"end":{"line":202,"column":5}},{"start":{},"end":{}}],"line":197},"34":{"loc":{"start":{"line":206,"column":2},"end":{"line":212,"column":3}},"type":"if","locations":[{"start":{"line":206,"column":2},"end":{"line":212,"column":3}},{"start":{},"end":{}}],"line":206},"35":{"loc":{"start":{"line":206,"column":6},"end":{"line":206,"column":48}},"type":"binary-expr","locations":[{"start":{"line":206,"column":6},"end":{"line":206,"column":20}},{"start":{"line":206,"column":24},"end":{"line":206,"column":48}}],"line":206},"36":{"loc":{"start":{"line":210,"column":8},"end":{"line":210,"column":92}},"type":"cond-expr","locations":[{"start":{"line":210,"column":37},"end":{"line":210,"column":87}},{"start":{"line":210,"column":90},"end":{"line":210,"column":92}}],"line":210},"37":{"loc":{"start":{"line":227,"column":2},"end":{"line":233,"column":3}},"type":"if","locations":[{"start":{"line":227,"column":2},"end":{"line":233,"column":3}},{"start":{"line":230,"column":9},"end":{"line":233,"column":3}}],"line":227},"38":{"loc":{"start":{"line":228,"column":4},"end":{"line":228,"column":70}},"type":"if","locations":[{"start":{"line":228,"column":4},"end":{"line":228,"column":70}},{"start":{},"end":{}}],"line":228},"39":{"loc":{"start":{"line":229,"column":4},"end":{"line":229,"column":69}},"type":"if","locations":[{"start":{"line":229,"column":4},"end":{"line":229,"column":69}},{"start":{},"end":{}}],"line":229},"40":{"loc":{"start":{"line":230,"column":9},"end":{"line":233,"column":3}},"type":"if","locations":[{"start":{"line":230,"column":9},"end":{"line":233,"column":3}},{"start":{},"end":{}}],"line":230},"41":{"loc":{"start":{"line":231,"column":4},"end":{"line":231,"column":67}},"type":"if","locations":[{"start":{"line":231,"column":4},"end":{"line":231,"column":67}},{"start":{},"end":{}}],"line":231},"42":{"loc":{"start":{"line":232,"column":4},"end":{"line":232,"column":72}},"type":"if","locations":[{"start":{"line":232,"column":4},"end":{"line":232,"column":72}},{"start":{},"end":{}}],"line":232},"43":{"loc":{"start":{"line":239,"column":2},"end":{"line":245,"column":3}},"type":"if","locations":[{"start":{"line":239,"column":2},"end":{"line":245,"column":3}},{"start":{"line":242,"column":9},"end":{"line":245,"column":3}}],"line":239},"44":{"loc":{"start":{"line":240,"column":4},"end":{"line":240,"column":80}},"type":"if","locations":[{"start":{"line":240,"column":4},"end":{"line":240,"column":80}},{"start":{},"end":{}}],"line":240},"45":{"loc":{"start":{"line":241,"column":4},"end":{"line":241,"column":71}},"type":"if","locations":[{"start":{"line":241,"column":4},"end":{"line":241,"column":71}},{"start":{},"end":{}}],"line":241},"46":{"loc":{"start":{"line":243,"column":4},"end":{"line":243,"column":77}},"type":"if","locations":[{"start":{"line":243,"column":4},"end":{"line":243,"column":77}},{"start":{},"end":{}}],"line":243},"47":{"loc":{"start":{"line":244,"column":4},"end":{"line":244,"column":74}},"type":"if","locations":[{"start":{"line":244,"column":4},"end":{"line":244,"column":74}},{"start":{},"end":{}}],"line":244},"48":{"loc":{"start":{"line":254,"column":2},"end":{"line":256,"column":3}},"type":"if","locations":[{"start":{"line":254,"column":2},"end":{"line":256,"column":3}},{"start":{},"end":{}}],"line":254},"49":{"loc":{"start":{"line":254,"column":6},"end":{"line":254,"column":49}},"type":"binary-expr","locations":[{"start":{"line":254,"column":6},"end":{"line":254,"column":24}},{"start":{"line":254,"column":28},"end":{"line":254,"column":49}}],"line":254},"50":{"loc":{"start":{"line":265,"column":4},"end":{"line":270,"column":5}},"type":"if","locations":[{"start":{"line":265,"column":4},"end":{"line":270,"column":5}},{"start":{"line":268,"column":11},"end":{"line":270,"column":5}}],"line":265},"51":{"loc":{"start":{"line":282,"column":2},"end":{"line":284,"column":3}},"type":"if","locations":[{"start":{"line":282,"column":2},"end":{"line":284,"column":3}},{"start":{},"end":{}}],"line":282},"52":{"loc":{"start":{"line":288,"column":2},"end":{"line":290,"column":3}},"type":"if","locations":[{"start":{"line":288,"column":2},"end":{"line":290,"column":3}},{"start":{},"end":{}}],"line":288},"53":{"loc":{"start":{"line":298,"column":2},"end":{"line":298,"column":70}},"type":"if","locations":[{"start":{"line":298,"column":2},"end":{"line":298,"column":70}},{"start":{},"end":{}}],"line":298},"54":{"loc":{"start":{"line":299,"column":2},"end":{"line":299,"column":88}},"type":"if","locations":[{"start":{"line":299,"column":2},"end":{"line":299,"column":88}},{"start":{},"end":{}}],"line":299},"55":{"loc":{"start":{"line":300,"column":2},"end":{"line":300,"column":90}},"type":"if","locations":[{"start":{"line":300,"column":2},"end":{"line":300,"column":90}},{"start":{},"end":{}}],"line":300},"56":{"loc":{"start":{"line":301,"column":2},"end":{"line":301,"column":82}},"type":"if","locations":[{"start":{"line":301,"column":2},"end":{"line":301,"column":82}},{"start":{},"end":{}}],"line":301},"57":{"loc":{"start":{"line":307,"column":2},"end":{"line":307,"column":82}},"type":"if","locations":[{"start":{"line":307,"column":2},"end":{"line":307,"column":82}},{"start":{},"end":{}}],"line":307},"58":{"loc":{"start":{"line":308,"column":2},"end":{"line":308,"column":91}},"type":"if","locations":[{"start":{"line":308,"column":2},"end":{"line":308,"column":91}},{"start":{},"end":{}}],"line":308},"59":{"loc":{"start":{"line":312,"column":2},"end":{"line":314,"column":3}},"type":"if","locations":[{"start":{"line":312,"column":2},"end":{"line":314,"column":3}},{"start":{},"end":{}}],"line":312},"60":{"loc":{"start":{"line":318,"column":2},"end":{"line":320,"column":3}},"type":"if","locations":[{"start":{"line":318,"column":2},"end":{"line":320,"column":3}},{"start":{},"end":{}}],"line":318},"61":{"loc":{"start":{"line":327,"column":2},"end":{"line":327,"column":40}},"type":"if","locations":[{"start":{"line":327,"column":2},"end":{"line":327,"column":40}},{"start":{},"end":{}}],"line":327},"62":{"loc":{"start":{"line":327,"column":6},"end":{"line":327,"column":31}},"type":"binary-expr","locations":[{"start":{"line":327,"column":6},"end":{"line":327,"column":18}},{"start":{"line":327,"column":22},"end":{"line":327,"column":31}}],"line":327},"63":{"loc":{"start":{"line":329,"column":2},"end":{"line":332,"column":3}},"type":"if","locations":[{"start":{"line":329,"column":2},"end":{"line":332,"column":3}},{"start":{},"end":{}}],"line":329},"64":{"loc":{"start":{"line":335,"column":2},"end":{"line":338,"column":3}},"type":"if","locations":[{"start":{"line":335,"column":2},"end":{"line":338,"column":3}},{"start":{},"end":{}}],"line":335},"65":{"loc":{"start":{"line":356,"column":4},"end":{"line":358,"column":5}},"type":"if","locations":[{"start":{"line":356,"column":4},"end":{"line":358,"column":5}},{"start":{},"end":{}}],"line":356},"66":{"loc":{"start":{"line":362,"column":4},"end":{"line":366,"column":5}},"type":"if","locations":[{"start":{"line":362,"column":4},"end":{"line":366,"column":5}},{"start":{"line":364,"column":11},"end":{"line":366,"column":5}}],"line":362},"67":{"loc":{"start":{"line":372,"column":4},"end":{"line":375,"column":5}},"type":"if","locations":[{"start":{"line":372,"column":4},"end":{"line":375,"column":5}},{"start":{},"end":{}}],"line":372},"68":{"loc":{"start":{"line":383,"column":2},"end":{"line":383,"column":40}},"type":"if","locations":[{"start":{"line":383,"column":2},"end":{"line":383,"column":40}},{"start":{},"end":{}}],"line":383},"69":{"loc":{"start":{"line":383,"column":6},"end":{"line":383,"column":31}},"type":"binary-expr","locations":[{"start":{"line":383,"column":6},"end":{"line":383,"column":18}},{"start":{"line":383,"column":22},"end":{"line":383,"column":31}}],"line":383},"70":{"loc":{"start":{"line":408,"column":4},"end":{"line":410,"column":5}},"type":"if","locations":[{"start":{"line":408,"column":4},"end":{"line":410,"column":5}},{"start":{},"end":{}}],"line":408},"71":{"loc":{"start":{"line":414,"column":4},"end":{"line":418,"column":5}},"type":"if","locations":[{"start":{"line":414,"column":4},"end":{"line":418,"column":5}},{"start":{"line":416,"column":11},"end":{"line":418,"column":5}}],"line":414},"72":{"loc":{"start":{"line":436,"column":2},"end":{"line":436,"column":40}},"type":"if","locations":[{"start":{"line":436,"column":2},"end":{"line":436,"column":40}},{"start":{},"end":{}}],"line":436},"73":{"loc":{"start":{"line":436,"column":6},"end":{"line":436,"column":31}},"type":"binary-expr","locations":[{"start":{"line":436,"column":6},"end":{"line":436,"column":18}},{"start":{"line":436,"column":22},"end":{"line":436,"column":31}}],"line":436},"74":{"loc":{"start":{"line":439,"column":2},"end":{"line":442,"column":3}},"type":"if","locations":[{"start":{"line":439,"column":2},"end":{"line":442,"column":3}},{"start":{},"end":{}}],"line":439},"75":{"loc":{"start":{"line":452,"column":4},"end":{"line":455,"column":5}},"type":"if","locations":[{"start":{"line":452,"column":4},"end":{"line":455,"column":5}},{"start":{},"end":{}}],"line":452},"76":{"loc":{"start":{"line":463,"column":2},"end":{"line":463,"column":40}},"type":"if","locations":[{"start":{"line":463,"column":2},"end":{"line":463,"column":40}},{"start":{},"end":{}}],"line":463},"77":{"loc":{"start":{"line":463,"column":6},"end":{"line":463,"column":31}},"type":"binary-expr","locations":[{"start":{"line":463,"column":6},"end":{"line":463,"column":18}},{"start":{"line":463,"column":22},"end":{"line":463,"column":31}}],"line":463},"78":{"loc":{"start":{"line":469,"column":2},"end":{"line":469,"column":48}},"type":"if","locations":[{"start":{"line":469,"column":2},"end":{"line":469,"column":48}},{"start":{},"end":{}}],"line":469},"79":{"loc":{"start":{"line":469,"column":6},"end":{"line":469,"column":39}},"type":"binary-expr","locations":[{"start":{"line":469,"column":6},"end":{"line":469,"column":20}},{"start":{"line":469,"column":24},"end":{"line":469,"column":39}}],"line":469},"80":{"loc":{"start":{"line":472,"column":2},"end":{"line":475,"column":3}},"type":"if","locations":[{"start":{"line":472,"column":2},"end":{"line":475,"column":3}},{"start":{},"end":{}}],"line":472},"81":{"loc":{"start":{"line":477,"column":2},"end":{"line":480,"column":3}},"type":"if","locations":[{"start":{"line":477,"column":2},"end":{"line":480,"column":3}},{"start":{},"end":{}}],"line":477},"82":{"loc":{"start":{"line":490,"column":4},"end":{"line":503,"column":5}},"type":"if","locations":[{"start":{"line":490,"column":4},"end":{"line":503,"column":5}},{"start":{"line":500,"column":11},"end":{"line":503,"column":5}}],"line":490},"83":{"loc":{"start":{"line":492,"column":6},"end":{"line":495,"column":7}},"type":"if","locations":[{"start":{"line":492,"column":6},"end":{"line":495,"column":7}},{"start":{},"end":{}}],"line":492},"84":{"loc":{"start":{"line":500,"column":11},"end":{"line":503,"column":5}},"type":"if","locations":[{"start":{"line":500,"column":11},"end":{"line":503,"column":5}},{"start":{},"end":{}}],"line":500},"85":{"loc":{"start":{"line":515,"column":4},"end":{"line":515,"column":62}},"type":"if","locations":[{"start":{"line":515,"column":4},"end":{"line":515,"column":62}},{"start":{},"end":{}}],"line":515},"86":{"loc":{"start":{"line":521,"column":4},"end":{"line":527,"column":5}},"type":"if","locations":[{"start":{"line":521,"column":4},"end":{"line":527,"column":5}},{"start":{"line":523,"column":11},"end":{"line":527,"column":5}}],"line":521},"87":{"loc":{"start":{"line":523,"column":11},"end":{"line":527,"column":5}},"type":"if","locations":[{"start":{"line":523,"column":11},"end":{"line":527,"column":5}},{"start":{"line":525,"column":11},"end":{"line":527,"column":5}}],"line":523},"88":{"loc":{"start":{"line":525,"column":11},"end":{"line":527,"column":5}},"type":"if","locations":[{"start":{"line":525,"column":11},"end":{"line":527,"column":5}},{"start":{},"end":{}}],"line":525},"89":{"loc":{"start":{"line":541,"column":2},"end":{"line":541,"column":40}},"type":"if","locations":[{"start":{"line":541,"column":2},"end":{"line":541,"column":40}},{"start":{},"end":{}}],"line":541},"90":{"loc":{"start":{"line":541,"column":6},"end":{"line":541,"column":31}},"type":"binary-expr","locations":[{"start":{"line":541,"column":6},"end":{"line":541,"column":18}},{"start":{"line":541,"column":22},"end":{"line":541,"column":31}}],"line":541},"91":{"loc":{"start":{"line":548,"column":2},"end":{"line":550,"column":3}},"type":"if","locations":[{"start":{"line":548,"column":2},"end":{"line":550,"column":3}},{"start":{},"end":{}}],"line":548},"92":{"loc":{"start":{"line":548,"column":6},"end":{"line":548,"column":95}},"type":"binary-expr","locations":[{"start":{"line":548,"column":6},"end":{"line":548,"column":27}},{"start":{"line":548,"column":31},"end":{"line":548,"column":48}},{"start":{"line":548,"column":52},"end":{"line":548,"column":73}},{"start":{"line":548,"column":77},"end":{"line":548,"column":95}}],"line":548},"93":{"loc":{"start":{"line":557,"column":2},"end":{"line":560,"column":3}},"type":"if","locations":[{"start":{"line":557,"column":2},"end":{"line":560,"column":3}},{"start":{},"end":{}}],"line":557},"94":{"loc":{"start":{"line":562,"column":2},"end":{"line":565,"column":3}},"type":"if","locations":[{"start":{"line":562,"column":2},"end":{"line":565,"column":3}},{"start":{},"end":{}}],"line":562},"95":{"loc":{"start":{"line":567,"column":2},"end":{"line":570,"column":3}},"type":"if","locations":[{"start":{"line":567,"column":2},"end":{"line":570,"column":3}},{"start":{},"end":{}}],"line":567},"96":{"loc":{"start":{"line":572,"column":2},"end":{"line":575,"column":3}},"type":"if","locations":[{"start":{"line":572,"column":2},"end":{"line":575,"column":3}},{"start":{},"end":{}}],"line":572},"97":{"loc":{"start":{"line":599,"column":4},"end":{"line":605,"column":5}},"type":"if","locations":[{"start":{"line":599,"column":4},"end":{"line":605,"column":5}},{"start":{"line":601,"column":11},"end":{"line":605,"column":5}}],"line":599},"98":{"loc":{"start":{"line":601,"column":11},"end":{"line":605,"column":5}},"type":"if","locations":[{"start":{"line":601,"column":11},"end":{"line":605,"column":5}},{"start":{"line":603,"column":11},"end":{"line":605,"column":5}}],"line":601},"99":{"loc":{"start":{"line":603,"column":11},"end":{"line":605,"column":5}},"type":"if","locations":[{"start":{"line":603,"column":11},"end":{"line":605,"column":5}},{"start":{},"end":{}}],"line":603},"100":{"loc":{"start":{"line":619,"column":2},"end":{"line":619,"column":40}},"type":"if","locations":[{"start":{"line":619,"column":2},"end":{"line":619,"column":40}},{"start":{},"end":{}}],"line":619},"101":{"loc":{"start":{"line":619,"column":6},"end":{"line":619,"column":31}},"type":"binary-expr","locations":[{"start":{"line":619,"column":6},"end":{"line":619,"column":18}},{"start":{"line":619,"column":22},"end":{"line":619,"column":31}}],"line":619},"102":{"loc":{"start":{"line":624,"column":2},"end":{"line":624,"column":46}},"type":"if","locations":[{"start":{"line":624,"column":2},"end":{"line":624,"column":46}},{"start":{},"end":{}}],"line":624},"103":{"loc":{"start":{"line":624,"column":6},"end":{"line":624,"column":37}},"type":"binary-expr","locations":[{"start":{"line":624,"column":6},"end":{"line":624,"column":25}},{"start":{"line":624,"column":29},"end":{"line":624,"column":37}}],"line":624},"104":{"loc":{"start":{"line":639,"column":4},"end":{"line":641,"column":5}},"type":"if","locations":[{"start":{"line":639,"column":4},"end":{"line":641,"column":5}},{"start":{},"end":{}}],"line":639},"105":{"loc":{"start":{"line":658,"column":28},"end":{"line":658,"column":44}},"type":"default-arg","locations":[{"start":{"line":658,"column":35},"end":{"line":658,"column":44}}],"line":658},"106":{"loc":{"start":{"line":660,"column":2},"end":{"line":660,"column":25}},"type":"if","locations":[{"start":{"line":660,"column":2},"end":{"line":660,"column":25}},{"start":{},"end":{}}],"line":660},"107":{"loc":{"start":{"line":677,"column":6},"end":{"line":679,"column":7}},"type":"if","locations":[{"start":{"line":677,"column":6},"end":{"line":679,"column":7}},{"start":{},"end":{}}],"line":677},"108":{"loc":{"start":{"line":690,"column":2},"end":{"line":690,"column":62}},"type":"if","locations":[{"start":{"line":690,"column":2},"end":{"line":690,"column":62}},{"start":{},"end":{}}],"line":690},"109":{"loc":{"start":{"line":690,"column":6},"end":{"line":690,"column":42}},"type":"binary-expr","locations":[{"start":{"line":690,"column":6},"end":{"line":690,"column":17}},{"start":{"line":690,"column":21},"end":{"line":690,"column":42}}],"line":690},"110":{"loc":{"start":{"line":696,"column":2},"end":{"line":701,"column":3}},"type":"if","locations":[{"start":{"line":696,"column":2},"end":{"line":701,"column":3}},{"start":{},"end":{}}],"line":696},"111":{"loc":{"start":{"line":698,"column":4},"end":{"line":700,"column":5}},"type":"if","locations":[{"start":{"line":698,"column":4},"end":{"line":700,"column":5}},{"start":{},"end":{}}],"line":698},"112":{"loc":{"start":{"line":698,"column":8},"end":{"line":698,"column":42}},"type":"binary-expr","locations":[{"start":{"line":698,"column":8},"end":{"line":698,"column":19}},{"start":{"line":698,"column":23},"end":{"line":698,"column":42}}],"line":698}},"s":{"0":0,"1":0,"2":0,"3":0,"4":0,"5":0,"6":0,"7":0,"8":0,"9":0,"10":0,"11":0,"12":0,"13":0,"14":0,"15":0,"16":0,"17":0,"18":0,"19":0,"20":0,"21":0,"22":0,"23":0,"24":0,"25":0,"26":0,"27":0,"28":0,"29":0,"30":0,"31":0,"32":0,"33":0,"34":0,"35":0,"36":0,"37":0,"38":0,"39":0,"40":0,"41":0,"42":0,"43":0,"44":0,"45":0,"46":0,"47":0,"48":0,"49":0,"50":0,"51":0,"52":0,"53":0,"54":0,"55":0,"56":0,"57":0,"58":0,"59":0,"60":0,"61":0,"62":0,"63":0,"64":0,"65":0,"66":0,"67":0,"68":0,"69":0,"70":0,"71":0,"72":0,"73":0,"74":0,"75":0,"76":0,"77":0,"78":0,"79":0,"80":0,"81":0,"82":0,"83":0,"84":0,"85":0,"86":0,"87":0,"88":0,"89":0,"90":0,"91":0,"92":0,"93":0,"94":0,"95":0,"96":0,"97":0,"98":0,"99":0,"100":0,"101":0,"102":0,"103":0,"104":0,"105":0,"106":0,"107":0,"108":0,"109":0,"110":0,"111":0,"112":0,"113":0,"114":0,"115":0,"116":0,"117":0,"118":0,"119":0,"120":0,"121":0,"122":0,"123":0,"124":0,"125":0,"126":0,"127":0,"128":0,"129":0,"130":0,"131":0,"132":0,"133":0,"134":0,"135":0,"136":0,"137":0,"138":0,"139":0,"140":0,"141":0,"142":0,"143":0,"144":0,"145":0,"146":0,"147":0,"148":0,"149":0,"150":0,"151":0,"152":0,"153":0,"154":0,"155":0,"156":0,"157":0,"158":0,"159":0,"160":0,"161":0,"162":0,"163":0,"164":0,"165":0,"166":0,"167":0,"168":0,"169":0,"170":0,"171":0,"172":0,"173":0,"174":0,"175":0,"176":0,"177":0,"178":0,"179":0,"180":0,"181":0,"182":0,"183":0,"184":0,"185":0,"186":0,"187":0,"188":0,"189":0,"190":0,"191":0,"192":0,"193":0,"194":0,"195":0,"196":0,"197":0,"198":0,"199":0,"200":0,"201":0,"202":0,"203":0,"204":0,"205":0,"206":0,"207":0,"208":0,"209":0,"210":0,"211":0,"212":0,"213":0,"214":0,"215":0,"216":0,"217":0,"218":0,"219":0,"220":0,"221":0,"222":0,"223":0,"224":0,"225":0,"226":0,"227":0,"228":0,"229":0,"230":0,"231":0,"232":0,"233":0,"234":0,"235":0,"236":0,"237":0,"238":0,"239":0,"240":0,"241":0,"242":0,"243":0,"244":0,"245":0,"246":0,"247":0,"248":0,"249":0,"250":0,"251":0,"252":0,"253":0,"254":0,"255":0,"256":0,"257":0,"258":0,"259":0,"260":0,"261":0,"262":0,"263":0,"264":0,"265":0,"266":0,"267":0,"268":0,"269":0,"270":0,"271":0,"272":0,"273":0,"274":0,"275":0,"276":0,"277":0,"278":0,"279":0,"280":0,"281":0,"282":0,"283":0,"284":0,"285":0,"286":0,"287":0,"288":0,"289":0,"290":0,"291":0,"292":0,"293":0,"294":0,"295":0,"296":0,"297":0,"298":0,"299":0,"300":0,"301":0,"302":0,"303":0,"304":0,"305":0,"306":0,"307":0,"308":0,"309":0,"310":0,"311":0,"312":0,"313":0,"314":0,"315":0,"316":0,"317":0,"318":0,"319":0,"320":0,"321":0,"322":0,"323":0,"324":0,"325":0,"326":0,"327":0,"328":0,"329":0,"330":0,"331":0,"332":0,"333":0,"334":0,"335":0,"336":0,"337":0,"338":0,"339":0,"340":0,"341":0,"342":0,"343":0,"344":0,"345":0,"346":0,"347":0,"348":0,"349":0,"350":0,"351":0,"352":0,"353":0},"f":{"0":0,"1":0,"2":0,"3":0,"4":0,"5":0,"6":0,"7":0,"8":0,"9":0,"10":0,"11":0,"12":0,"13":0,"14":0,"15":0,"16":0,"17":0,"18":0,"19":0,"20":0,"21":0,"22":0,"23":0,"24":0,"25":0,"26":0,"27":0,"28":0,"29":0,"30":0,"31":0},"b":{"0":[0,0],"1":[0,0],"2":[0,0],"3":[0,0],"4":[0,0],"5":[0,0],"6":[0,0],"7":[0,0],"8":[0,0],"9":[0,0],"10":[0,0,0],"11":[0,0],"12":[0,0],"13":[0,0,0],"14":[0,0],"15":[0,0],"16":[0,0],"17":[0,0],"18":[0,0],"19":[0,0],"20":[0,0],"21":[0,0],"22":[0,0],"23":[0,0],"24":[0,0],"25":[0,0],"26":[0,0],"27":[0,0],"28":[0,0],"29":[0,0],"30":[0,0],"31":[0,0],"32":[0,0],"33":[0,0],"34":[0,0],"35":[0,0],"36":[0,0],"37":[0,0],"38":[0,0],"39":[0,0],"40":[0,0],"41":[0,0],"42":[0,0],"43":[0,0],"44":[0,0],"45":[0,0],"46":[0,0],"47":[0,0],"48":[0,0],"49":[0,0],"50":[0,0],"51":[0,0],"52":[0,0],"53":[0,0],"54":[0,0],"55":[0,0],"56":[0,0],"57":[0,0],"58":[0,0],"59":[0,0],"60":[0,0],"61":[0,0],"62":[0,0],"63":[0,0],"64":[0,0],"65":[0,0],"66":[0,0],"67":[0,0],"68":[0,0],"69":[0,0],"70":[0,0],"71":[0,0],"72":[0,0],"73":[0,0],"74":[0,0],"75":[0,0],"76":[0,0],"77":[0,0],"78":[0,0],"79":[0,0],"80":[0,0],"81":[0,0],"82":[0,0],"83":[0,0],"84":[0,0],"85":[0,0],"86":[0,0],"87":[0,0],"88":[0,0],"89":[0,0],"90":[0,0],"91":[0,0],"92":[0,0,0,0],"93":[0,0],"94":[0,0],"95":[0,0],"96":[0,0],"97":[0,0],"98":[0,0],"99":[0,0],"100":[0,0],"101":[0,0],"102":[0,0],"103":[0,0],"104":[0,0],"105":[0],"106":[0,0],"107":[0,0],"108":[0,0],"109":[0,0],"110":[0,0],"111":[0,0],"112":[0,0]},"inputSourceMap":null}
,"/mnt/e/BudgetBuckets/app/app-init.js": {"path":"/mnt/e/BudgetBuckets/app/app-init.js","statementMap":{"0":{"start":{"line":6,"column":13},"end":{"line":6,"column":22}},"1":{"start":{"line":7,"column":11},"end":{"line":7,"column":25}},"2":{"start":{"line":9,"column":20},"end":{"line":9,"column":58}},"3":{"start":{"line":10,"column":0},"end":{"line":10,"column":44}},"4":{"start":{"line":13,"column":0},"end":{"line":13,"column":24}},"5":{"start":{"line":16,"column":19},"end":{"line":16,"column":56}},"6":{"start":{"line":17,"column":0},"end":{"line":23,"column":3}},"7":{"start":{"line":18,"column":2},"end":{"line":20,"column":3}},"8":{"start":{"line":19,"column":4},"end":{"line":19,"column":62}},"9":{"start":{"line":21,"column":2},"end":{"line":21,"column":32}},"10":{"start":{"line":22,"column":2},"end":{"line":22,"column":24}},"11":{"start":{"line":26,"column":0},"end":{"line":38,"column":1}},"12":{"start":{"line":27,"column":2},"end":{"line":37,"column":5}},"13":{"start":{"line":28,"column":4},"end":{"line":28,"column":23}},"14":{"start":{"line":31,"column":24},"end":{"line":31,"column":63}},"15":{"start":{"line":32,"column":4},"end":{"line":32,"column":56}},"16":{"start":{"line":32,"column":21},"end":{"line":32,"column":56}},"17":{"start":{"line":34,"column":4},"end":{"line":34,"column":31}},"18":{"start":{"line":35,"column":4},"end":{"line":35,"column":65}},"19":{"start":{"line":35,"column":47},"end":{"line":35,"column":65}},"20":{"start":{"line":36,"column":4},"end":{"line":36,"column":47}},"21":{"start":{"line":41,"column":0},"end":{"line":47,"column":1}},"22":{"start":{"line":42,"column":22},"end":{"line":42,"column":61}},"23":{"start":{"line":43,"column":2},"end":{"line":43,"column":54}},"24":{"start":{"line":43,"column":19},"end":{"line":43,"column":54}},"25":{"start":{"line":45,"column":2},"end":{"line":45,"column":29}},"26":{"start":{"line":46,"column":2},"end":{"line":46,"column":63}},"27":{"start":{"line":46,"column":45},"end":{"line":46,"column":63}},"28":{"start":{"line":50,"column":0},"end":{"line":58,"column":3}},"29":{"start":{"line":51,"column":2},"end":{"line":57,"column":3}},"30":{"start":{"line":52,"column":24},"end":{"line":52,"column":63}},"31":{"start":{"line":53,"column":4},"end":{"line":53,"column":57}},"32":{"start":{"line":53,"column":21},"end":{"line":53,"column":57}},"33":{"start":{"line":55,"column":4},"end":{"line":55,"column":30}},"34":{"start":{"line":56,"column":4},"end":{"line":56,"column":65}},"35":{"start":{"line":56,"column":47},"end":{"line":56,"column":65}},"36":{"start":{"line":62,"column":2},"end":{"line":62,"column":24}},"37":{"start":{"line":67,"column":18},"end":{"line":67,"column":58}},"38":{"start":{"line":68,"column":2},"end":{"line":78,"column":3}},"39":{"start":{"line":69,"column":18},"end":{"line":69,"column":46}},"40":{"start":{"line":70,"column":17},"end":{"line":70,"column":26}},"41":{"start":{"line":72,"column":4},"end":{"line":76,"column":5}},"42":{"start":{"line":73,"column":6},"end":{"line":73,"column":47}},"43":{"start":{"line":75,"column":6},"end":{"line":75,"column":49}},"44":{"start":{"line":77,"column":4},"end":{"line":77,"column":37}},"45":{"start":{"line":83,"column":2},"end":{"line":83,"column":73}},"46":{"start":{"line":85,"column":17},"end":{"line":85,"column":56}},"47":{"start":{"line":86,"column":20},"end":{"line":86,"column":65}},"48":{"start":{"line":87,"column":22},"end":{"line":87,"column":60}},"49":{"start":{"line":89,"column":2},"end":{"line":94,"column":5}},"50":{"start":{"line":96,"column":2},"end":{"line":103,"column":3}},"51":{"start":{"line":97,"column":4},"end":{"line":97,"column":60}},"52":{"start":{"line":98,"column":4},"end":{"line":101,"column":5}},"53":{"start":{"line":99,"column":6},"end":{"line":99,"column":36}},"54":{"start":{"line":100,"column":6},"end":{"line":100,"column":27}},"55":{"start":{"line":102,"column":4},"end":{"line":102,"column":11}},"56":{"start":{"line":105,"column":2},"end":{"line":108,"column":3}},"57":{"start":{"line":106,"column":4},"end":{"line":106,"column":109}},"58":{"start":{"line":107,"column":4},"end":{"line":107,"column":11}},"59":{"start":{"line":111,"column":30},"end":{"line":111,"column":86}},"60":{"start":{"line":111,"column":58},"end":{"line":111,"column":85}},"61":{"start":{"line":112,"column":21},"end":{"line":112,"column":63}},"62":{"start":{"line":114,"column":2},"end":{"line":119,"column":5}},"63":{"start":{"line":118,"column":45},"end":{"line":118,"column":57}},"64":{"start":{"line":121,"column":2},"end":{"line":129,"column":3}},"65":{"start":{"line":122,"column":4},"end":{"line":122,"column":50}},"66":{"start":{"line":123,"column":4},"end":{"line":123,"column":35}},"67":{"start":{"line":124,"column":4},"end":{"line":124,"column":26}},"68":{"start":{"line":126,"column":4},"end":{"line":126,"column":90}},"69":{"start":{"line":127,"column":4},"end":{"line":127,"column":34}},"70":{"start":{"line":128,"column":4},"end":{"line":128,"column":25}},"71":{"start":{"line":131,"column":2},"end":{"line":131,"column":72}},"72":{"start":{"line":134,"column":2},"end":{"line":134,"column":102}},"73":{"start":{"line":134,"column":44},"end":{"line":134,"column":84}},"74":{"start":{"line":135,"column":2},"end":{"line":135,"column":105}},"75":{"start":{"line":135,"column":46},"end":{"line":135,"column":87}},"76":{"start":{"line":138,"column":2},"end":{"line":202,"column":4}},"77":{"start":{"line":139,"column":4},"end":{"line":201,"column":5}},"78":{"start":{"line":140,"column":6},"end":{"line":140,"column":67}},"79":{"start":{"line":141,"column":6},"end":{"line":146,"column":9}},"80":{"start":{"line":148,"column":6},"end":{"line":148,"column":32}},"81":{"start":{"line":149,"column":6},"end":{"line":149,"column":43}},"82":{"start":{"line":152,"column":26},"end":{"line":152,"column":42}},"83":{"start":{"line":153,"column":6},"end":{"line":155,"column":7}},"84":{"start":{"line":154,"column":8},"end":{"line":154,"column":55}},"85":{"start":{"line":157,"column":6},"end":{"line":161,"column":9}},"86":{"start":{"line":164,"column":6},"end":{"line":171,"column":7}},"87":{"start":{"line":165,"column":8},"end":{"line":165,"column":69}},"88":{"start":{"line":166,"column":8},"end":{"line":166,"column":77}},"89":{"start":{"line":168,"column":8},"end":{"line":168,"column":58}},"90":{"start":{"line":169,"column":42},"end":{"line":169,"column":117}},"91":{"start":{"line":170,"column":8},"end":{"line":170,"column":49}},"92":{"start":{"line":173,"column":6},"end":{"line":173,"column":60}},"93":{"start":{"line":174,"column":6},"end":{"line":174,"column":44}},"94":{"start":{"line":175,"column":6},"end":{"line":178,"column":15}},"95":{"start":{"line":176,"column":8},"end":{"line":176,"column":60}},"96":{"start":{"line":177,"column":8},"end":{"line":177,"column":35}},"97":{"start":{"line":181,"column":6},"end":{"line":181,"column":67}},"98":{"start":{"line":182,"column":6},"end":{"line":186,"column":9}},"99":{"start":{"line":188,"column":6},"end":{"line":188,"column":58}},"100":{"start":{"line":189,"column":6},"end":{"line":189,"column":33}},"101":{"start":{"line":192,"column":25},"end":{"line":192,"column":60}},"102":{"start":{"line":193,"column":6},"end":{"line":199,"column":7}},"103":{"start":{"line":194,"column":8},"end":{"line":194,"column":86}},"104":{"start":{"line":195,"column":13},"end":{"line":199,"column":7}},"105":{"start":{"line":196,"column":8},"end":{"line":196,"column":77}},"106":{"start":{"line":197,"column":13},"end":{"line":199,"column":7}},"107":{"start":{"line":198,"column":8},"end":{"line":198,"column":70}},"108":{"start":{"line":200,"column":6},"end":{"line":200,"column":49}},"109":{"start":{"line":205,"column":2},"end":{"line":253,"column":4}},"110":{"start":{"line":206,"column":4},"end":{"line":252,"column":5}},"111":{"start":{"line":207,"column":6},"end":{"line":207,"column":55}},"112":{"start":{"line":208,"column":6},"end":{"line":208,"column":34}},"113":{"start":{"line":209,"column":6},"end":{"line":209,"column":46}},"114":{"start":{"line":212,"column":26},"end":{"line":212,"column":42}},"115":{"start":{"line":213,"column":6},"end":{"line":215,"column":7}},"116":{"start":{"line":214,"column":8},"end":{"line":214,"column":55}},"117":{"start":{"line":217,"column":6},"end":{"line":217,"column":94}},"118":{"start":{"line":218,"column":6},"end":{"line":218,"column":33}},"119":{"start":{"line":219,"column":6},"end":{"line":219,"column":93}},"120":{"start":{"line":221,"column":6},"end":{"line":242,"column":7}},"121":{"start":{"line":222,"column":8},"end":{"line":222,"column":65}},"122":{"start":{"line":223,"column":8},"end":{"line":223,"column":64}},"123":{"start":{"line":224,"column":8},"end":{"line":228,"column":11}},"124":{"start":{"line":230,"column":8},"end":{"line":230,"column":38}},"125":{"start":{"line":231,"column":8},"end":{"line":231,"column":29}},"126":{"start":{"line":233,"column":8},"end":{"line":236,"column":11}},"127":{"start":{"line":238,"column":8},"end":{"line":238,"column":46}},"128":{"start":{"line":240,"column":8},"end":{"line":240,"column":51}},"129":{"start":{"line":241,"column":8},"end":{"line":241,"column":98}},"130":{"start":{"line":244,"column":6},"end":{"line":244,"column":49}},"131":{"start":{"line":245,"column":6},"end":{"line":245,"column":35}},"132":{"start":{"line":248,"column":6},"end":{"line":248,"column":69}},"133":{"start":{"line":249,"column":6},"end":{"line":249,"column":49}},"134":{"start":{"line":250,"column":6},"end":{"line":250,"column":35}},"135":{"start":{"line":251,"column":6},"end":{"line":251,"column":69}},"136":{"start":{"line":257,"column":0},"end":{"line":257,"column":49}}},"fnMap":{"0":{"name":"(anonymous_0)","decl":{"start":{"line":17,"column":25},"end":{"line":17,"column":26}},"loc":{"start":{"line":17,"column":35},"end":{"line":23,"column":1}},"line":17},"1":{"name":"(anonymous_1)","decl":{"start":{"line":27,"column":39},"end":{"line":27,"column":40}},"loc":{"start":{"line":27,"column":46},"end":{"line":37,"column":3}},"line":27},"2":{"name":"(anonymous_2)","decl":{"start":{"line":50,"column":36},"end":{"line":50,"column":37}},"loc":{"start":{"line":50,"column":42},"end":{"line":58,"column":1}},"line":50},"3":{"name":"updatePlanUI","decl":{"start":{"line":61,"column":9},"end":{"line":61,"column":21}},"loc":{"start":{"line":61,"column":28},"end":{"line":63,"column":1}},"line":61},"4":{"name":"updateBucketCounter","decl":{"start":{"line":66,"column":9},"end":{"line":66,"column":28}},"loc":{"start":{"line":66,"column":31},"end":{"line":79,"column":1}},"line":66},"5":{"name":"handleEmailVerification","decl":{"start":{"line":82,"column":9},"end":{"line":82,"column":32}},"loc":{"start":{"line":82,"column":39},"end":{"line":254,"column":1}},"line":82},"6":{"name":"(anonymous_6)","decl":{"start":{"line":111,"column":53},"end":{"line":111,"column":54}},"loc":{"start":{"line":111,"column":58},"end":{"line":111,"column":85}},"line":111},"7":{"name":"(anonymous_7)","decl":{"start":{"line":118,"column":40},"end":{"line":118,"column":41}},"loc":{"start":{"line":118,"column":45},"end":{"line":118,"column":57}},"line":118},"8":{"name":"(anonymous_8)","decl":{"start":{"line":134,"column":38},"end":{"line":134,"column":39}},"loc":{"start":{"line":134,"column":44},"end":{"line":134,"column":84}},"line":134},"9":{"name":"(anonymous_9)","decl":{"start":{"line":135,"column":40},"end":{"line":135,"column":41}},"loc":{"start":{"line":135,"column":46},"end":{"line":135,"column":87}},"line":135},"10":{"name":"(anonymous_10)","decl":{"start":{"line":138,"column":22},"end":{"line":138,"column":23}},"loc":{"start":{"line":138,"column":34},"end":{"line":202,"column":3}},"line":138},"11":{"name":"(anonymous_11)","decl":{"start":{"line":175,"column":17},"end":{"line":175,"column":18}},"loc":{"start":{"line":175,"column":23},"end":{"line":178,"column":7}},"line":175},"12":{"name":"(anonymous_12)","decl":{"start":{"line":205,"column":24},"end":{"line":205,"column":25}},"loc":{"start":{"line":205,"column":36},"end":{"line":253,"column":3}},"line":205}},"branchMap":{"0":{"loc":{"start":{"line":18,"column":2},"end":{"line":20,"column":3}},"type":"if","locations":[{"start":{"line":18,"column":2},"end":{"line":20,"column":3}},{"start":{},"end":{}}],"line":18},"1":{"loc":{"start":{"line":19,"column":31},"end":{"line":19,"column":61}},"type":"cond-expr","locations":[{"start":{"line":19,"column":38},"end":{"line":19,"column":52}},{"start":{"line":19,"column":55},"end":{"line":19,"column":61}}],"line":19},"2":{"loc":{"start":{"line":26,"column":0},"end":{"line":38,"column":1}},"type":"if","locations":[{"start":{"line":26,"column":0},"end":{"line":38,"column":1}},{"start":{},"end":{}}],"line":26},"3":{"loc":{"start":{"line":32,"column":4},"end":{"line":32,"column":56}},"type":"if","locations":[{"start":{"line":32,"column":4},"end":{"line":32,"column":56}},{"start":{},"end":{}}],"line":32},"4":{"loc":{"start":{"line":35,"column":4},"end":{"line":35,"column":65}},"type":"if","locations":[{"start":{"line":35,"column":4},"end":{"line":35,"column":65}},{"start":{},"end":{}}],"line":35},"5":{"loc":{"start":{"line":41,"column":0},"end":{"line":47,"column":1}},"type":"if","locations":[{"start":{"line":41,"column":0},"end":{"line":47,"column":1}},{"start":{},"end":{}}],"line":41},"6":{"loc":{"start":{"line":43,"column":2},"end":{"line":43,"column":54}},"type":"if","locations":[{"start":{"line":43,"column":2},"end":{"line":43,"column":54}},{"start":{},"end":{}}],"line":43},"7":{"loc":{"start":{"line":46,"column":2},"end":{"line":46,"column":63}},"type":"if","locations":[{"start":{"line":46,"column":2},"end":{"line":46,"column":63}},{"start":{},"end":{}}],"line":46},"8":{"loc":{"start":{"line":51,"column":2},"end":{"line":57,"column":3}},"type":"if","locations":[{"start":{"line":51,"column":2},"end":{"line":57,"column":3}},{"start":{},"end":{}}],"line":51},"9":{"loc":{"start":{"line":53,"column":4},"end":{"line":53,"column":57}},"type":"if","locations":[{"start":{"line":53,"column":4},"end":{"line":53,"column":57}},{"start":{},"end":{}}],"line":53},"10":{"loc":{"start":{"line":56,"column":4},"end":{"line":56,"column":65}},"type":"if","locations":[{"start":{"line":56,"column":4},"end":{"line":56,"column":65}},{"start":{},"end":{}}],"line":56},"11":{"loc":{"start":{"line":68,"column":2},"end":{"line":78,"column":3}},"type":"if","locations":[{"start":{"line":68,"column":2},"end":{"line":78,"column":3}},{"start":{},"end":{}}],"line":68},"12":{"loc":{"start":{"line":68,"column":6},"end":{"line":68,"column":43}},"type":"binary-expr","locations":[{"start":{"line":68,"column":6},"end":{"line":68,"column":13}},{"start":{"line":68,"column":17},"end":{"line":68,"column":43}}],"line":68},"13":{"loc":{"start":{"line":72,"column":4},"end":{"line":76,"column":5}},"type":"if","locations":[{"start":{"line":72,"column":4},"end":{"line":76,"column":5}},{"start":{"line":74,"column":11},"end":{"line":76,"column":5}}],"line":72},"14":{"loc":{"start":{"line":96,"column":2},"end":{"line":103,"column":3}},"type":"if","locations":[{"start":{"line":96,"column":2},"end":{"line":103,"column":3}},{"start":{},"end":{}}],"line":96},"15":{"loc":{"start":{"line":96,"column":6},"end":{"line":96,"column":22}},"type":"binary-expr","locations":[{"start":{"line":96,"column":6},"end":{"line":96,"column":13}},{"start":{"line":96,"column":17},"end":{"line":96,"column":22}}],"line":96},"16":{"loc":{"start":{"line":98,"column":4},"end":{"line":101,"column":5}},"type":"if","locations":[{"start":{"line":98,"column":4},"end":{"line":101,"column":5}},{"start":{},"end":{}}],"line":98},"17":{"loc":{"start":{"line":105,"column":2},"end":{"line":108,"column":3}},"type":"if","locations":[{"start":{"line":105,"column":2},"end":{"line":108,"column":3}},{"start":{},"end":{}}],"line":105},"18":{"loc":{"start":{"line":105,"column":6},"end":{"line":105,"column":32}},"type":"binary-expr","locations":[{"start":{"line":105,"column":6},"end":{"line":105,"column":16}},{"start":{"line":105,"column":20},"end":{"line":105,"column":32}}],"line":105},"19":{"loc":{"start":{"line":112,"column":21},"end":{"line":112,"column":63}},"type":"binary-expr","locations":[{"start":{"line":112,"column":21},"end":{"line":112,"column":40}},{"start":{"line":112,"column":44},"end":{"line":112,"column":63}}],"line":112},"20":{"loc":{"start":{"line":121,"column":2},"end":{"line":129,"column":3}},"type":"if","locations":[{"start":{"line":121,"column":2},"end":{"line":129,"column":3}},{"start":{"line":125,"column":9},"end":{"line":129,"column":3}}],"line":121},"21":{"loc":{"start":{"line":153,"column":6},"end":{"line":155,"column":7}},"type":"if","locations":[{"start":{"line":153,"column":6},"end":{"line":155,"column":7}},{"start":{},"end":{}}],"line":153},"22":{"loc":{"start":{"line":164,"column":6},"end":{"line":171,"column":7}},"type":"if","locations":[{"start":{"line":164,"column":6},"end":{"line":171,"column":7}},{"start":{"line":167,"column":13},"end":{"line":171,"column":7}}],"line":164},"23":{"loc":{"start":{"line":193,"column":6},"end":{"line":199,"column":7}},"type":"if","locations":[{"start":{"line":193,"column":6},"end":{"line":199,"column":7}},{"start":{"line":195,"column":13},"end":{"line":199,"column":7}}],"line":193},"24":{"loc":{"start":{"line":195,"column":13},"end":{"line":199,"column":7}},"type":"if","locations":[{"start":{"line":195,"column":13},"end":{"line":199,"column":7}},{"start":{"line":197,"column":13},"end":{"line":199,"column":7}}],"line":195},"25":{"loc":{"start":{"line":197,"column":13},"end":{"line":199,"column":7}},"type":"if","locations":[{"start":{"line":197,"column":13},"end":{"line":199,"column":7}},{"start":{},"end":{}}],"line":197},"26":{"loc":{"start":{"line":213,"column":6},"end":{"line":215,"column":7}},"type":"if","locations":[{"start":{"line":213,"column":6},"end":{"line":215,"column":7}},{"start":{},"end":{}}],"line":213},"27":{"loc":{"start":{"line":221,"column":6},"end":{"line":242,"column":7}},"type":"if","locations":[{"start":{"line":221,"column":6},"end":{"line":242,"column":7}},{"start":{"line":239,"column":13},"end":{"line":242,"column":7}}],"line":221}},"s":{"0":0,"1":0,"2":0,"3":0,"4":0,"5":0,"6":0,"7":0,"8":0,"9":0,"10":0,"11":0,"12":0,"13":0,"14":0,"15":0,"16":0,"17":0,"18":0,"19":0,"20":0,"21":0,"22":0,"23":0,"24":0,"25":0,"26":0,"27":0,"28":0,"29":0,"30":0,"31":0,"32":0,"33":0,"34":0,"35":0,"36":0,"37":0,"38":0,"39":0,"40":0,"41":0,"42":0,"43":0,"44":0,"45":0,"46":0,"47":0,"48":0,"49":0,"50":0,"51":0,"52":0,"53":0,"54":0,"55":0,"56":0,"57":0,"58":0,"59":0,"60":0,"61":0,"62":0,"63":0,"64":0,"65":0,"66":0,"67":0,"68":0,"69":0,"70":0,"71":0,"72":0,"73":0,"74":0,"75":0,"76":0,"77":0,"78":0,"79":0,"80":0,"81":0,"82":0,"83":0,"84":0,"85":0,"86":0,"87":0,"88":0,"89":0,"90":0,"91":0,"92":0,"93":0,"94":0,"95":0,"96":0,"97":0,"98":0,"99":0,"100":0,"101":0,"102":0,"103":0,"104":0,"105":0,"106":0,"107":0,"108":0,"109":0,"110":0,"111":0,"112":0,"113":0,"114":0,"115":0,"116":0,"117":0,"118":0,"119":0,"120":0,"121":0,"122":0,"123":0,"124":0,"125":0,"126":0,"127":0,"128":0,"129":0,"130":0,"131":0,"132":0,"133":0,"134":0,"135":0,"136":0},"f":{"0":0,"1":0,"2":0,"3":0,"4":0,"5":0,"6":0,"7":0,"8":0,"9":0,"10":0,"11":0,"12":0},"b":{"0":[0,0],"1":[0,0],"2":[0,0],"3":[0,0],"4":[0,0],"5":[0,0],"6":[0,0],"7":[0,0],"8":[0,0],"9":[0,0],"10":[0,0],"11":[0,0],"12":[0,0],"13":[0,0],"14":[0,0],"15":[0,0],"16":[0,0],"17":[0,0],"18":[0,0],"19":[0,0],"20":[0,0],"21":[0,0],"22":[0,0],"23":[0,0],"24":[0,0],"25":[0,0],"26":[0,0],"27":[0,0]},"inputSourceMap":null}
[...]
0,"30":0,"31":0,"32":0,"33":0,"34":0,"35":0,"36":0,"37":0,"38":0,"39":0,"40":0,"41":0,"42":0,"43":0,"44":0,"45":0,"46":0,"47":0,"48":0,"49":0,"50":0,"51":0,"52":0,"53":0,"54":0,"55":0,"56":0,"57":0,"58":0,"59":0,"60":0,"61":0,"62":0,"63":0,"64":0,"65":0,"66":0,"67":0,"68":0,"69":0,"70":0,"71":0,"72":0,"73":0,"74":0,"75":0,"76":0,"77":0,"78":0,"79":0,"80":0,"81":0,"82":0,"83":0,"84":0,"85":0,"86":0,"87":0,"88":0,"89":0,"90":0,"91":0,"92":0,"93":0,"94":0,"95":0,"96":0,"97":0,"98":0,"99":0,"100":0,"101":0,"102":0,"103":0,"104":0,"105":0,"106":0,"107":0,"108":0,"109":0,"110":0,"111":0,"112":0,"113":0,"114":0,"115":0,"116":0,"117":0,"118":0,"119":0,"120":0,"121":0,"122":0,"123":0,"124":0,"125":0,"126":0,"127":0,"128":0,"129":0,"130":0,"131":0,"132":0,"133":0,"134":0,"135":0,"136":0,"137":0,"138":0,"139":0,"140":0,"141":0,"142":0,"143":0,"144":0,"145":0,"146":0,"147":0,"148":0,"149":0,"150":0,"151":0,"152":0,"153":0,"154":0,"155":0,"156":0,"157":0,"158":0,"159":0,"160":0,"161":0,"162":0,"163":0,"164":0,"165":0,"166":0,"167":0,"168":0,"169":0,"170":0,"171":0,"172":0,"173":0,"174":0,"175":0,"176":0,"177":0,"178":0,"179":0,"180":0,"181":0,"182":0,"183":0,"184":0,"185":0,"186":0,"187":0,"188":0,"189":0,"190":0,"191":0,"192":0,"193":0,"194":0,"195":0,"196":0,"197":0,"198":0,"199":0,"200":0,"201":0,"202":0,"203":0,"204":0,"205":0,"206":0,"207":0,"208":0,"209":0,"210":0,"211":0,"212":0,"213":0,"214":0,"215":0,"216":0},"f":{"0":0,"1":0,"2":0,"3":0,"4":0,"5":0,"6":0,"7":0,"8":0,"9":0,"10":0,"11":0,"12":0,"13":0,"14":0,"15":0,"16":0,"17":0,"18":0,"19":0,"20":0,"21":0,"22":0,"23":0,"24":0,"25":0,"26":0,"27":0,"28":0,"29":0,"30":0,"31":0,"32":0,"33":0,"34":0},"b":{"0":[0,0],"1":[0,0],"2":[0,0],"3":[0],"4":[0],"5":[0,0],"6":[0,0],"7":[0,0],"8":[0,0],"9":[0,0],"10":[0,0],"11":[0,0],"12":[0,0],"13":[0,0],"14":[0,0],"15":[0,0],"16":[0,0],"17":[0,0],"18":[0,0],"19":[0,0],"20":[0,0],"21":[0,0],"22":[0,0],"23":[0,0],"24":[0,0],"25":[0,0],"26":[0,0],"27":[0,0,0],"28":[0,0]},"inputSourceMap":null}
,"/mnt/e/BudgetBuckets/migrations/import-local.js": {"path":"/mnt/e/BudgetBuckets/migrations/import-local.js","statementMap":{"0":{"start":{"line":1,"column":0},"end":{"line":270,"column":5}},"1":{"start":{"line":7,"column":31},"end":{"line":7,"column":49}},"2":{"start":{"line":11,"column":8},"end":{"line":17,"column":9}},"3":{"start":{"line":12,"column":25},"end":{"line":12,"column":65}},"4":{"start":{"line":13,"column":12},"end":{"line":13,"column":26}},"5":{"start":{"line":15,"column":12},"end":{"line":15,"column":67}},"6":{"start":{"line":16,"column":12},"end":{"line":16,"column":25}},"7":{"start":{"line":22,"column":8},"end":{"line":30,"column":9}},"8":{"start":{"line":23,"column":25},"end":{"line":23,"column":65}},"9":{"start":{"line":24,"column":12},"end":{"line":24,"column":35}},"10":{"start":{"line":24,"column":23},"end":{"line":24,"column":35}},"11":{"start":{"line":26,"column":12},"end":{"line":26,"column":36}},"12":{"start":{"line":28,"column":12},"end":{"line":28,"column":62}},"13":{"start":{"line":29,"column":12},"end":{"line":29,"column":24}},"14":{"start":{"line":35,"column":8},"end":{"line":37,"column":9}},"15":{"start":{"line":36,"column":12},"end":{"line":36,"column":25}},"16":{"start":{"line":40,"column":8},"end":{"line":42,"column":9}},"17":{"start":{"line":41,"column":12},"end":{"line":41,"column":25}},"18":{"start":{"line":44,"column":8},"end":{"line":46,"column":9}},"19":{"start":{"line":45,"column":12},"end":{"line":45,"column":25}},"20":{"start":{"line":48,"column":8},"end":{"line":48,"column":20}},"21":{"start":{"line":54,"column":32},"end":{"line":71,"column":10}},"22":{"start":{"line":54,"column":45},"end":{"line":71,"column":9}},"23":{"start":{"line":60,"column":53},"end":{"line":65,"column":13}},"24":{"start":{"line":73,"column":32},"end":{"line":90,"column":9}},"25":{"start":{"line":82,"column":36},"end":{"line":82,"column":59}},"26":{"start":{"line":84,"column":16},"end":{"line":87,"column":17}},"27":{"start":{"line":85,"column":20},"end":{"line":85,"column":52}},"28":{"start":{"line":86,"column":20},"end":{"line":86,"column":47}},"29":{"start":{"line":88,"column":16},"end":{"line":88,"column":35}},"30":{"start":{"line":92,"column":8},"end":{"line":92,"column":31}},"31":{"start":{"line":97,"column":8},"end":{"line":97,"column":82}},"32":{"start":{"line":102,"column":8},"end":{"line":104,"column":9}},"33":{"start":{"line":103,"column":12},"end":{"line":103,"column":58}},"34":{"start":{"line":106,"column":26},"end":{"line":106,"column":40}},"35":{"start":{"line":107,"column":8},"end":{"line":109,"column":9}},"36":{"start":{"line":108,"column":12},"end":{"line":108,"column":51}},"37":{"start":{"line":111,"column":8},"end":{"line":113,"column":9}},"38":{"start":{"line":112,"column":12},"end":{"line":112,"column":57}},"39":{"start":{"line":115,"column":8},"end":{"line":126,"column":9}},"40":{"start":{"line":117,"column":36},"end":{"line":117,"column":65}},"41":{"start":{"line":120,"column":27},"end":{"line":120,"column":83}},"42":{"start":{"line":122,"column":12},"end":{"line":122,"column":26}},"43":{"start":{"line":124,"column":12},"end":{"line":124,"column":64}},"44":{"start":{"line":125,"column":12},"end":{"line":125,"column":24}},"45":{"start":{"line":131,"column":8},"end":{"line":135,"column":9}},"46":{"start":{"line":132,"column":12},"end":{"line":132,"column":56}},"47":{"start":{"line":134,"column":12},"end":{"line":134,"column":63}},"48":{"start":{"line":140,"column":8},"end":{"line":142,"column":9}},"49":{"start":{"line":141,"column":12},"end":{"line":141,"column":24}},"50":{"start":{"line":144,"column":26},"end":{"line":144,"column":40}},"51":{"start":{"line":145,"column":8},"end":{"line":148,"column":9}},"52":{"start":{"line":146,"column":12},"end":{"line":146,"column":61}},"53":{"start":{"line":147,"column":12},"end":{"line":147,"column":24}},"54":{"start":{"line":151,"column":29},"end":{"line":151,"column":101}},"55":{"start":{"line":151,"column":72},"end":{"line":151,"column":97}},"56":{"start":{"line":152,"column":29},"end":{"line":152,"column":100}},"57":{"start":{"line":152,"column":71},"end":{"line":152,"column":96}},"58":{"start":{"line":154,"column":24},"end":{"line":159,"column":72}},"59":{"start":{"line":161,"column":8},"end":{"line":167,"column":11}},"60":{"start":{"line":162,"column":12},"end":{"line":166,"column":13}},"61":{"start":{"line":163,"column":16},"end":{"line":163,"column":30}},"62":{"start":{"line":165,"column":16},"end":{"line":165,"column":31}},"63":{"start":{"line":172,"column":8},"end":{"line":202,"column":9}},"64":{"start":{"line":173,"column":12},"end":{"line":173,"column":64}},"65":{"start":{"line":175,"column":34},"end":{"line":175,"column":64}},"66":{"start":{"line":176,"column":12},"end":{"line":178,"column":13}},"67":{"start":{"line":177,"column":16},"end":{"line":177,"column":68}},"68":{"start":{"line":180,"column":12},"end":{"line":182,"column":13}},"69":{"start":{"line":181,"column":16},"end":{"line":181,"column":68}},"70":{"start":{"line":184,"column":12},"end":{"line":184,"column":67}},"71":{"start":{"line":186,"column":27},"end":{"line":186,"column":61}},"72":{"start":{"line":188,"column":12},"end":{"line":188,"column":66}},"73":{"start":{"line":189,"column":12},"end":{"line":189,"column":29}},"74":{"start":{"line":191,"column":12},"end":{"line":191,"column":36}},"75":{"start":{"line":193,"column":12},"end":{"line":197,"column":14}},"76":{"start":{"line":200,"column":12},"end":{"line":200,"column":36}},"77":{"start":{"line":201,"column":12},"end":{"line":201,"column":24}},"78":{"start":{"line":207,"column":25},"end":{"line":207,"column":69}},"79":{"start":{"line":208,"column":8},"end":{"line":211,"column":9}},"80":{"start":{"line":209,"column":12},"end":{"line":209,"column":69}},"81":{"start":{"line":210,"column":12},"end":{"line":210,"column":19}},"82":{"start":{"line":213,"column":29},"end":{"line":245,"column":9}},"83":{"start":{"line":247,"column":8},"end":{"line":247,"column":68}},"84":{"start":{"line":251,"column":25},"end":{"line":251,"column":69}},"85":{"start":{"line":252,"column":8},"end":{"line":254,"column":9}},"86":{"start":{"line":253,"column":12},"end":{"line":253,"column":30}},"87":{"start":{"line":258,"column":4},"end":{"line":269,"column":6}}},"fnMap":{"0":{"name":"(anonymous_0)","decl":{"start":{"line":1,"column":1},"end":{"line":1,"column":2}},"loc":{"start":{"line":1,"column":12},"end":{"line":270,"column":1}},"line":1},"1":{"name":"hasLocalData","decl":{"start":{"line":10,"column":13},"end":{"line":10,"column":25}},"loc":{"start":{"line":10,"column":28},"end":{"line":18,"column":5}},"line":10},"2":{"name":"getLocalData","decl":{"start":{"line":21,"column":13},"end":{"line":21,"column":25}},"loc":{"start":{"line":21,"column":28},"end":{"line":31,"column":5}},"line":21},"3":{"name":"validateLocalData","decl":{"start":{"line":34,"column":13},"end":{"line":34,"column":30}},"loc":{"start":{"line":34,"column":37},"end":{"line":49,"column":5}},"line":34},"4":{"name":"transformLocalData","decl":{"start":{"line":52,"column":13},"end":{"line":52,"column":31}},"loc":{"start":{"line":52,"column":43},"end":{"line":93,"column":5}},"line":52},"5":{"name":"(anonymous_5)","decl":{"start":{"line":54,"column":32},"end":{"line":54,"column":33}},"loc":{"start":{"line":54,"column":45},"end":{"line":71,"column":9}},"line":54},"6":{"name":"(anonymous_6)","decl":{"start":{"line":60,"column":44},"end":{"line":60,"column":45}},"loc":{"start":{"line":60,"column":53},"end":{"line":65,"column":13}},"line":60},"7":{"name":"(anonymous_7)","decl":{"start":{"line":81,"column":43},"end":{"line":81,"column":44}},"loc":{"start":{"line":81,"column":53},"end":{"line":89,"column":13}},"line":81},"8":{"name":"generateId","decl":{"start":{"line":96,"column":13},"end":{"line":96,"column":23}},"loc":{"start":{"line":96,"column":26},"end":{"line":98,"column":5}},"line":96},"9":{"name":"importLocalDataToCloud","decl":{"start":{"line":101,"column":19},"end":{"line":101,"column":41}},"loc":{"start":{"line":101,"column":48},"end":{"line":127,"column":5}},"line":101},"10":{"name":"clearLocalData","decl":{"start":{"line":130,"column":13},"end":{"line":130,"column":27}},"loc":{"start":{"line":130,"column":30},"end":{"line":136,"column":5}},"line":130},"11":{"name":"promptForMigration","decl":{"start":{"line":139,"column":19},"end":{"line":139,"column":37}},"loc":{"start":{"line":139,"column":44},"end":{"line":168,"column":5}},"line":139},"12":{"name":"(anonymous_12)","decl":{"start":{"line":151,"column":55},"end":{"line":151,"column":56}},"loc":{"start":{"line":151,"column":72},"end":{"line":151,"column":97}},"line":151},"13":{"name":"(anonymous_13)","decl":{"start":{"line":152,"column":54},"end":{"line":152,"column":55}},"loc":{"start":{"line":152,"column":71},"end":{"line":152,"column":96}},"line":152},"14":{"name":"(anonymous_14)","decl":{"start":{"line":161,"column":27},"end":{"line":161,"column":28}},"loc":{"start":{"line":161,"column":40},"end":{"line":167,"column":9}},"line":161},"15":{"name":"performMigration","decl":{"start":{"line":171,"column":19},"end":{"line":171,"column":35}},"loc":{"start":{"line":171,"column":42},"end":{"line":203,"column":5}},"line":171},"16":{"name":"showMigrationProgress","decl":{"start":{"line":206,"column":13},"end":{"line":206,"column":34}},"loc":{"start":{"line":206,"column":44},"end":{"line":248,"column":5}},"line":206},"17":{"name":"hideMigrationProgress","decl":{"start":{"line":250,"column":13},"end":{"line":250,"column":34}},"loc":{"start":{"line":250,"column":37},"end":{"line":255,"column":5}},"line":250}},"branchMap":{"0":{"loc":{"start":{"line":24,"column":12},"end":{"line":24,"column":35}},"type":"if","locations":[{"start":{"line":24,"column":12},"end":{"line":24,"column":35}},{"start":{},"end":{}}],"line":24},"1":{"loc":{"start":{"line":35,"column":8},"end":{"line":37,"column":9}},"type":"if","locations":[{"start":{"line":35,"column":8},"end":{"line":37,"column":9}},{"start":{},"end":{}}],"line":35},"2":{"loc":{"start":{"line":35,"column":12},"end":{"line":35,"column":45}},"type":"binary-expr","locations":[{"start":{"line":35,"column":12},"end":{"line":35,"column":17}},{"start":{"line":35,"column":21},"end":{"line":35,"column":45}}],"line":35},"3":{"loc":{"start":{"line":40,"column":8},"end":{"line":42,"column":9}},"type":"if","locations":[{"start":{"line":40,"column":8},"end":{"line":42,"column":9}},{"start":{},"end":{}}],"line":40},"4":{"loc":{"start":{"line":40,"column":12},"end":{"line":40,"column":63}},"type":"binary-expr","locations":[{"start":{"line":40,"column":12},"end":{"line":40,"column":26}},{"start":{"line":40,"column":30},"end":{"line":40,"column":63}}],"line":40},"5":{"loc":{"start":{"line":44,"column":8},"end":{"line":46,"column":9}},"type":"if","locations":[{"start":{"line":44,"column":8},"end":{"line":46,"column":9}},{"start":{},"end":{}}],"line":44},"6":{"loc":{"start":{"line":44,"column":12},"end":{"line":44,"column":73}},"type":"binary-expr","locations":[{"start":{"line":44,"column":12},"end":{"line":44,"column":41}},{"start":{"line":44,"column":45},"end":{"line":44,"column":73}}],"line":44},"7":{"loc":{"start":{"line":55,"column":16},"end":{"line":55,"column":41}},"type":"binary-expr","locations":[{"start":{"line":55,"column":16},"end":{"line":55,"column":25}},{"start":{"line":55,"column":29},"end":{"line":55,"column":41}}],"line":55},"8":{"loc":{"start":{"line":56,"column":18},"end":{"line":56,"column":42}},"type":"binary-expr","locations":[{"start":{"line":56,"column":18},"end":{"line":56,"column":29}},{"start":{"line":56,"column":33},"end":{"line":56,"column":42}}],"line":56},"9":{"loc":{"start":{"line":57,"column":25},"end":{"line":57,"column":49}},"type":"binary-expr","locations":[{"start":{"line":57,"column":25},"end":{"line":57,"column":43}},{"start":{"line":57,"column":47},"end":{"line":57,"column":49}}],"line":57},"10":{"loc":{"start":{"line":59,"column":19},"end":{"line":59,"column":37}},"type":"binary-expr","locations":[{"start":{"line":59,"column":19},"end":{"line":59,"column":31}},{"start":{"line":59,"column":35},"end":{"line":59,"column":37}}],"line":59},"11":{"loc":{"start":{"line":60,"column":20},"end":{"line":60,"column":38}},"type":"binary-expr","locations":[{"start":{"line":60,"column":20},"end":{"line":60,"column":32}},{"start":{"line":60,"column":36},"end":{"line":60,"column":38}}],"line":60},"12":{"loc":{"start":{"line":61,"column":20},"end":{"line":61,"column":43}},"type":"binary-expr","locations":[{"start":{"line":61,"column":20},"end":{"line":61,"column":27}},{"start":{"line":61,"column":31},"end":{"line":61,"column":43}}],"line":61},"13":{"loc":{"start":{"line":62,"column":22},"end":{"line":62,"column":45}},"type":"binary-expr","locations":[{"start":{"line":62,"column":22},"end":{"line":62,"column":31}},{"start":{"line":62,"column":35},"end":{"line":62,"column":45}}],"line":62},"14":{"loc":{"start":{"line":63,"column":24},"end":{"line":63,"column":52}},"type":"binary-expr","locations":[{"start":{"line":63,"column":24},"end":{"line":63,"column":47}},{"start":{"line":63,"column":51},"end":{"line":63,"column":52}}],"line":63},"15":{"loc":{"start":{"line":67,"column":16},"end":{"line":70,"column":13}},"type":"binary-expr","locations":[{"start":{"line":67,"column":16},"end":{"line":67,"column":48}},{"start":{"line":67,"column":52},"end":{"line":70,"column":13}}],"line":67},"16":{"loc":{"start":{"line":69,"column":28},"end":{"line":69,"column":62}},"type":"binary-expr","locations":[{"start":{"line":69,"column":28},"end":{"line":69,"column":57}},{"start":{"line":69,"column":61},"end":{"line":69,"column":62}}],"line":69},"17":{"loc":{"start":{"line":76,"column":30},"end":{"line":76,"column":78}},"type":"binary-expr","locations":[{"start":{"line":76,"column":30},"end":{"line":76,"column":73}},{"start":{"line":76,"column":77},"end":{"line":76,"column":78}}],"line":76},"18":{"loc":{"start":{"line":77,"column":33},"end":{"line":77,"column":84}},"type":"binary-expr","locations":[{"start":{"line":77,"column":33},"end":{"line":77,"column":67}},{"start":{"line":77,"column":71},"end":{"line":77,"column":84}}],"line":77},"19":{"loc":{"start":{"line":78,"column":26},"end":{"line":78,"column":62}},"type":"binary-expr","locations":[{"start":{"line":78,"column":26},"end":{"line":78,"column":53}},{"start":{"line":78,"column":57},"end":{"line":78,"column":62}}],"line":78},"20":{"loc":{"start":{"line":84,"column":16},"end":{"line":87,"column":17}},"type":"if","locations":[{"start":{"line":84,"column":16},"end":{"line":87,"column":17}},{"start":{},"end":{}}],"line":84},"21":{"loc":{"start":{"line":102,"column":8},"end":{"line":104,"column":9}},"type":"if","locations":[{"start":{"line":102,"column":8},"end":{"line":104,"column":9}},{"start":{},"end":{}}],"line":102},"22":{"loc":{"start":{"line":107,"column":8},"end":{"line":109,"column":9}},"type":"if","locations":[{"start":{"line":107,"column":8},"end":{"line":109,"column":9}},{"start":{},"end":{}}],"line":107},"23":{"loc":{"start":{"line":111,"column":8},"end":{"line":113,"column":9}},"type":"if","locations":[{"start":{"line":111,"column":8},"end":{"line":113,"column":9}},{"start":{},"end":{}}],"line":111},"24":{"loc":{"start":{"line":140,"column":8},"end":{"line":142,"column":9}},"type":"if","locations":[{"start":{"line":140,"column":8},"end":{"line":142,"column":9}},{"start":{},"end":{}}],"line":140},"25":{"loc":{"start":{"line":145,"column":8},"end":{"line":148,"column":9}},"type":"if","locations":[{"start":{"line":145,"column":8},"end":{"line":148,"column":9}},{"start":{},"end":{}}],"line":145},"26":{"loc":{"start":{"line":145,"column":12},"end":{"line":145,"column":55}},"type":"binary-expr","locations":[{"start":{"line":145,"column":12},"end":{"line":145,"column":22}},{"start":{"line":145,"column":26},"end":{"line":145,"column":55}}],"line":145},"27":{"loc":{"start":{"line":162,"column":12},"end":{"line":166,"column":13}},"type":"if","locations":[{"start":{"line":162,"column":12},"end":{"line":166,"column":13}},{"start":{"line":164,"column":19},"end":{"line":166,"column":13}}],"line":162},"28":{"loc":{"start":{"line":176,"column":12},"end":{"line":178,"column":13}},"type":"if","locations":[{"start":{"line":176,"column":12},"end":{"line":178,"column":13}},{"start":{},"end":{}}],"line":176},"29":{"loc":{"start":{"line":180,"column":12},"end":{"line":182,"column":13}},"type":"if","locations":[{"start":{"line":180,"column":12},"end":{"line":182,"column":13}},{"start":{},"end":{}}],"line":180},"30":{"loc":{"start":{"line":208,"column":8},"end":{"line":211,"column":9}},"type":"if","locations":[{"start":{"line":208,"column":8},"end":{"line":211,"column":9}},{"start":{},"end":{}}],"line":208},"31":{"loc":{"start":{"line":252,"column":8},"end":{"line":254,"column":9}},"type":"if","locations":[{"start":{"line":252,"column":8},"end":{"line":254,"column":9}},{"start":{},"end":{}}],"line":252}},"s":{"0":0,"1":0,"2":0,"3":0,"4":0,"5":0,"6":0,"7":0,"8":0,"9":0,"10":0,"11":0,"12":0,"13":0,"14":0,"15":0,"16":0,"17":0,"18":0,"19":0,"20":0,"21":0,"22":0,"23":0,"24":0,"25":0,"26":0,"27":0,"28":0,"29":0,"30":0,"31":0,"32":0,"33":0,"34":0,"35":0,"36":0,"37":0,"38":0,"39":0,"40":0,"41":0,"42":0,"43":0,"44":0,"45":0,"46":0,"47":0,"48":0,"49":0,"50":0,"51":0,"52":0,"53":0,"54":0,"55":0,"56":0,"57":0,"58":0,"59":0,"60":0,"61":0,"62":0,"63":0,"64":0,"65":0,"66":0,"67":0,"68":0,"69":0,"70":0,"71":0,"72":0,"73":0,"74":0,"75":0,"76":0,"77":0,"78":0,"79":0,"80":0,"81":0,"82":0,"83":0,"84":0,"85":0,"86":0,"87":0},"f":{"0":0,"1":0,"2":0,"3":0,"4":0,"5":0,"6":0,"7":0,"8":0,"9":0,"10":0,"11":0,"12":0,"13":0,"14":0,"15":0,"16":0,"17":0},"b":{"0":[0,0],"1":[0,0],"2":[0,0],"3":[0,0],"4":[0,0],"5":[0,0],"6":[0,0],"7":[0,0],"8":[0,0],"9":[0,0],"10":[0,0],"11":[0,0],"12":[0,0],"13":[0,0],"14":[0,0],"15":[0,0],"16":[0,0],"17":[0,0],"18":[0,0],"19":[0,0],"20":[0,0],"21":[0,0],"22":[0,0],"23":[0,0],"24":[0,0],"25":[0,0],"26":[0,0],"27":[0,0],"28":[0,0],"29":[0,0],"30":[0,0],"31":[0,0]},"inputSourceMap":null}
}
