TN:
SF:app/account.js
FN:25,mountAccountView
FN:42,showAccountView
FN:52,hideAccountView
FN:63,handleAuthStateChange
FN:95,showSignInPrompt
FN:108,showAccountContent
FN:123,populateProfileSection
FN:129,(anonymous_7)
FN:173,populateBillingSection
FN:219,populateSecuritySection
FN:220,(anonymous_10)
FN:221,(anonymous_11)
FN:252,populatePreferencesSection
FN:262,fetchBillingConfig
FN:279,setupEventListeners
FN:319,(anonymous_15)
FN:326,handleUpgrade
FN:382,handleManageBilling
FN:392,(anonymous_18)
FN:425,(anonymous_19)
FN:435,handleResendVerification
FN:462,handleChangeEmail
FN:487,(anonymous_22)
FN:488,(anonymous_23)
FN:540,handleChangePassword
FN:618,handleSavePreferences
FN:658,showToast
FN:669,(anonymous_27)
FN:674,(anonymous_28)
FN:676,(anonymous_29)
FN:689,maskCustomerId
FN:695,(anonymous_31)
FNF:32
FNH:0
FNDA:0,mountAccountView
FNDA:0,showAccountView
FNDA:0,hideAccountView
FNDA:0,handleAuthStateChange
FNDA:0,showSignInPrompt
FNDA:0,showAccountContent
FNDA:0,populateProfileSection
FNDA:0,(anonymous_7)
FNDA:0,populateBillingSection
FNDA:0,populateSecuritySection
FNDA:0,(anonymous_10)
FNDA:0,(anonymous_11)
FNDA:0,populatePreferencesSection
FNDA:0,fetchBillingConfig
FNDA:0,setupEventListeners
FNDA:0,(anonymous_15)
FNDA:0,handleUpgrade
FNDA:0,handleManageBilling
FNDA:0,(anonymous_18)
FNDA:0,(anonymous_19)
FNDA:0,handleResendVerification
FNDA:0,handleChangeEmail
FNDA:0,(anonymous_22)
FNDA:0,(anonymous_23)
FNDA:0,handleChangePassword
FNDA:0,handleSavePreferences
FNDA:0,showToast
FNDA:0,(anonymous_27)
FNDA:0,(anonymous_28)
FNDA:0,(anonymous_29)
FNDA:0,maskCustomerId
FNDA:0,(anonymous_31)
DA:15,0
DA:17,0
DA:18,0
DA:26,0
DA:27,0
DA:30,0
DA:33,0
DA:36,0
DA:43,0
DA:44,0
DA:45,0
DA:53,0
DA:54,0
DA:55,0
DA:64,0
DA:66,0
DA:67,0
DA:68,0
DA:71,0
DA:73,0
DA:74,0
DA:75,0
DA:77,0
DA:80,0
DA:81,0
DA:82,0
DA:83,0
DA:84,0
DA:87,0
DA:88,0
DA:96,0
DA:97,0
DA:98,0
DA:100,0
DA:101,0
DA:102,0
DA:109,0
DA:110,0
DA:111,0
DA:113,0
DA:114,0
DA:115,0
DA:125,0
DA:126,0
DA:127,0
DA:129,0
DA:133,0
DA:136,0
DA:137,0
DA:138,0
DA:142,0
DA:143,0
DA:146,0
DA:147,0
DA:148,0
DA:149,0
DA:150,0
DA:151,0
DA:153,0
DA:154,0
DA:159,0
DA:160,0
DA:161,0
DA:162,0
DA:163,0
DA:174,0
DA:175,0
DA:176,0
DA:177,0
DA:178,0
DA:180,0
DA:182,0
DA:183,0
DA:185,0
DA:186,0
DA:187,0
DA:194,0
DA:195,0
DA:197,0
DA:198,0
DA:206,0
DA:207,0
DA:208,0
DA:220,0
DA:221,0
DA:224,0
DA:225,0
DA:227,0
DA:228,0
DA:229,0
DA:230,0
DA:231,0
DA:232,0
DA:236,0
DA:237,0
DA:239,0
DA:240,0
DA:241,0
DA:243,0
DA:244,0
DA:253,0
DA:254,0
DA:255,0
DA:263,0
DA:264,0
DA:265,0
DA:266,0
DA:267,0
DA:269,0
DA:272,0
DA:281,0
DA:282,0
DA:283,0
DA:287,0
DA:288,0
DA:289,0
DA:293,0
DA:294,0
DA:295,0
DA:296,0
DA:298,0
DA:299,0
DA:300,0
DA:301,0
DA:304,0
DA:305,0
DA:307,0
DA:308,0
DA:311,0
DA:312,0
DA:313,0
DA:317,0
DA:318,0
DA:319,0
DA:327,0
DA:329,0
DA:330,0
DA:331,0
DA:334,0
DA:335,0
DA:336,0
DA:337,0
DA:340,0
DA:341,0
DA:343,0
DA:356,0
DA:357,0
DA:360,0
DA:362,0
DA:363,0
DA:365,0
DA:369,0
DA:370,0
DA:372,0
DA:373,0
DA:374,0
DA:383,0
DA:385,0
DA:392,0
DA:393,0
DA:394,0
DA:397,0
DA:398,0
DA:400,0
DA:408,0
DA:409,0
DA:412,0
DA:414,0
DA:415,0
DA:417,0
DA:421,0
DA:422,0
DA:425,0
DA:426,0
DA:427,0
DA:436,0
DA:438,0
DA:439,0
DA:440,0
DA:441,0
DA:444,0
DA:445,0
DA:446,0
DA:449,0
DA:450,0
DA:452,0
DA:453,0
DA:454,0
DA:463,0
DA:465,0
DA:466,0
DA:467,0
DA:469,0
DA:471,0
DA:472,0
DA:473,0
DA:474,0
DA:477,0
DA:478,0
DA:479,0
DA:482,0
DA:483,0
DA:485,0
DA:487,0
DA:488,0
DA:490,0
DA:491,0
DA:492,0
DA:493,0
DA:494,0
DA:497,0
DA:498,0
DA:500,0
DA:501,0
DA:502,0
DA:506,0
DA:509,0
DA:511,0
DA:514,0
DA:515,0
DA:518,0
DA:520,0
DA:521,0
DA:522,0
DA:523,0
DA:524,0
DA:525,0
DA:526,0
DA:529,0
DA:532,0
DA:533,0
DA:541,0
DA:543,0
DA:544,0
DA:545,0
DA:546,0
DA:548,0
DA:549,0
DA:552,0
DA:553,0
DA:554,0
DA:557,0
DA:558,0
DA:559,0
DA:562,0
DA:563,0
DA:564,0
DA:567,0
DA:568,0
DA:569,0
DA:572,0
DA:573,0
DA:574,0
DA:577,0
DA:578,0
DA:580,0
DA:582,0
DA:583,0
DA:586,0
DA:588,0
DA:591,0
DA:592,0
DA:593,0
DA:596,0
DA:598,0
DA:599,0
DA:600,0
DA:601,0
DA:602,0
DA:603,0
DA:604,0
DA:607,0
DA:610,0
DA:611,0
DA:619,0
DA:621,0
DA:622,0
DA:624,0
DA:626,0
DA:628,0
DA:629,0
DA:631,0
DA:633,0
DA:634,0
DA:636,0
DA:639,0
DA:640,0
DA:644,0
DA:645,0
DA:648,0
DA:649,0
DA:659,0
DA:660,0
DA:662,0
DA:663,0
DA:664,0
DA:666,0
DA:669,0
DA:670,0
DA:674,0
DA:675,0
DA:676,0
DA:677,0
DA:678,0
DA:690,0
DA:691,0
DA:695,0
DA:696,0
DA:697,0
DA:698,0
DA:699,0
LF:311
LH:0
BRDA:44,0,0,0
BRDA:44,0,1,0
BRDA:54,1,0,0
BRDA:54,1,1,0
BRDA:66,2,0,0
BRDA:66,2,1,0
BRDA:77,3,0,0
BRDA:77,3,1,0
BRDA:100,4,0,0
BRDA:100,4,1,0
BRDA:101,5,0,0
BRDA:101,5,1,0
BRDA:102,6,0,0
BRDA:102,6,1,0
BRDA:113,7,0,0
BRDA:113,7,1,0
BRDA:114,8,0,0
BRDA:114,8,1,0
BRDA:115,9,0,0
BRDA:115,9,1,0
BRDA:126,10,0,0
BRDA:126,10,1,0
BRDA:126,10,2,0
BRDA:133,11,0,0
BRDA:133,11,1,0
BRDA:137,12,0,0
BRDA:137,12,1,0
BRDA:138,13,0,0
BRDA:138,13,1,0
BRDA:138,13,2,0
BRDA:143,14,0,0
BRDA:143,14,1,0
BRDA:143,15,0,0
BRDA:143,15,1,0
BRDA:148,16,0,0
BRDA:148,16,1,0
BRDA:148,17,0,0
BRDA:148,17,1,0
BRDA:149,18,0,0
BRDA:149,18,1,0
BRDA:160,19,0,0
BRDA:160,19,1,0
BRDA:160,20,0,0
BRDA:160,20,1,0
BRDA:161,21,0,0
BRDA:161,21,1,0
BRDA:162,22,0,0
BRDA:162,22,1,0
BRDA:163,23,0,0
BRDA:163,23,1,0
BRDA:174,24,0,0
BRDA:174,24,1,0
BRDA:174,25,0,0
BRDA:174,25,1,0
BRDA:180,26,0,0
BRDA:180,26,1,0
BRDA:182,27,0,0
BRDA:182,27,1,0
BRDA:183,28,0,0
BRDA:183,28,1,0
BRDA:185,29,0,0
BRDA:185,29,1,0
BRDA:186,30,0,0
BRDA:186,30,1,0
BRDA:194,31,0,0
BRDA:194,31,1,0
BRDA:195,32,0,0
BRDA:195,32,1,0
BRDA:197,33,0,0
BRDA:197,33,1,0
BRDA:206,34,0,0
BRDA:206,34,1,0
BRDA:206,35,0,0
BRDA:206,35,1,0
BRDA:210,36,0,0
BRDA:210,36,1,0
BRDA:227,37,0,0
BRDA:227,37,1,0
BRDA:228,38,0,0
BRDA:228,38,1,0
BRDA:229,39,0,0
BRDA:229,39,1,0
BRDA:230,40,0,0
BRDA:230,40,1,0
BRDA:231,41,0,0
BRDA:231,41,1,0
BRDA:232,42,0,0
BRDA:232,42,1,0
BRDA:239,43,0,0
BRDA:239,43,1,0
BRDA:240,44,0,0
BRDA:240,44,1,0
BRDA:241,45,0,0
BRDA:241,45,1,0
BRDA:243,46,0,0
BRDA:243,46,1,0
BRDA:244,47,0,0
BRDA:244,47,1,0
BRDA:254,48,0,0
BRDA:254,48,1,0
BRDA:254,49,0,0
BRDA:254,49,1,0
BRDA:265,50,0,0
BRDA:265,50,1,0
BRDA:282,51,0,0
BRDA:282,51,1,0
BRDA:288,52,0,0
BRDA:288,52,1,0
BRDA:298,53,0,0
BRDA:298,53,1,0
BRDA:299,54,0,0
BRDA:299,54,1,0
BRDA:300,55,0,0
BRDA:300,55,1,0
BRDA:301,56,0,0
BRDA:301,56,1,0
BRDA:307,57,0,0
BRDA:307,57,1,0
BRDA:308,58,0,0
BRDA:308,58,1,0
BRDA:312,59,0,0
BRDA:312,59,1,0
BRDA:318,60,0,0
BRDA:318,60,1,0
BRDA:327,61,0,0
BRDA:327,61,1,0
BRDA:327,62,0,0
BRDA:327,62,1,0
BRDA:329,63,0,0
BRDA:329,63,1,0
BRDA:335,64,0,0
BRDA:335,64,1,0
BRDA:356,65,0,0
BRDA:356,65,1,0
BRDA:362,66,0,0
BRDA:362,66,1,0
BRDA:372,67,0,0
BRDA:372,67,1,0
BRDA:383,68,0,0
BRDA:383,68,1,0
BRDA:383,69,0,0
BRDA:383,69,1,0
BRDA:408,70,0,0
BRDA:408,70,1,0
BRDA:414,71,0,0
BRDA:414,71,1,0
BRDA:436,72,0,0
BRDA:436,72,1,0
BRDA:436,73,0,0
BRDA:436,73,1,0
BRDA:439,74,0,0
BRDA:439,74,1,0
BRDA:452,75,0,0
BRDA:452,75,1,0
BRDA:463,76,0,0
BRDA:463,76,1,0
BRDA:463,77,0,0
BRDA:463,77,1,0
BRDA:469,78,0,0
BRDA:469,78,1,0
BRDA:469,79,0,0
BRDA:469,79,1,0
BRDA:472,80,0,0
BRDA:472,80,1,0
BRDA:477,81,0,0
BRDA:477,81,1,0
BRDA:490,82,0,0
BRDA:490,82,1,0
BRDA:492,83,0,0
BRDA:492,83,1,0
BRDA:500,84,0,0
BRDA:500,84,1,0
BRDA:515,85,0,0
BRDA:515,85,1,0
BRDA:521,86,0,0
BRDA:521,86,1,0
BRDA:523,87,0,0
BRDA:523,87,1,0
BRDA:525,88,0,0
BRDA:525,88,1,0
BRDA:541,89,0,0
BRDA:541,89,1,0
BRDA:541,90,0,0
BRDA:541,90,1,0
BRDA:548,91,0,0
BRDA:548,91,1,0
BRDA:548,92,0,0
BRDA:548,92,1,0
BRDA:548,92,2,0
BRDA:548,92,3,0
BRDA:557,93,0,0
BRDA:557,93,1,0
BRDA:562,94,0,0
BRDA:562,94,1,0
BRDA:567,95,0,0
BRDA:567,95,1,0
BRDA:572,96,0,0
BRDA:572,96,1,0
BRDA:599,97,0,0
BRDA:599,97,1,0
BRDA:601,98,0,0
BRDA:601,98,1,0
BRDA:603,99,0,0
BRDA:603,99,1,0
BRDA:619,100,0,0
BRDA:619,100,1,0
BRDA:619,101,0,0
BRDA:619,101,1,0
BRDA:624,102,0,0
BRDA:624,102,1,0
BRDA:624,103,0,0
BRDA:624,103,1,0
BRDA:639,104,0,0
BRDA:639,104,1,0
BRDA:658,105,0,0
BRDA:660,106,0,0
BRDA:660,106,1,0
BRDA:677,107,0,0
BRDA:677,107,1,0
BRDA:690,108,0,0
BRDA:690,108,1,0
BRDA:690,109,0,0
BRDA:690,109,1,0
BRDA:696,110,0,0
BRDA:696,110,1,0
BRDA:698,111,0,0
BRDA:698,111,1,0
BRDA:698,112,0,0
BRDA:698,112,1,0
BRF:229
BRH:0
end_of_record
TN:
SF:app/app-init.js
FN:17,(anonymous_0)
FN:27,(anonymous_1)
FN:50,(anonymous_2)
FN:61,updatePlanUI
FN:66,updateBucketCounter
FN:82,handleEmailVerification
FN:111,(anonymous_6)
FN:118,(anonymous_7)
FN:134,(anonymous_8)
FN:135,(anonymous_9)
FN:138,(anonymous_10)
FN:175,(anonymous_11)
FN:205,(anonymous_12)
FNF:13
FNH:0
FNDA:0,(anonymous_0)
FNDA:0,(anonymous_1)
FNDA:0,(anonymous_2)
FNDA:0,updatePlanUI
FNDA:0,updateBucketCounter
FNDA:0,handleEmailVerification
FNDA:0,(anonymous_6)
FNDA:0,(anonymous_7)
FNDA:0,(anonymous_8)
FNDA:0,(anonymous_9)
FNDA:0,(anonymous_10)
FNDA:0,(anonymous_11)
FNDA:0,(anonymous_12)
DA:6,0
DA:7,0
DA:9,0
DA:10,0
DA:13,0
DA:16,0
DA:17,0
DA:18,0
DA:19,0
DA:21,0
DA:22,0
DA:26,0
DA:27,0
DA:28,0
DA:31,0
DA:32,0
DA:34,0
DA:35,0
DA:36,0
DA:41,0
DA:42,0
DA:43,0
DA:45,0
DA:46,0
DA:50,0
DA:51,0
DA:52,0
DA:53,0
DA:55,0
DA:56,0
DA:62,0
DA:67,0
DA:68,0
DA:69,0
DA:70,0
DA:72,0
DA:73,0
DA:75,0
DA:77,0
DA:83,0
DA:85,0
DA:86,0
DA:87,0
DA:89,0
DA:96,0
DA:97,0
DA:98,0
DA:99,0
DA:100,0
DA:102,0
DA:105,0
DA:106,0
DA:107,0
DA:111,0
DA:112,0
DA:114,0
DA:118,0
DA:121,0
DA:122,0
DA:123,0
DA:124,0
DA:126,0
DA:127,0
DA:128,0
DA:131,0
DA:134,0
DA:135,0
DA:138,0
DA:139,0
DA:140,0
DA:141,0
DA:148,0
DA:149,0
DA:152,0
DA:153,0
DA:154,0
DA:157,0
DA:164,0
DA:165,0
DA:166,0
DA:168,0
DA:169,0
DA:170,0
DA:173,0
DA:174,0
DA:175,0
DA:176,0
DA:177,0
DA:181,0
DA:182,0
DA:188,0
DA:189,0
DA:192,0
DA:193,0
DA:194,0
DA:195,0
DA:196,0
DA:197,0
DA:198,0
DA:200,0
DA:205,0
DA:206,0
DA:207,0
DA:208,0
DA:209,0
DA:212,0
DA:213,0
DA:214,0
DA:217,0
DA:218,0
DA:219,0
DA:221,0
DA:222,0
DA:223,0
DA:224,0
DA:230,0
DA:231,0
DA:233,0
DA:238,0
DA:240,0
DA:241,0
DA:244,0
DA:245,0
DA:248,0
DA:249,0
DA:250,0
DA:251,0
DA:257,0
LF:128
LH:0
BRDA:18,0,0,0
BRDA:18,0,1,0
BRDA:19,1,0,0
BRDA:19,1,1,0
BRDA:26,2,0,0
BRDA:26,2,1,0
BRDA:32,3,0,0
BRDA:32,3,1,0
BRDA:35,4,0,0
BRDA:35,4,1,0
BRDA:41,5,0,0
BRDA:41,5,1,0
BRDA:43,6,0,0
BRDA:43,6,1,0
BRDA:46,7,0,0
BRDA:46,7,1,0
BRDA:51,8,0,0
BRDA:51,8,1,0
BRDA:53,9,0,0
BRDA:53,9,1,0
BRDA:56,10,0,0
BRDA:56,10,1,0
BRDA:68,11,0,0
BRDA:68,11,1,0
BRDA:68,12,0,0
BRDA:68,12,1,0
BRDA:72,13,0,0
BRDA:72,13,1,0
BRDA:96,14,0,0
BRDA:96,14,1,0
BRDA:96,15,0,0
BRDA:96,15,1,0
BRDA:98,16,0,0
BRDA:98,16,1,0
BRDA:105,17,0,0
BRDA:105,17,1,0
BRDA:105,18,0,0
BRDA:105,18,1,0
BRDA:112,19,0,0
BRDA:112,19,1,0
BRDA:121,20,0,0
BRDA:121,20,1,0
BRDA:153,21,0,0
BRDA:153,21,1,0
BRDA:164,22,0,0
BRDA:164,22,1,0
BRDA:193,23,0,0
BRDA:193,23,1,0
BRDA:195,24,0,0
BRDA:195,24,1,0
BRDA:197,25,0,0
BRDA:197,25,1,0
BRDA:213,26,0,0
BRDA:213,26,1,0
BRDA:221,27,0,0
BRDA:221,27,1,0
BRF:56
BRH:0
end_of_record
TN:
SF:app/app.js
FN:11,(anonymous_0)
FN:34,generateId
FN:39,migrateBucketsIfNeeded
FN:44,(anonymous_3)
FN:47,(anonymous_4)
FN:49,(anonymous_5)
FN:50,(anonymous_6)
FN:53,(anonymous_7)
FN:142,convertFrequency
FN:145,(anonymous_9)
FN:164,formatCurrency
FN:177,formatPercent
FN:181,sumIncludedItems
FN:193,(anonymous_13)
FN:194,(anonymous_14)
FN:197,getTotalExpenses
FN:199,(anonymous_16)
FN:200,(anonymous_17)
FN:203,getTotalSavings
FN:205,(anonymous_19)
FN:206,(anonymous_20)
FN:215,getTotalDebt
FN:217,(anonymous_22)
FN:218,(anonymous_23)
FN:222,monthsUntil
FN:229,monthlyNeeded
FN:235,monthlyToBase
FN:243,monthsToPayoff
FN:251,drawAllocRing
FN:285,(anonymous_29)
FN:292,updateDerivedValues
FN:320,updateTotals
FN:351,updateBucketUI
FN:406,updateBucketColor
FN:422,getContrastColor
FN:436,getContrastRatio
FN:454,updateTypeSpecificSections
FN:471,updateSavingsSection
FN:492,(anonymous_38)
FN:609,updateDebtSection
FN:633,wireSortable
FN:640,(anonymous_41)
FN:641,(anonymous_42)
FN:647,saveOrderIndex
FN:649,(anonymous_44)
FN:650,(anonymous_45)
FN:658,createBucketElement
FN:711,(anonymous_47)
FN:724,setupBucketEventListeners
FN:737,(anonymous_49)
FN:743,(anonymous_50)
FN:749,(anonymous_51)
FN:756,(anonymous_52)
FN:762,(anonymous_53)
FN:771,(anonymous_54)
FN:777,(anonymous_55)
FN:783,(anonymous_56)
FN:790,(anonymous_57)
FN:807,(anonymous_58)
FN:815,setupTypeSpecificEventListeners
FN:824,(anonymous_60)
FN:848,(anonymous_61)
FN:849,(anonymous_62)
FN:860,(anonymous_63)
FN:900,(anonymous_64)
FN:939,(anonymous_65)
FN:952,addNewItem
FN:976,addItemToUI
FN:993,(anonymous_68)
FN:998,(anonymous_69)
FN:1006,(anonymous_70)
FN:1014,(anonymous_71)
FN:1016,(anonymous_72)
FN:1030,updateBucketTotal
FN:1057,deleteBucket
FN:1059,(anonymous_75)
FN:1061,(anonymous_76)
FN:1063,(anonymous_77)
FN:1077,(anonymous_78)
FN:1081,showUpgradePrompt
FN:1089,addNewBucket
FN:1159,(anonymous_81)
FN:1183,renderBuckets
FN:1195,(anonymous_83)
FN:1209,(anonymous_84)
FN:1210,(anonymous_85)
FN:1211,(anonymous_86)
FN:1217,(anonymous_87)
FN:1227,(anonymous_88)
FN:1237,(anonymous_89)
FN:1249,(anonymous_90)
FN:1268,saveToCloud
FN:1286,loadTemplatesForNewUser
FN:1380,loadFromCloud
FN:1431,updateUI
FN:1442,setTheme
FN:1451,initializeEventListeners
FN:1461,(anonymous_97)
FN:1472,(anonymous_98)
FN:1487,(anonymous_99)
FN:1495,(anonymous_100)
FN:1503,(anonymous_101)
FN:1513,(anonymous_102)
FN:1514,(anonymous_103)
FN:1528,(anonymous_104)
FN:1532,(anonymous_105)
FN:1540,setupImportExport
FN:1547,(anonymous_107)
FN:1564,(anonymous_108)
FN:1568,(anonymous_109)
FN:1573,(anonymous_110)
FN:1593,(anonymous_111)
FN:1616,loadDemoData
FN:1708,loadSampleData
FN:1874,updateButtonVisibility
FN:1885,(anonymous_115)
FN:1900,init
FN:1954,(anonymous_117)
FN:1961,(anonymous_118)
FNF:119
FNH:0
FNDA:0,(anonymous_0)
FNDA:0,generateId
FNDA:0,migrateBucketsIfNeeded
FNDA:0,(anonymous_3)
FNDA:0,(anonymous_4)
FNDA:0,(anonymous_5)
FNDA:0,(anonymous_6)
FNDA:0,(anonymous_7)
FNDA:0,convertFrequency
FNDA:0,(anonymous_9)
FNDA:0,formatCurrency
FNDA:0,formatPercent
FNDA:0,sumIncludedItems
FNDA:0,(anonymous_13)
FNDA:0,(anonymous_14)
FNDA:0,getTotalExpenses
FNDA:0,(anonymous_16)
FNDA:0,(anonymous_17)
FNDA:0,getTotalSavings
FNDA:0,(anonymous_19)
FNDA:0,(anonymous_20)
FNDA:0,getTotalDebt
FNDA:0,(anonymous_22)
FNDA:0,(anonymous_23)
FNDA:0,monthsUntil
FNDA:0,monthlyNeeded
FNDA:0,monthlyToBase
FNDA:0,monthsToPayoff
FNDA:0,drawAllocRing
FNDA:0,(anonymous_29)
FNDA:0,updateDerivedValues
FNDA:0,updateTotals
FNDA:0,updateBucketUI
FNDA:0,updateBucketColor
FNDA:0,getContrastColor
FNDA:0,getContrastRatio
FNDA:0,updateTypeSpecificSections
FNDA:0,updateSavingsSection
FNDA:0,(anonymous_38)
FNDA:0,updateDebtSection
FNDA:0,wireSortable
FNDA:0,(anonymous_41)
FNDA:0,(anonymous_42)
FNDA:0,saveOrderIndex
FNDA:0,(anonymous_44)
FNDA:0,(anonymous_45)
FNDA:0,createBucketElement
FNDA:0,(anonymous_47)
FNDA:0,setupBucketEventListeners
FNDA:0,(anonymous_49)
FNDA:0,(anonymous_50)
FNDA:0,(anonymous_51)
FNDA:0,(anonymous_52)
FNDA:0,(anonymous_53)
FNDA:0,(anonymous_54)
FNDA:0,(anonymous_55)
FNDA:0,(anonymous_56)
FNDA:0,(anonymous_57)
FNDA:0,(anonymous_58)
FNDA:0,setupTypeSpecificEventListeners
FNDA:0,(anonymous_60)
FNDA:0,(anonymous_61)
FNDA:0,(anonymous_62)
FNDA:0,(anonymous_63)
FNDA:0,(anonymous_64)
FNDA:0,(anonymous_65)
FNDA:0,addNewItem
FNDA:0,addItemToUI
FNDA:0,(anonymous_68)
FNDA:0,(anonymous_69)
FNDA:0,(anonymous_70)
FNDA:0,(anonymous_71)
FNDA:0,(anonymous_72)
FNDA:0,updateBucketTotal
FNDA:0,deleteBucket
FNDA:0,(anonymous_75)
FNDA:0,(anonymous_76)
FNDA:0,(anonymous_77)
FNDA:0,(anonymous_78)
FNDA:0,showUpgradePrompt
FNDA:0,addNewBucket
FNDA:0,(anonymous_81)
FNDA:0,renderBuckets
FNDA:0,(anonymous_83)
FNDA:0,(anonymous_84)
FNDA:0,(anonymous_85)
FNDA:0,(anonymous_86)
FNDA:0,(anonymous_87)
FNDA:0,(anonymous_88)
FNDA:0,(anonymous_89)
FNDA:0,(anonymous_90)
FNDA:0,saveToCloud
FNDA:0,loadTemplatesForNewUser
FNDA:0,loadFromCloud
FNDA:0,updateUI
FNDA:0,setTheme
FNDA:0,initializeEventListeners
FNDA:0,(anonymous_97)
FNDA:0,(anonymous_98)
FNDA:0,(anonymous_99)
FNDA:0,(anonymous_100)
FNDA:0,(anonymous_101)
FNDA:0,(anonymous_102)
FNDA:0,(anonymous_103)
FNDA:0,(anonymous_104)
FNDA:0,(anonymous_105)
FNDA:0,setupImportExport
FNDA:0,(anonymous_107)
FNDA:0,(anonymous_108)
FNDA:0,(anonymous_109)
FNDA:0,(anonymous_110)
FNDA:0,(anonymous_111)
FNDA:0,loadDemoData
FNDA:0,loadSampleData
FNDA:0,updateButtonVisibility
FNDA:0,(anonymous_115)
FNDA:0,init
FNDA:0,(anonymous_117)
FNDA:0,(anonymous_118)
DA:11,0
DA:15,0
DA:16,0
DA:17,0
DA:18,0
DA:19,0
DA:21,0
DA:35,0
DA:40,0
DA:41,0
DA:44,0
DA:45,0
DA:46,0
DA:47,0
DA:49,0
DA:50,0
DA:53,0
DA:54,0
DA:55,0
DA:60,0
DA:62,0
DA:63,0
DA:64,0
DA:66,0
DA:67,0
DA:68,0
DA:70,0
DA:71,0
DA:72,0
DA:74,0
DA:75,0
DA:76,0
DA:78,0
DA:79,0
DA:80,0
DA:84,0
DA:85,0
DA:87,0
DA:88,0
DA:95,0
DA:96,0
DA:97,0
DA:98,0
DA:105,0
DA:109,0
DA:110,0
DA:111,0
DA:115,0
DA:116,0
DA:117,0
DA:122,0
DA:123,0
DA:127,0
DA:131,0
DA:132,0
DA:133,0
DA:137,0
DA:138,0
DA:143,0
DA:145,0
DA:146,0
DA:147,0
DA:148,0
DA:149,0
DA:150,0
DA:151,0
DA:155,0
DA:156,0
DA:157,0
DA:158,0
DA:159,0
DA:160,0
DA:165,0
DA:166,0
DA:173,0
DA:178,0
DA:183,0
DA:184,0
DA:188,0
DA:189,0
DA:192,0
DA:193,0
DA:194,0
DA:198,0
DA:199,0
DA:200,0
DA:204,0
DA:205,0
DA:208,0
DA:209,0
DA:211,0
DA:216,0
DA:217,0
DA:218,0
DA:223,0
DA:224,0
DA:225,0
DA:226,0
DA:230,0
DA:231,0
DA:232,0
DA:236,0
DA:244,0
DA:245,0
DA:246,0
DA:247,0
DA:252,0
DA:253,0
DA:254,0
DA:256,0
DA:257,0
DA:258,0
DA:260,0
DA:261,0
DA:262,0
DA:264,0
DA:285,0
DA:286,0
DA:287,0
DA:288,0
DA:293,0
DA:294,0
DA:296,0
DA:297,0
DA:299,0
DA:300,0
DA:302,0
DA:303,0
DA:304,0
DA:305,0
DA:307,0
DA:308,0
DA:310,0
DA:313,0
DA:314,0
DA:315,0
DA:316,0
DA:317,0
DA:321,0
DA:322,0
DA:323,0
DA:324,0
DA:325,0
DA:326,0
DA:328,0
DA:331,0
DA:332,0
DA:333,0
DA:334,0
DA:336,0
DA:337,0
DA:338,0
DA:339,0
DA:340,0
DA:343,0
DA:344,0
DA:345,0
DA:347,0
DA:352,0
DA:353,0
DA:354,0
DA:355,0
DA:356,0
DA:359,0
DA:360,0
DA:363,0
DA:364,0
DA:365,0
DA:366,0
DA:368,0
DA:373,0
DA:374,0
DA:375,0
DA:376,0
DA:377,0
DA:378,0
DA:381,0
DA:382,0
DA:383,0
DA:385,0
DA:387,0
DA:388,0
DA:389,0
DA:390,0
DA:391,0
DA:392,0
DA:393,0
DA:394,0
DA:396,0
DA:397,0
DA:398,0
DA:403,0
DA:407,0
DA:408,0
DA:409,0
DA:412,0
DA:413,0
DA:416,0
DA:417,0
DA:418,0
DA:423,0
DA:424,0
DA:425,0
DA:428,0
DA:429,0
DA:433,0
DA:437,0
DA:438,0
DA:441,0
DA:442,0
DA:444,0
DA:445,0
DA:447,0
DA:448,0
DA:450,0
DA:455,0
DA:456,0
DA:459,0
DA:460,0
DA:462,0
DA:463,0
DA:464,0
DA:465,0
DA:466,0
DA:467,0
DA:472,0
DA:473,0
DA:474,0
DA:475,0
DA:476,0
DA:477,0
DA:478,0
DA:479,0
DA:480,0
DA:481,0
DA:482,0
DA:485,0
DA:486,0
DA:487,0
DA:488,0
DA:491,0
DA:492,0
DA:493,0
DA:496,0
DA:497,0
DA:500,0
DA:501,0
DA:505,0
DA:506,0
DA:507,0
DA:509,0
DA:510,0
DA:512,0
DA:513,0
DA:514,0
DA:515,0
DA:516,0
DA:520,0
DA:521,0
DA:522,0
DA:523,0
DA:524,0
DA:525,0
DA:528,0
DA:529,0
DA:532,0
DA:533,0
DA:534,0
DA:535,0
DA:536,0
DA:541,0
DA:543,0
DA:544,0
DA:545,0
DA:546,0
DA:548,0
DA:549,0
DA:550,0
DA:551,0
DA:554,0
DA:556,0
DA:557,0
DA:558,0
DA:560,0
DA:561,0
DA:562,0
DA:563,0
DA:567,0
DA:568,0
DA:569,0
DA:570,0
DA:571,0
DA:572,0
DA:575,0
DA:576,0
DA:578,0
DA:579,0
DA:580,0
DA:583,0
DA:584,0
DA:587,0
DA:588,0
DA:589,0
DA:591,0
DA:594,0
DA:595,0
DA:596,0
DA:597,0
DA:598,0
DA:599,0
DA:602,0
DA:604,0
DA:610,0
DA:611,0
DA:612,0
DA:613,0
DA:615,0
DA:616,0
DA:619,0
DA:620,0
DA:621,0
DA:623,0
DA:624,0
DA:626,0
DA:627,0
DA:634,0
DA:636,0
DA:641,0
DA:642,0
DA:648,0
DA:649,0
DA:650,0
DA:651,0
DA:652,0
DA:655,0
DA:659,0
DA:660,0
DA:661,0
DA:663,0
DA:666,0
DA:667,0
DA:668,0
DA:669,0
DA:670,0
DA:671,0
DA:673,0
DA:674,0
DA:675,0
DA:676,0
DA:677,0
DA:678,0
DA:681,0
DA:682,0
DA:686,0
DA:689,0
DA:691,0
DA:692,0
DA:693,0
DA:695,0
DA:696,0
DA:697,0
DA:700,0
DA:701,0
DA:710,0
DA:711,0
DA:712,0
DA:716,0
DA:717,0
DA:718,0
DA:721,0
DA:725,0
DA:726,0
DA:727,0
DA:728,0
DA:729,0
DA:730,0
DA:731,0
DA:732,0
DA:733,0
DA:736,0
DA:737,0
DA:738,0
DA:739,0
DA:740,0
DA:743,0
DA:744,0
DA:745,0
DA:746,0
DA:749,0
DA:750,0
DA:751,0
DA:752,0
DA:753,0
DA:756,0
DA:757,0
DA:758,0
DA:759,0
DA:762,0
DA:763,0
DA:764,0
DA:765,0
DA:769,0
DA:771,0
DA:772,0
DA:773,0
DA:774,0
DA:777,0
DA:778,0
DA:779,0
DA:783,0
DA:784,0
DA:788,0
DA:789,0
DA:790,0
DA:791,0
DA:792,0
DA:793,0
DA:794,0
DA:796,0
DA:797,0
DA:798,0
DA:801,0
DA:802,0
DA:807,0
DA:808,0
DA:812,0
DA:817,0
DA:818,0
DA:819,0
DA:820,0
DA:821,0
DA:822,0
DA:824,0
DA:825,0
DA:826,0
DA:827,0
DA:828,0
DA:831,0
DA:832,0
DA:835,0
DA:836,0
DA:837,0
DA:838,0
DA:841,0
DA:842,0
DA:843,0
DA:844,0
DA:847,0
DA:848,0
DA:849,0
DA:850,0
DA:851,0
DA:852,0
DA:853,0
DA:854,0
DA:859,0
DA:860,0
DA:861,0
DA:862,0
DA:864,0
DA:866,0
DA:867,0
DA:868,0
DA:870,0
DA:871,0
DA:872,0
DA:873,0
DA:874,0
DA:876,0
DA:878,0
DA:879,0
DA:880,0
DA:881,0
DA:882,0
DA:883,0
DA:886,0
DA:887,0
DA:891,0
DA:892,0
DA:893,0
DA:894,0
DA:899,0
DA:900,0
DA:901,0
DA:903,0
DA:904,0
DA:905,0
DA:907,0
DA:908,0
DA:909,0
DA:910,0
DA:911,0
DA:913,0
DA:915,0
DA:916,0
DA:917,0
DA:918,0
DA:919,0
DA:920,0
DA:923,0
DA:924,0
DA:925,0
DA:927,0
DA:928,0
DA:929,0
DA:930,0
DA:936,0
DA:937,0
DA:939,0
DA:940,0
DA:941,0
DA:942,0
DA:944,0
DA:945,0
DA:948,0
DA:949,0
DA:953,0
DA:960,0
DA:961,0
DA:963,0
DA:964,0
DA:965,0
DA:966,0
DA:969,0
DA:970,0
DA:971,0
DA:972,0
DA:973,0
DA:977,0
DA:978,0
DA:979,0
DA:981,0
DA:983,0
DA:984,0
DA:985,0
DA:986,0
DA:988,0
DA:989,0
DA:990,0
DA:993,0
DA:994,0
DA:995,0
DA:998,0
DA:999,0
DA:1000,0
DA:1001,0
DA:1002,0
DA:1003,0
DA:1006,0
DA:1007,0
DA:1008,0
DA:1009,0
DA:1010,0
DA:1011,0
DA:1014,0
DA:1015,0
DA:1016,0
DA:1017,0
DA:1018,0
DA:1019,0
DA:1020,0
DA:1021,0
DA:1026,0
DA:1027,0
DA:1034,0
DA:1035,0
DA:1037,0
DA:1040,0
DA:1041,0
DA:1042,0
DA:1046,0
DA:1047,0
DA:1048,0
DA:1049,0
DA:1052,0
DA:1053,0
DA:1058,0
DA:1059,0
DA:1060,0
DA:1061,0
DA:1062,0
DA:1063,0
DA:1067,0
DA:1068,0
DA:1071,0
DA:1072,0
DA:1073,0
DA:1077,0
DA:1078,0
DA:1082,0
DA:1084,0
DA:1085,0
DA:1091,0
DA:1092,0
DA:1093,0
DA:1094,0
DA:1096,0
DA:1110,0
DA:1111,0
DA:1119,0
DA:1122,0
DA:1129,0
DA:1130,0
DA:1137,0
DA:1138,0
DA:1139,0
DA:1140,0
DA:1141,0
DA:1142,0
DA:1143,0
DA:1144,0
DA:1145,0
DA:1146,0
DA:1150,0
DA:1151,0
DA:1154,0
DA:1155,0
DA:1156,0
DA:1159,0
DA:1160,0
DA:1161,0
DA:1163,0
DA:1164,0
DA:1165,0
DA:1166,0
DA:1168,0
DA:1169,0
DA:1170,0
DA:1171,0
DA:1172,0
DA:1176,0
DA:1177,0
DA:1178,0
DA:1184,0
DA:1185,0
DA:1186,0
DA:1188,0
DA:1189,0
DA:1190,0
DA:1194,0
DA:1195,0
DA:1196,0
DA:1197,0
DA:1198,0
DA:1199,0
DA:1204,0
DA:1205,0
DA:1206,0
DA:1209,0
DA:1210,0
DA:1211,0
DA:1214,0
DA:1215,0
DA:1217,0
DA:1218,0
DA:1219,0
DA:1224,0
DA:1225,0
DA:1227,0
DA:1228,0
DA:1229,0
DA:1234,0
DA:1235,0
DA:1237,0
DA:1238,0
DA:1239,0
DA:1244,0
DA:1245,0
DA:1246,0
DA:1249,0
DA:1250,0
DA:1251,0
DA:1252,0
DA:1253,0
DA:1254,0
DA:1255,0
DA:1257,0
DA:1258,0
DA:1259,0
DA:1260,0
DA:1261,0
DA:1269,0
DA:1270,0
DA:1271,0
DA:1274,0
DA:1275,0
DA:1282,0
DA:1288,0
DA:1357,0
DA:1381,0
DA:1382,0
DA:1383,0
DA:1386,0
DA:1387,0
DA:1389,0
DA:1390,0
DA:1391,0
DA:1393,0
DA:1394,0
DA:1396,0
DA:1397,0
DA:1399,0
DA:1400,0
DA:1402,0
DA:1403,0
DA:1407,0
DA:1409,0
DA:1412,0
DA:1415,0
DA:1422,0
DA:1424,0
DA:1427,0
DA:1433,0
DA:1434,0
DA:1435,0
DA:1437,0
DA:1438,0
DA:1443,0
DA:1444,0
DA:1446,0
DA:1452,0
DA:1455,0
DA:1456,0
DA:1458,0
DA:1459,0
DA:1461,0
DA:1462,0
DA:1463,0
DA:1464,0
DA:1465,0
DA:1470,0
DA:1471,0
DA:1472,0
DA:1473,0
DA:1474,0
DA:1476,0
DA:1477,0
DA:1482,0
DA:1483,0
DA:1484,0
DA:1486,0
DA:1487,0
DA:1488,0
DA:1489,0
DA:1490,0
DA:1494,0
DA:1495,0
DA:1496,0
DA:1497,0
DA:1498,0
DA:1502,0
DA:1503,0
DA:1504,0
DA:1505,0
DA:1506,0
DA:1511,0
DA:1512,0
DA:1513,0
DA:1514,0
DA:1515,0
DA:1516,0
DA:1517,0
DA:1524,0
DA:1525,0
DA:1526,0
DA:1528,0
DA:1529,0
DA:1532,0
DA:1533,0
DA:1537,0
DA:1541,0
DA:1542,0
DA:1543,0
DA:1544,0
DA:1545,0
DA:1547,0
DA:1548,0
DA:1555,0
DA:1556,0
DA:1557,0
DA:1558,0
DA:1559,0
DA:1560,0
DA:1561,0
DA:1564,0
DA:1565,0
DA:1568,0
DA:1569,0
DA:1570,0
DA:1572,0
DA:1573,0
DA:1574,0
DA:1575,0
DA:1577,0
DA:1578,0
DA:1579,0
DA:1580,0
DA:1582,0
DA:1583,0
DA:1586,0
DA:1589,0
DA:1590,0
DA:1593,0
DA:1594,0
DA:1595,0
DA:1600,0
DA:1601,0
DA:1602,0
DA:1604,0
DA:1605,0
DA:1609,0
DA:1612,0
DA:1613,0
DA:1617,0
DA:1619,0
DA:1625,0
DA:1660,0
DA:1682,0
DA:1704,0
DA:1705,0
DA:1709,0
DA:1711,0
DA:1717,0
DA:1787,0
DA:1847,0
DA:1869,0
DA:1870,0
DA:1875,0
DA:1878,0
DA:1885,0
DA:1886,0
DA:1887,0
DA:1888,0
DA:1893,0
DA:1894,0
DA:1895,0
DA:1901,0
DA:1904,0
DA:1905,0
DA:1906,0
DA:1909,0
DA:1910,0
DA:1913,0
DA:1914,0
DA:1915,0
DA:1917,0
DA:1921,0
DA:1923,0
DA:1924,0
DA:1925,0
DA:1926,0
DA:1929,0
DA:1931,0
DA:1932,0
DA:1933,0
DA:1934,0
DA:1936,0
DA:1940,0
DA:1941,0
DA:1942,0
DA:1943,0
DA:1948,0
DA:1950,0
DA:1951,0
DA:1954,0
DA:1955,0
DA:1960,0
DA:1961,0
DA:1962,0
DA:1965,0
LF:870
LH:0
BRDA:40,0,0,0
BRDA:40,0,1,0
BRDA:45,1,0,0
BRDA:45,1,1,0
BRDA:46,2,0,0
BRDA:46,2,1,0
BRDA:53,3,0,0
BRDA:53,3,1,0
BRDA:62,4,0,0
BRDA:62,4,1,0
BRDA:66,5,0,0
BRDA:66,5,1,0
BRDA:70,6,0,0
BRDA:70,6,1,0
BRDA:74,7,0,0
BRDA:74,7,1,0
BRDA:78,8,0,0
BRDA:78,8,1,0
BRDA:79,9,0,0
BRDA:79,9,1,0
BRDA:84,10,0,0
BRDA:84,10,1,0
BRDA:85,11,0,0
BRDA:85,11,1,0
BRDA:85,12,0,0
BRDA:85,12,1,0
BRDA:85,12,2,0
BRDA:97,13,0,0
BRDA:97,13,1,0
BRDA:109,14,0,0
BRDA:109,14,1,0
BRDA:115,15,0,0
BRDA:115,15,1,0
BRDA:122,16,0,0
BRDA:122,16,1,0
BRDA:122,17,0,0
BRDA:122,17,1,0
BRDA:131,18,0,0
BRDA:131,18,1,0
BRDA:137,19,0,0
BRDA:137,19,1,0
BRDA:143,20,0,0
BRDA:143,20,1,0
BRDA:146,21,0,0
BRDA:146,21,1,0
BRDA:146,21,2,0
BRDA:146,21,3,0
BRDA:146,21,4,0
BRDA:155,22,0,0
BRDA:155,22,1,0
BRDA:155,22,2,0
BRDA:155,22,3,0
BRDA:155,22,4,0
BRDA:164,23,0,0
BRDA:183,24,0,0
BRDA:183,24,1,0
BRDA:183,25,0,0
BRDA:183,25,1,0
BRDA:184,26,0,0
BRDA:184,26,1,0
BRDA:188,27,0,0
BRDA:188,27,1,0
BRDA:188,28,0,0
BRDA:188,28,1,0
BRDA:194,29,0,0
BRDA:194,29,1,0
BRDA:205,30,0,0
BRDA:205,30,1,0
BRDA:208,31,0,0
BRDA:208,31,1,0
BRDA:208,32,0,0
BRDA:208,32,1,0
BRDA:216,33,0,0
BRDA:216,33,1,0
BRDA:223,34,0,0
BRDA:223,34,1,0
BRDA:231,35,0,0
BRDA:231,35,1,0
BRDA:231,36,0,0
BRDA:231,36,1,0
BRDA:236,37,0,0
BRDA:236,37,1,0
BRDA:237,38,0,0
BRDA:237,38,1,0
BRDA:238,39,0,0
BRDA:238,39,1,0
BRDA:239,40,0,0
BRDA:239,40,1,0
BRDA:244,41,0,0
BRDA:244,41,1,0
BRDA:245,42,0,0
BRDA:245,42,1,0
BRDA:246,43,0,0
BRDA:246,43,1,0
BRDA:254,44,0,0
BRDA:254,44,1,0
BRDA:260,45,0,0
BRDA:260,45,1,0
BRDA:285,46,0,0
BRDA:285,46,1,0
BRDA:287,47,0,0
BRDA:287,47,1,0
BRDA:293,48,0,0
BRDA:293,48,1,0
BRDA:305,49,0,0
BRDA:305,49,1,0
BRDA:322,50,0,0
BRDA:322,50,1,0
BRDA:331,51,0,0
BRDA:331,51,1,0
BRDA:332,52,0,0
BRDA:332,52,1,0
BRDA:333,53,0,0
BRDA:333,53,1,0
BRDA:334,54,0,0
BRDA:334,54,1,0
BRDA:344,55,0,0
BRDA:344,55,1,0
BRDA:353,56,0,0
BRDA:353,56,1,0
BRDA:359,57,0,0
BRDA:359,57,1,0
BRDA:364,58,0,0
BRDA:364,58,1,0
BRDA:373,59,0,0
BRDA:373,59,1,0
BRDA:375,60,0,0
BRDA:375,60,1,0
BRDA:385,61,0,0
BRDA:385,61,1,0
BRDA:387,62,0,0
BRDA:387,62,1,0
BRDA:391,63,0,0
BRDA:391,63,1,0
BRDA:407,64,0,0
BRDA:407,64,1,0
BRDA:423,65,0,0
BRDA:423,65,1,0
BRDA:433,66,0,0
BRDA:433,66,1,0
BRDA:437,67,0,0
BRDA:437,67,1,0
BRDA:462,68,0,0
BRDA:462,68,1,0
BRDA:465,69,0,0
BRDA:465,69,1,0
BRDA:472,70,0,0
BRDA:472,70,1,0
BRDA:485,71,0,0
BRDA:485,71,1,0
BRDA:486,72,0,0
BRDA:486,72,1,0
BRDA:487,73,0,0
BRDA:487,73,1,0
BRDA:488,74,0,0
BRDA:488,74,1,0
BRDA:493,75,0,0
BRDA:493,75,1,0
BRDA:496,76,0,0
BRDA:496,76,1,0
BRDA:500,77,0,0
BRDA:500,77,1,0
BRDA:501,78,0,0
BRDA:501,78,1,0
BRDA:505,79,0,0
BRDA:505,79,1,0
BRDA:506,80,0,0
BRDA:506,80,1,0
BRDA:512,81,0,0
BRDA:512,81,1,0
BRDA:512,82,0,0
BRDA:512,82,1,0
BRDA:512,82,2,0
BRDA:520,83,0,0
BRDA:520,83,1,0
BRDA:520,83,2,0
BRDA:520,83,3,0
BRDA:520,83,4,0
BRDA:532,84,0,0
BRDA:532,84,1,0
BRDA:533,85,0,0
BRDA:533,85,1,0
BRDA:534,86,0,0
BRDA:534,86,1,0
BRDA:534,87,0,0
BRDA:534,87,1,0
BRDA:541,88,0,0
BRDA:541,88,1,0
BRDA:548,89,0,0
BRDA:548,89,1,0
BRDA:549,90,0,0
BRDA:549,90,1,0
BRDA:550,91,0,0
BRDA:550,91,1,0
BRDA:551,92,0,0
BRDA:551,92,1,0
BRDA:556,93,0,0
BRDA:556,93,1,0
BRDA:557,94,0,0
BRDA:557,94,1,0
BRDA:558,95,0,0
BRDA:558,95,1,0
BRDA:558,96,0,0
BRDA:558,96,1,0
BRDA:567,97,0,0
BRDA:567,97,1,0
BRDA:567,97,2,0
BRDA:567,97,3,0
BRDA:567,97,4,0
BRDA:579,98,0,0
BRDA:579,98,1,0
BRDA:589,99,0,0
BRDA:589,99,1,0
BRDA:589,100,0,0
BRDA:589,100,1,0
BRDA:591,101,0,0
BRDA:591,101,1,0
BRDA:595,102,0,0
BRDA:595,102,1,0
BRDA:598,103,0,0
BRDA:598,103,1,0
BRDA:602,104,0,0
BRDA:602,104,1,0
BRDA:604,105,0,0
BRDA:604,105,1,0
BRDA:610,106,0,0
BRDA:610,106,1,0
BRDA:615,107,0,0
BRDA:615,107,1,0
BRDA:616,108,0,0
BRDA:616,108,1,0
BRDA:620,109,0,0
BRDA:620,109,1,0
BRDA:621,110,0,0
BRDA:621,110,1,0
BRDA:623,111,0,0
BRDA:623,111,1,0
BRDA:634,112,0,0
BRDA:634,112,1,0
BRDA:651,113,0,0
BRDA:651,113,1,0
BRDA:673,114,0,0
BRDA:673,114,1,0
BRDA:674,115,0,0
BRDA:674,115,1,0
BRDA:676,116,0,0
BRDA:676,116,1,0
BRDA:677,117,0,0
BRDA:677,117,1,0
BRDA:678,118,0,0
BRDA:678,118,1,0
BRDA:681,119,0,0
BRDA:681,119,1,0
BRDA:689,120,0,0
BRDA:689,120,1,0
BRDA:700,121,0,0
BRDA:700,121,1,0
BRDA:710,122,0,0
BRDA:710,122,1,0
BRDA:772,123,0,0
BRDA:772,123,1,0
BRDA:778,124,0,0
BRDA:778,124,1,0
BRDA:796,125,0,0
BRDA:796,125,1,0
BRDA:797,126,0,0
BRDA:797,126,1,0
BRDA:801,127,0,0
BRDA:801,127,1,0
BRDA:802,128,0,0
BRDA:802,128,1,0
BRDA:825,129,0,0
BRDA:825,129,1,0
BRDA:826,130,0,0
BRDA:826,130,1,0
BRDA:827,131,0,0
BRDA:827,131,1,0
BRDA:828,132,0,0
BRDA:828,132,1,0
BRDA:831,133,0,0
BRDA:831,133,1,0
BRDA:832,134,0,0
BRDA:832,134,1,0
BRDA:841,135,0,0
BRDA:841,135,1,0
BRDA:842,136,0,0
BRDA:842,136,1,0
BRDA:843,137,0,0
BRDA:843,137,1,0
BRDA:844,138,0,0
BRDA:844,138,1,0
BRDA:859,139,0,0
BRDA:859,139,1,0
BRDA:861,140,0,0
BRDA:861,140,1,0
BRDA:864,141,0,0
BRDA:864,141,1,0
BRDA:866,142,0,0
BRDA:866,142,1,0
BRDA:867,143,0,0
BRDA:867,143,1,0
BRDA:870,144,0,0
BRDA:870,144,1,0
BRDA:870,145,0,0
BRDA:870,145,1,0
BRDA:878,146,0,0
BRDA:878,146,1,0
BRDA:878,146,2,0
BRDA:878,146,3,0
BRDA:878,146,4,0
BRDA:899,147,0,0
BRDA:899,147,1,0
BRDA:901,148,0,0
BRDA:901,148,1,0
BRDA:903,149,0,0
BRDA:903,149,1,0
BRDA:904,150,0,0
BRDA:904,150,1,0
BRDA:907,151,0,0
BRDA:907,151,1,0
BRDA:907,152,0,0
BRDA:907,152,1,0
BRDA:915,153,0,0
BRDA:915,153,1,0
BRDA:915,153,2,0
BRDA:915,153,3,0
BRDA:915,153,4,0
BRDA:940,154,0,0
BRDA:940,154,1,0
BRDA:941,155,0,0
BRDA:941,155,1,0
BRDA:942,156,0,0
BRDA:942,156,1,0
BRDA:960,157,0,0
BRDA:960,157,1,0
BRDA:988,158,0,0
BRDA:988,158,1,0
BRDA:989,159,0,0
BRDA:989,159,1,0
BRDA:999,160,0,0
BRDA:999,160,1,0
BRDA:1015,161,0,0
BRDA:1015,161,1,0
BRDA:1015,162,0,0
BRDA:1015,162,1,0
BRDA:1034,163,0,0
BRDA:1034,163,1,0
BRDA:1034,164,0,0
BRDA:1034,164,1,0
BRDA:1041,165,0,0
BRDA:1041,165,1,0
BRDA:1047,166,0,0
BRDA:1047,166,1,0
BRDA:1053,167,0,0
BRDA:1053,167,1,0
BRDA:1058,168,0,0
BRDA:1058,168,1,0
BRDA:1060,169,0,0
BRDA:1060,169,1,0
BRDA:1062,170,0,0
BRDA:1062,170,1,0
BRDA:1067,171,0,0
BRDA:1067,171,1,0
BRDA:1078,172,0,0
BRDA:1078,172,1,0
BRDA:1078,173,0,0
BRDA:1078,173,1,0
BRDA:1078,174,0,0
BRDA:1078,174,1,0
BRDA:1082,175,0,0
BRDA:1082,175,1,0
BRDA:1092,176,0,0
BRDA:1092,176,1,0
BRDA:1092,177,0,0
BRDA:1092,177,1,0
BRDA:1102,178,0,0
BRDA:1102,178,1,0
BRDA:1102,179,0,0
BRDA:1102,179,1,0
BRDA:1110,180,0,0
BRDA:1110,180,1,0
BRDA:1129,181,0,0
BRDA:1129,181,1,0
BRDA:1137,182,0,0
BRDA:1137,182,1,0
BRDA:1140,183,0,0
BRDA:1140,183,1,0
BRDA:1143,184,0,0
BRDA:1143,184,1,0
BRDA:1144,185,0,0
BRDA:1144,185,1,0
BRDA:1145,186,0,0
BRDA:1145,186,1,0
BRDA:1150,187,0,0
BRDA:1150,187,1,0
BRDA:1161,188,0,0
BRDA:1161,188,1,0
BRDA:1168,189,0,0
BRDA:1168,189,1,0
BRDA:1168,190,0,0
BRDA:1168,190,1,0
BRDA:1170,191,0,0
BRDA:1170,191,1,0
BRDA:1172,192,0,0
BRDA:1172,192,1,0
BRDA:1188,193,0,0
BRDA:1188,193,1,0
BRDA:1188,194,0,0
BRDA:1188,194,1,0
BRDA:1188,194,2,0
BRDA:1198,195,0,0
BRDA:1198,195,1,0
BRDA:1209,196,0,0
BRDA:1209,196,1,0
BRDA:1209,197,0,0
BRDA:1209,197,1,0
BRDA:1210,198,0,0
BRDA:1210,198,1,0
BRDA:1210,199,0,0
BRDA:1210,199,1,0
BRDA:1211,200,0,0
BRDA:1211,200,1,0
BRDA:1211,201,0,0
BRDA:1211,201,1,0
BRDA:1211,202,0,0
BRDA:1211,202,1,0
BRDA:1214,203,0,0
BRDA:1214,203,1,0
BRDA:1224,204,0,0
BRDA:1224,204,1,0
BRDA:1234,205,0,0
BRDA:1234,205,1,0
BRDA:1251,206,0,0
BRDA:1251,206,1,0
BRDA:1251,207,0,0
BRDA:1251,207,1,0
BRDA:1257,208,0,0
BRDA:1257,208,1,0
BRDA:1257,209,0,0
BRDA:1257,209,1,0
BRDA:1259,210,0,0
BRDA:1259,210,1,0
BRDA:1261,211,0,0
BRDA:1261,211,1,0
BRDA:1269,212,0,0
BRDA:1269,212,1,0
BRDA:1269,213,0,0
BRDA:1269,213,1,0
BRDA:1381,214,0,0
BRDA:1381,214,1,0
BRDA:1389,215,0,0
BRDA:1389,215,1,0
BRDA:1393,216,0,0
BRDA:1393,216,1,0
BRDA:1396,217,0,0
BRDA:1396,217,1,0
BRDA:1399,218,0,0
BRDA:1399,218,1,0
BRDA:1402,219,0,0
BRDA:1402,219,1,0
BRDA:1443,220,0,0
BRDA:1443,220,1,0
BRDA:1456,221,0,0
BRDA:1456,221,1,0
BRDA:1458,222,0,0
BRDA:1458,222,1,0
BRDA:1462,223,0,0
BRDA:1462,223,1,0
BRDA:1463,224,0,0
BRDA:1463,224,1,0
BRDA:1471,225,0,0
BRDA:1471,225,1,0
BRDA:1476,226,0,0
BRDA:1476,226,1,0
BRDA:1486,227,0,0
BRDA:1486,227,1,0
BRDA:1488,228,0,0
BRDA:1488,228,1,0
BRDA:1494,229,0,0
BRDA:1494,229,1,0
BRDA:1502,230,0,0
BRDA:1502,230,1,0
BRDA:1570,231,0,0
BRDA:1570,231,1,0
BRDA:1577,232,0,0
BRDA:1577,232,1,0
BRDA:1578,233,0,0
BRDA:1578,233,1,0
BRDA:1579,234,0,0
BRDA:1579,234,1,0
BRDA:1580,235,0,0
BRDA:1580,235,1,0
BRDA:1594,236,0,0
BRDA:1594,236,1,0
BRDA:1617,237,0,0
BRDA:1617,237,1,0
BRDA:1709,238,0,0
BRDA:1709,238,1,0
BRDA:1887,239,0,0
BRDA:1887,239,1,0
BRDA:1888,240,0,0
BRDA:1888,240,1,0
BRDA:1894,241,0,0
BRDA:1894,241,1,0
BRDA:1895,242,0,0
BRDA:1895,242,1,0
BRDA:1913,243,0,0
BRDA:1913,243,1,0
BRDA:1921,244,0,0
BRDA:1921,244,1,0
BRDA:1924,245,0,0
BRDA:1924,245,1,0
BRDA:1941,246,0,0
BRDA:1941,246,1,0
BRDA:1960,247,0,0
BRDA:1960,247,1,0
BRF:516
BRH:0
end_of_record
TN:
SF:app/cloud-store.js
FN:10,scrubUndefined
FN:16,(anonymous_1)
FN:20,(anonymous_2)
FN:30,validateNumber
FN:36,validateString
FN:41,validateBudgetItem
FN:59,validateBucket
FN:115,(anonymous_7)
FN:121,validateBudgetData
FN:177,generateId
FN:182,requireAuth
FN:190,validateUserAccess
FN:199,ensureUserProfile
FN:257,getUserProfile
FN:283,updateUserProfile
FN:299,(anonymous_15)
FN:334,listBudgets
FN:363,(anonymous_17)
FN:375,(anonymous_18)
FN:389,createBudget
FN:425,readBudget
FN:459,updateBudget
FN:491,deleteBudget
FN:522,scheduleAutoSave
FN:529,(anonymous_24)
FN:553,batchUpdateBudget
FN:571,(anonymous_26)
FN:597,isNetworkError
FN:611,isRetryableError
FN:622,getErrorMessage
FN:658,withRetry
FN:674,(anonymous_31)
FN:682,healthCheck
FNF:33
FNH:0
FNDA:0,scrubUndefined
FNDA:0,(anonymous_1)
FNDA:0,(anonymous_2)
FNDA:0,validateNumber
FNDA:0,validateString
FNDA:0,validateBudgetItem
FNDA:0,validateBucket
FNDA:0,(anonymous_7)
FNDA:0,validateBudgetData
FNDA:0,generateId
FNDA:0,requireAuth
FNDA:0,validateUserAccess
FNDA:0,ensureUserProfile
FNDA:0,getUserProfile
FNDA:0,updateUserProfile
FNDA:0,(anonymous_15)
FNDA:0,listBudgets
FNDA:0,(anonymous_17)
FNDA:0,(anonymous_18)
FNDA:0,createBudget
FNDA:0,readBudget
FNDA:0,updateBudget
FNDA:0,deleteBudget
FNDA:0,scheduleAutoSave
FNDA:0,(anonymous_24)
FNDA:0,batchUpdateBudget
FNDA:0,(anonymous_26)
FNDA:0,isNetworkError
FNDA:0,isRetryableError
FNDA:0,getErrorMessage
FNDA:0,withRetry
FNDA:0,(anonymous_31)
FNDA:0,healthCheck
DA:11,0
DA:12,0
DA:15,0
DA:16,0
DA:19,0
DA:20,0
DA:21,0
DA:22,0
DA:23,0
DA:27,0
DA:31,0
DA:32,0
DA:33,0
DA:37,0
DA:38,0
DA:42,0
DA:43,0
DA:51,0
DA:60,0
DA:61,0
DA:71,0
DA:86,0
DA:87,0
DA:97,0
DA:98,0
DA:105,0
DA:106,0
DA:107,0
DA:111,0
DA:112,0
DA:115,0
DA:118,0
DA:122,0
DA:123,0
DA:136,0
DA:137,0
DA:139,0
DA:154,0
DA:155,0
DA:161,0
DA:162,0
DA:168,0
DA:169,0
DA:174,0
DA:178,0
DA:183,0
DA:184,0
DA:185,0
DA:187,0
DA:191,0
DA:192,0
DA:193,0
DA:195,0
DA:200,0
DA:201,0
DA:204,0
DA:205,0
DA:207,0
DA:208,0
DA:210,0
DA:212,0
DA:213,0
DA:215,0
DA:225,0
DA:226,0
DA:227,0
DA:229,0
DA:231,0
DA:236,0
DA:237,0
DA:238,0
DA:239,0
DA:241,0
DA:242,0
DA:243,0
DA:245,0
DA:246,0
DA:248,0
DA:249,0
DA:252,0
DA:253,0
DA:258,0
DA:260,0
DA:261,0
DA:263,0
DA:264,0
DA:266,0
DA:267,0
DA:270,0
DA:275,0
DA:276,0
DA:278,0
DA:279,0
DA:284,0
DA:286,0
DA:287,0
DA:290,0
DA:291,0
DA:293,0
DA:296,0
DA:297,0
DA:299,0
DA:300,0
DA:301,0
DA:303,0
DA:304,0
DA:306,0
DA:307,0
DA:310,0
DA:312,0
DA:313,0
DA:318,0
DA:319,0
DA:322,0
DA:323,0
DA:325,0
DA:326,0
DA:328,0
DA:329,0
DA:335,0
DA:337,0
DA:338,0
DA:340,0
DA:344,0
DA:345,0
DA:350,0
DA:352,0
DA:354,0
DA:358,0
DA:361,0
DA:363,0
DA:364,0
DA:365,0
DA:375,0
DA:376,0
DA:377,0
DA:378,0
DA:381,0
DA:382,0
DA:384,0
DA:385,0
DA:390,0
DA:392,0
DA:393,0
DA:396,0
DA:397,0
DA:399,0
DA:400,0
DA:402,0
DA:408,0
DA:409,0
DA:411,0
DA:413,0
DA:420,0
DA:421,0
DA:426,0
DA:428,0
DA:429,0
DA:432,0
DA:433,0
DA:435,0
DA:436,0
DA:438,0
DA:439,0
DA:442,0
DA:443,0
DA:451,0
DA:452,0
DA:454,0
DA:455,0
DA:460,0
DA:462,0
DA:463,0
DA:466,0
DA:467,0
DA:470,0
DA:471,0
DA:473,0
DA:474,0
DA:476,0
DA:481,0
DA:483,0
DA:484,0
DA:486,0
DA:487,0
DA:492,0
DA:494,0
DA:495,0
DA:498,0
DA:499,0
DA:501,0
DA:504,0
DA:505,0
DA:506,0
DA:509,0
DA:511,0
DA:513,0
DA:514,0
DA:520,0
DA:523,0
DA:524,0
DA:525,0
DA:528,0
DA:529,0
DA:530,0
DA:531,0
DA:532,0
DA:535,0
DA:536,0
DA:537,0
DA:538,0
DA:539,0
DA:541,0
DA:543,0
DA:547,0
DA:554,0
DA:556,0
DA:557,0
DA:560,0
DA:561,0
DA:564,0
DA:565,0
DA:567,0
DA:568,0
DA:571,0
DA:572,0
DA:573,0
DA:574,0
DA:577,0
DA:578,0
DA:582,0
DA:586,0
DA:588,0
DA:589,0
DA:591,0
DA:592,0
DA:598,0
DA:605,0
DA:612,0
DA:619,0
DA:623,0
DA:626,0
DA:627,0
DA:630,0
DA:631,0
DA:634,0
DA:635,0
DA:639,0
DA:654,0
DA:661,0
DA:662,0
DA:663,0
DA:665,0
DA:667,0
DA:668,0
DA:671,0
DA:672,0
DA:674,0
DA:678,0
DA:683,0
DA:684,0
DA:687,0
DA:688,0
DA:689,0
DA:691,0
DA:694,0
DA:695,0
DA:697,0
DA:698,0
DA:701,0
DA:702,0
DA:706,0
DA:709,0
DA:710,0
DA:712,0
DA:713,0
DA:715,0
DA:716,0
DA:725,0
DA:756,0
LF:280
LH:0
BRDA:11,0,0,0
BRDA:11,0,1,0
BRDA:11,1,0,0
BRDA:11,1,1,0
BRDA:12,2,0,0
BRDA:12,2,1,0
BRDA:15,3,0,0
BRDA:15,3,1,0
BRDA:16,4,0,0
BRDA:16,4,1,0
BRDA:22,5,0,0
BRDA:22,5,1,0
BRDA:30,6,0,0
BRDA:31,7,0,0
BRDA:31,7,1,0
BRDA:31,8,0,0
BRDA:31,8,1,0
BRDA:31,8,2,0
BRDA:33,9,0,0
BRDA:33,9,1,0
BRDA:36,10,0,0
BRDA:37,11,0,0
BRDA:37,11,1,0
BRDA:37,12,0,0
BRDA:37,12,1,0
BRDA:42,13,0,0
BRDA:42,13,1,0
BRDA:42,14,0,0
BRDA:42,14,1,0
BRDA:52,15,0,0
BRDA:52,15,1,0
BRDA:60,16,0,0
BRDA:60,16,1,0
BRDA:60,17,0,0
BRDA:60,17,1,0
BRDA:72,18,0,0
BRDA:72,18,1,0
BRDA:77,19,0,0
BRDA:77,19,1,0
BRDA:78,20,0,0
BRDA:78,20,1,0
BRDA:79,21,0,0
BRDA:79,21,1,0
BRDA:80,22,0,0
BRDA:80,22,1,0
BRDA:81,23,0,0
BRDA:81,23,1,0
BRDA:86,24,0,0
BRDA:86,24,1,0
BRDA:86,25,0,0
BRDA:86,25,1,0
BRDA:88,26,0,0
BRDA:88,26,1,0
BRDA:89,27,0,0
BRDA:89,27,1,0
BRDA:90,28,0,0
BRDA:90,28,1,0
BRDA:91,29,0,0
BRDA:91,29,1,0
BRDA:97,30,0,0
BRDA:97,30,1,0
BRDA:97,31,0,0
BRDA:97,31,1,0
BRDA:99,32,0,0
BRDA:99,32,1,0
BRDA:100,33,0,0
BRDA:100,33,1,0
BRDA:105,34,0,0
BRDA:105,34,1,0
BRDA:105,35,0,0
BRDA:105,35,1,0
BRDA:111,36,0,0
BRDA:111,36,1,0
BRDA:115,37,0,0
BRDA:115,37,1,0
BRDA:122,38,0,0
BRDA:122,38,1,0
BRDA:122,39,0,0
BRDA:122,39,1,0
BRDA:137,40,0,0
BRDA:137,40,1,0
BRDA:143,41,0,0
BRDA:143,41,1,0
BRDA:154,42,0,0
BRDA:154,42,1,0
BRDA:161,43,0,0
BRDA:161,43,1,0
BRDA:168,44,0,0
BRDA:168,44,1,0
BRDA:184,45,0,0
BRDA:184,45,1,0
BRDA:192,46,0,0
BRDA:192,46,1,0
BRDA:200,47,0,0
BRDA:200,47,1,0
BRDA:200,48,0,0
BRDA:200,48,1,0
BRDA:212,49,0,0
BRDA:212,49,1,0
BRDA:241,50,0,0
BRDA:241,50,1,0
BRDA:242,51,0,0
BRDA:242,51,1,0
BRDA:243,52,0,0
BRDA:243,52,1,0
BRDA:266,53,0,0
BRDA:266,53,1,0
BRDA:286,54,0,0
BRDA:286,54,1,0
BRDA:286,55,0,0
BRDA:286,55,1,0
BRDA:300,56,0,0
BRDA:300,56,1,0
BRDA:301,57,0,0
BRDA:301,57,1,0
BRDA:301,57,2,0
BRDA:307,58,0,0
BRDA:307,58,1,0
BRDA:318,59,0,0
BRDA:318,59,1,0
BRDA:369,60,0,0
BRDA:369,60,1,0
BRDA:370,61,0,0
BRDA:370,61,1,0
BRDA:376,62,0,0
BRDA:376,62,1,0
BRDA:377,63,0,0
BRDA:377,63,1,0
BRDA:392,64,0,0
BRDA:392,64,1,0
BRDA:428,65,0,0
BRDA:428,65,1,0
BRDA:428,66,0,0
BRDA:428,66,1,0
BRDA:438,67,0,0
BRDA:438,67,1,0
BRDA:447,68,0,0
BRDA:447,68,1,0
BRDA:448,69,0,0
BRDA:448,69,1,0
BRDA:462,70,0,0
BRDA:462,70,1,0
BRDA:462,71,0,0
BRDA:462,71,1,0
BRDA:466,72,0,0
BRDA:466,72,1,0
BRDA:466,73,0,0
BRDA:466,73,1,0
BRDA:494,74,0,0
BRDA:494,74,1,0
BRDA:494,75,0,0
BRDA:494,75,1,0
BRDA:505,76,0,0
BRDA:505,76,1,0
BRDA:522,77,0,0
BRDA:523,78,0,0
BRDA:523,78,1,0
BRDA:523,79,0,0
BRDA:523,79,1,0
BRDA:523,79,2,0
BRDA:530,80,0,0
BRDA:530,80,1,0
BRDA:556,81,0,0
BRDA:556,81,1,0
BRDA:556,82,0,0
BRDA:556,82,1,0
BRDA:560,83,0,0
BRDA:560,83,1,0
BRDA:560,84,0,0
BRDA:560,84,1,0
BRDA:572,85,0,0
BRDA:572,85,1,0
BRDA:572,86,0,0
BRDA:572,86,1,0
BRDA:605,87,0,0
BRDA:605,87,1,0
BRDA:605,87,2,0
BRDA:605,87,3,0
BRDA:619,88,0,0
BRDA:619,88,1,0
BRDA:623,89,0,0
BRDA:623,89,1,0
BRDA:626,90,0,0
BRDA:626,90,1,0
BRDA:630,91,0,0
BRDA:630,91,1,0
BRDA:634,92,0,0
BRDA:634,92,1,0
BRDA:654,93,0,0
BRDA:654,93,1,0
BRDA:654,93,2,0
BRDA:658,94,0,0
BRDA:658,95,0,0
BRDA:667,96,0,0
BRDA:667,96,1,0
BRDA:667,97,0,0
BRDA:667,97,1,0
BRDA:688,98,0,0
BRDA:688,98,1,0
BRF:199
BRH:0
end_of_record
TN:
SF:app/lib/bucket-store.js
FN:14,getDB
FN:27,createBucketDoc
FN:50,deleteBucketDoc
FN:73,bootstrapUser
FN:100,getBucketCount
FNF:5
FNH:0
FNDA:0,getDB
FNDA:0,createBucketDoc
FNDA:0,deleteBucketDoc
FNDA:0,bootstrapUser
FNDA:0,getBucketCount
DA:15,0
DA:16,0
DA:18,0
DA:28,0
DA:29,0
DA:32,0
DA:33,0
DA:36,0
DA:37,0
DA:42,0
DA:51,0
DA:52,0
DA:55,0
DA:56,0
DA:59,0
DA:60,0
DA:65,0
DA:74,0
DA:75,0
DA:78,0
DA:79,0
DA:86,0
DA:87,0
DA:92,0
DA:101,0
DA:102,0
DA:103,0
DA:105,0
DA:106,0
DA:109,0
LF:30
LH:0
BRDA:15,0,0,0
BRDA:15,0,1,0
BRDA:105,1,0,0
BRDA:105,1,1,0
BRDA:106,2,0,0
BRDA:106,2,1,0
BRF:6
BRH:0
end_of_record
TN:
SF:app/lib/plan.js
FN:11,watchPlan
FN:18,(anonymous_1)
FN:31,(anonymous_2)
FN:43,getPlan
FN:51,isPlus
FN:58,refreshPlan
FN:81,notifyWatchers
FN:82,(anonymous_7)
FN:85,handleBillingReturn
FN:90,(anonymous_9)
FNF:10
FNH:0
FNDA:0,watchPlan
FNDA:0,(anonymous_1)
FNDA:0,(anonymous_2)
FNDA:0,getPlan
FNDA:0,isPlus
FNDA:0,refreshPlan
FNDA:0,notifyWatchers
FNDA:0,(anonymous_7)
FNDA:0,handleBillingReturn
FNDA:0,(anonymous_9)
DA:3,0
DA:4,0
DA:5,0
DA:12,0
DA:14,0
DA:15,0
DA:16,0
DA:18,0
DA:19,0
DA:20,0
DA:22,0
DA:23,0
DA:28,0
DA:31,0
DA:32,0
DA:33,0
DA:44,0
DA:52,0
DA:59,0
DA:60,0
DA:62,0
DA:63,0
DA:64,0
DA:65,0
DA:68,0
DA:69,0
DA:70,0
DA:72,0
DA:73,0
DA:74,0
DA:77,0
DA:82,0
DA:86,0
DA:88,0
DA:90,0
DA:91,0
DA:92,0
DA:93,0
DA:98,0
DA:99,0
DA:100,0
DA:101,0
LF:42
LH:0
BRDA:14,0,0,0
BRDA:14,0,1,0
BRDA:19,1,0,0
BRDA:19,1,1,0
BRDA:32,2,0,0
BRDA:32,2,1,0
BRDA:32,3,0,0
BRDA:32,3,1,0
BRDA:58,4,0,0
BRDA:60,5,0,0
BRDA:60,5,1,0
BRDA:62,6,0,0
BRDA:62,6,1,0
BRDA:70,7,0,0
BRDA:70,7,1,0
BRDA:72,8,0,0
BRDA:72,8,1,0
BRDA:88,9,0,0
BRDA:88,9,1,0
BRDA:88,10,0,0
BRDA:88,10,1,0
BRDA:92,11,0,0
BRDA:92,11,1,0
BRF:23
BRH:0
end_of_record
TN:
SF:auth/auth.js
FN:3,(anonymous_0)
FN:10,showLoading
FN:14,hideLoading
FN:19,showError
FN:25,(anonymous_4)
FN:28,showSuccess
FN:34,(anonymous_6)
FN:38,setupTabs
FN:42,(anonymous_8)
FN:43,(anonymous_9)
FN:47,(anonymous_10)
FN:51,(anonymous_11)
FN:62,validateForm
FN:83,handleSignIn
FN:99,(anonymous_14)
FN:111,handleRegister
FN:128,(anonymous_16)
FN:140,handleGoogleSignIn
FN:148,(anonymous_18)
FN:160,handlePasswordReset
FN:189,setupEventListeners
FN:203,(anonymous_21)
FN:212,(anonymous_22)
FN:217,(anonymous_23)
FN:224,(anonymous_24)
FN:241,init
FNF:26
FNH:0
FNDA:0,(anonymous_0)
FNDA:0,showLoading
FNDA:0,hideLoading
FNDA:0,showError
FNDA:0,(anonymous_4)
FNDA:0,showSuccess
FNDA:0,(anonymous_6)
FNDA:0,setupTabs
FNDA:0,(anonymous_8)
FNDA:0,(anonymous_9)
FNDA:0,(anonymous_10)
FNDA:0,(anonymous_11)
FNDA:0,validateForm
FNDA:0,handleSignIn
FNDA:0,(anonymous_14)
FNDA:0,handleRegister
FNDA:0,(anonymous_16)
FNDA:0,handleGoogleSignIn
FNDA:0,(anonymous_18)
FNDA:0,handlePasswordReset
FNDA:0,setupEventListeners
FNDA:0,(anonymous_21)
FNDA:0,(anonymous_22)
FNDA:0,(anonymous_23)
FNDA:0,(anonymous_24)
FNDA:0,init
DA:3,0
DA:6,0
DA:7,0
DA:11,0
DA:15,0
DA:20,0
DA:21,0
DA:22,0
DA:23,0
DA:24,0
DA:25,0
DA:29,0
DA:30,0
DA:31,0
DA:32,0
DA:33,0
DA:34,0
DA:39,0
DA:40,0
DA:42,0
DA:43,0
DA:44,0
DA:47,0
DA:48,0
DA:51,0
DA:52,0
DA:55,0
DA:56,0
DA:63,0
DA:65,0
DA:66,0
DA:69,0
DA:70,0
DA:73,0
DA:74,0
DA:77,0
DA:78,0
DA:84,0
DA:86,0
DA:87,0
DA:88,0
DA:90,0
DA:91,0
DA:93,0
DA:94,0
DA:96,0
DA:97,0
DA:99,0
DA:100,0
DA:104,0
DA:105,0
DA:106,0
DA:112,0
DA:114,0
DA:115,0
DA:116,0
DA:117,0
DA:119,0
DA:120,0
DA:122,0
DA:123,0
DA:125,0
DA:126,0
DA:128,0
DA:129,0
DA:133,0
DA:134,0
DA:135,0
DA:141,0
DA:142,0
DA:143,0
DA:145,0
DA:146,0
DA:148,0
DA:149,0
DA:153,0
DA:154,0
DA:155,0
DA:161,0
DA:163,0
DA:164,0
DA:166,0
DA:167,0
DA:168,0
DA:171,0
DA:172,0
DA:173,0
DA:175,0
DA:176,0
DA:179,0
DA:182,0
DA:183,0
DA:184,0
DA:191,0
DA:192,0
DA:193,0
DA:196,0
DA:199,0
DA:200,0
DA:201,0
DA:203,0
DA:204,0
DA:205,0
DA:206,0
DA:207,0
DA:209,0
DA:212,0
DA:213,0
DA:217,0
DA:218,0
DA:219,0
DA:224,0
DA:225,0
DA:226,0
DA:227,0
DA:228,0
DA:229,0
DA:231,0
DA:232,0
DA:233,0
DA:242,0
DA:244,0
DA:245,0
DA:248,0
DA:249,0
DA:252,0
DA:256,0
DA:257,0
DA:259,0
LF:129
LH:0
BRDA:65,0,0,0
BRDA:65,0,1,0
BRDA:65,1,0,0
BRDA:65,1,1,0
BRDA:69,2,0,0
BRDA:69,2,1,0
BRDA:73,3,0,0
BRDA:73,3,1,0
BRDA:77,4,0,0
BRDA:77,4,1,0
BRDA:77,5,0,0
BRDA:77,5,1,0
BRDA:87,6,0,0
BRDA:87,6,1,0
BRDA:88,7,0,0
BRDA:88,7,1,0
BRDA:115,8,0,0
BRDA:115,8,1,0
BRDA:116,9,0,0
BRDA:116,9,1,0
BRDA:117,10,0,0
BRDA:117,10,1,0
BRDA:164,11,0,0
BRDA:164,11,1,0
BRDA:166,12,0,0
BRDA:166,12,1,0
BRDA:206,13,0,0
BRDA:206,13,1,0
BRDA:218,14,0,0
BRDA:218,14,1,0
BRDA:225,15,0,0
BRDA:225,15,1,0
BRDA:225,16,0,0
BRDA:225,16,1,0
BRDA:227,17,0,0
BRDA:227,17,1,0
BRDA:227,18,0,0
BRDA:227,18,1,0
BRDA:231,19,0,0
BRDA:231,19,1,0
BRDA:248,20,0,0
BRDA:248,20,1,0
BRDA:256,21,0,0
BRDA:256,21,1,0
BRF:44
BRH:0
end_of_record
TN:
SF:auth/firebase.js
FN:57,determineEnvironment
FN:87,retryAuthOperation
FN:101,(anonymous_2)
FN:110,(anonymous_3)
FN:138,(anonymous_4)
FN:140,(anonymous_5)
FN:161,initializeEmulators
FN:194,configureLongPolling
FN:213,initializeAuth
FN:223,initializeFirebase
FN:251,(anonymous_10)
FN:252,(anonymous_11)
FN:279,(anonymous_12)
FN:287,(anonymous_13)
FN:292,(anonymous_14)
FN:297,(anonymous_15)
FN:309,(anonymous_16)
FN:313,(anonymous_17)
FN:325,(anonymous_18)
FN:329,(anonymous_19)
FN:341,(anonymous_20)
FN:351,(anonymous_21)
FN:369,(anonymous_22)
FN:373,(anonymous_23)
FN:383,(anonymous_24)
FN:388,(anonymous_25)
FN:398,(anonymous_26)
FN:411,(anonymous_27)
FN:439,(anonymous_28)
FN:442,(anonymous_29)
FN:462,(anonymous_30)
FN:465,(anonymous_31)
FN:466,(anonymous_32)
FN:481,autoInitialize
FN:509,(anonymous_34)
FNF:35
FNH:0
FNDA:0,determineEnvironment
FNDA:0,retryAuthOperation
FNDA:0,(anonymous_2)
FNDA:0,(anonymous_3)
FNDA:0,(anonymous_4)
FNDA:0,(anonymous_5)
FNDA:0,initializeEmulators
FNDA:0,configureLongPolling
FNDA:0,initializeAuth
FNDA:0,initializeFirebase
FNDA:0,(anonymous_10)
FNDA:0,(anonymous_11)
FNDA:0,(anonymous_12)
FNDA:0,(anonymous_13)
FNDA:0,(anonymous_14)
FNDA:0,(anonymous_15)
FNDA:0,(anonymous_16)
FNDA:0,(anonymous_17)
FNDA:0,(anonymous_18)
FNDA:0,(anonymous_19)
FNDA:0,(anonymous_20)
FNDA:0,(anonymous_21)
FNDA:0,(anonymous_22)
FNDA:0,(anonymous_23)
FNDA:0,(anonymous_24)
FNDA:0,(anonymous_25)
FNDA:0,(anonymous_26)
FNDA:0,(anonymous_27)
FNDA:0,(anonymous_28)
FNDA:0,(anonymous_29)
FNDA:0,(anonymous_30)
FNDA:0,(anonymous_31)
FNDA:0,(anonymous_32)
FNDA:0,autoInitialize
FNDA:0,(anonymous_34)
DA:46,0
DA:58,0
DA:60,0
DA:61,0
DA:62,0
DA:63,0
DA:65,0
DA:66,0
DA:67,0
DA:68,0
DA:69,0
DA:70,0
DA:74,0
DA:75,0
DA:76,0
DA:80,0
DA:81,0
DA:84,0
DA:88,0
DA:89,0
DA:90,0
DA:92,0
DA:95,0
DA:101,0
DA:103,0
DA:104,0
DA:108,0
DA:109,0
DA:110,0
DA:115,0
DA:116,0
DA:117,0
DA:118,0
DA:119,0
DA:120,0
DA:121,0
DA:123,0
DA:124,0
DA:126,0
DA:130,0
DA:131,0
DA:132,0
DA:135,0
DA:136,0
DA:137,0
DA:138,0
DA:139,0
DA:140,0
DA:141,0
DA:142,0
DA:143,0
DA:144,0
DA:146,0
DA:147,0
DA:148,0
DA:152,0
DA:153,0
DA:154,0
DA:160,0
DA:162,0
DA:163,0
DA:164,0
DA:167,0
DA:168,0
DA:169,0
DA:172,0
DA:173,0
DA:176,0
DA:177,0
DA:180,0
DA:181,0
DA:183,0
DA:184,0
DA:186,0
DA:187,0
DA:188,0
DA:189,0
DA:195,0
DA:197,0
DA:198,0
DA:199,0
DA:202,0
DA:203,0
DA:204,0
DA:205,0
DA:207,0
DA:214,0
DA:215,0
DA:216,0
DA:218,0
DA:224,0
DA:227,0
DA:228,0
DA:229,0
DA:232,0
DA:233,0
DA:234,0
DA:235,0
DA:238,0
DA:239,0
DA:240,0
DA:241,0
DA:242,0
DA:245,0
DA:249,0
DA:252,0
DA:256,0
DA:258,0
DA:259,0
DA:261,0
DA:264,0
DA:265,0
DA:266,0
DA:267,0
DA:268,0
DA:269,0
DA:271,0
DA:277,0
DA:280,0
DA:281,0
DA:283,0
DA:288,0
DA:293,0
DA:298,0
DA:299,0
DA:300,0
DA:301,0
DA:303,0
DA:304,0
DA:310,0
DA:311,0
DA:312,0
DA:313,0
DA:315,0
DA:316,0
DA:317,0
DA:319,0
DA:320,0
DA:326,0
DA:327,0
DA:328,0
DA:329,0
DA:331,0
DA:332,0
DA:333,0
DA:335,0
DA:336,0
DA:342,0
DA:343,0
DA:344,0
DA:345,0
DA:346,0
DA:349,0
DA:350,0
DA:351,0
DA:353,0
DA:354,0
DA:355,0
DA:357,0
DA:358,0
DA:360,0
DA:363,0
DA:364,0
DA:370,0
DA:371,0
DA:372,0
DA:373,0
DA:375,0
DA:377,0
DA:378,0
DA:384,0
DA:385,0
DA:386,0
DA:387,0
DA:388,0
DA:390,0
DA:392,0
DA:393,0
DA:399,0
DA:400,0
DA:401,0
DA:402,0
DA:403,0
DA:405,0
DA:406,0
DA:412,0
DA:428,0
DA:429,0
DA:434,0
DA:439,0
DA:442,0
DA:462,0
DA:465,0
DA:466,0
DA:470,0
DA:482,0
DA:483,0
DA:484,0
DA:486,0
DA:487,0
DA:488,0
DA:489,0
DA:491,0
DA:492,0
DA:494,0
DA:495,0
DA:498,0
DA:506,0
DA:508,0
DA:509,0
DA:515,0
LF:211
LH:0
BRDA:65,0,0,0
BRDA:65,0,1,0
BRDA:68,1,0,0
BRDA:68,1,1,0
BRDA:74,2,0,0
BRDA:74,2,1,0
BRDA:87,3,0,0
BRDA:87,4,0,0
BRDA:103,5,0,0
BRDA:103,5,1,0
BRDA:103,6,0,0
BRDA:103,6,1,0
BRDA:115,7,0,0
BRDA:115,7,1,0
BRDA:119,8,0,0
BRDA:119,8,1,0
BRDA:120,9,0,0
BRDA:120,9,1,0
BRDA:123,10,0,0
BRDA:123,10,1,0
BRDA:146,11,0,0
BRDA:146,11,1,0
BRDA:147,12,0,0
BRDA:147,12,1,0
BRDA:147,13,0,0
BRDA:147,13,1,0
BRDA:152,14,0,0
BRDA:152,14,1,0
BRDA:162,15,0,0
BRDA:162,15,1,0
BRDA:167,16,0,0
BRDA:167,16,1,0
BRDA:197,17,0,0
BRDA:197,17,1,0
BRDA:202,18,0,0
BRDA:202,18,1,0
BRDA:204,19,0,0
BRDA:204,19,1,0
BRDA:227,20,0,0
BRDA:227,20,1,0
BRDA:240,21,0,0
BRDA:240,21,1,0
BRDA:264,22,0,0
BRDA:264,22,1,0
BRDA:266,23,0,0
BRDA:266,23,1,0
BRDA:268,24,0,0
BRDA:268,24,1,0
BRDA:280,25,0,0
BRDA:280,25,1,0
BRDA:299,26,0,0
BRDA:299,26,1,0
BRDA:428,27,0,0
BRDA:428,27,1,0
BRDA:428,27,2,0
BRDA:494,28,0,0
BRDA:494,28,1,0
BRF:57
BRH:0
end_of_record
TN:
SF:migrations/import-local.js
FN:1,(anonymous_0)
FN:10,hasLocalData
FN:21,getLocalData
FN:34,validateLocalData
FN:52,transformLocalData
FN:54,(anonymous_5)
FN:60,(anonymous_6)
FN:81,(anonymous_7)
FN:96,generateId
FN:101,importLocalDataToCloud
FN:130,clearLocalData
FN:139,promptForMigration
FN:151,(anonymous_12)
FN:152,(anonymous_13)
FN:161,(anonymous_14)
FN:171,performMigration
FN:206,showMigrationProgress
FN:250,hideMigrationProgress
FNF:18
FNH:0
FNDA:0,(anonymous_0)
FNDA:0,hasLocalData
FNDA:0,getLocalData
FNDA:0,validateLocalData
FNDA:0,transformLocalData
FNDA:0,(anonymous_5)
FNDA:0,(anonymous_6)
FNDA:0,(anonymous_7)
FNDA:0,generateId
FNDA:0,importLocalDataToCloud
FNDA:0,clearLocalData
FNDA:0,promptForMigration
FNDA:0,(anonymous_12)
FNDA:0,(anonymous_13)
FNDA:0,(anonymous_14)
FNDA:0,performMigration
FNDA:0,showMigrationProgress
FNDA:0,hideMigrationProgress
DA:1,0
DA:7,0
DA:11,0
DA:12,0
DA:13,0
DA:15,0
DA:16,0
DA:22,0
DA:23,0
DA:24,0
DA:26,0
DA:28,0
DA:29,0
DA:35,0
DA:36,0
DA:40,0
DA:41,0
DA:44,0
DA:45,0
DA:48,0
DA:54,0
DA:60,0
DA:73,0
DA:82,0
DA:84,0
DA:85,0
DA:86,0
DA:88,0
DA:92,0
DA:97,0
DA:102,0
DA:103,0
DA:106,0
DA:107,0
DA:108,0
DA:111,0
DA:112,0
DA:115,0
DA:117,0
DA:120,0
DA:122,0
DA:124,0
DA:125,0
DA:131,0
DA:132,0
DA:134,0
DA:140,0
DA:141,0
DA:144,0
DA:145,0
DA:146,0
DA:147,0
DA:151,0
DA:152,0
DA:154,0
DA:161,0
DA:162,0
DA:163,0
DA:165,0
DA:172,0
DA:173,0
DA:175,0
DA:176,0
DA:177,0
DA:180,0
DA:181,0
DA:184,0
DA:186,0
DA:188,0
DA:189,0
DA:191,0
DA:193,0
DA:200,0
DA:201,0
DA:207,0
DA:208,0
DA:209,0
DA:210,0
DA:213,0
DA:247,0
DA:251,0
DA:252,0
DA:253,0
DA:258,0
LF:84
LH:0
BRDA:24,0,0,0
BRDA:24,0,1,0
BRDA:35,1,0,0
BRDA:35,1,1,0
BRDA:35,2,0,0
BRDA:35,2,1,0
BRDA:40,3,0,0
BRDA:40,3,1,0
BRDA:40,4,0,0
BRDA:40,4,1,0
BRDA:44,5,0,0
BRDA:44,5,1,0
BRDA:44,6,0,0
BRDA:44,6,1,0
BRDA:55,7,0,0
BRDA:55,7,1,0
BRDA:56,8,0,0
BRDA:56,8,1,0
BRDA:57,9,0,0
BRDA:57,9,1,0
BRDA:59,10,0,0
BRDA:59,10,1,0
BRDA:60,11,0,0
BRDA:60,11,1,0
BRDA:61,12,0,0
BRDA:61,12,1,0
BRDA:62,13,0,0
BRDA:62,13,1,0
BRDA:63,14,0,0
BRDA:63,14,1,0
BRDA:67,15,0,0
BRDA:67,15,1,0
BRDA:69,16,0,0
BRDA:69,16,1,0
BRDA:76,17,0,0
BRDA:76,17,1,0
BRDA:77,18,0,0
BRDA:77,18,1,0
BRDA:78,19,0,0
BRDA:78,19,1,0
BRDA:84,20,0,0
BRDA:84,20,1,0
BRDA:102,21,0,0
BRDA:102,21,1,0
BRDA:107,22,0,0
BRDA:107,22,1,0
BRDA:111,23,0,0
BRDA:111,23,1,0
BRDA:140,24,0,0
BRDA:140,24,1,0
BRDA:145,25,0,0
BRDA:145,25,1,0
BRDA:145,26,0,0
BRDA:145,26,1,0
BRDA:162,27,0,0
BRDA:162,27,1,0
BRDA:176,28,0,0
BRDA:176,28,1,0
BRDA:180,29,0,0
BRDA:180,29,1,0
BRDA:208,30,0,0
BRDA:208,30,1,0
BRDA:252,31,0,0
BRDA:252,31,1,0
BRF:64
BRH:0
end_of_record
